Log file open, 03/12/24 22:24:22
LogWindows: Failed to load 'aqProf.dll' (GetLastError=126)
LogWindows: File 'aqProf.dll' does not exist
LogWindows: Failed to load 'VtuneApi.dll' (GetLastError=126)
LogWindows: File 'VtuneApi.dll' does not exist
LogWindows: Failed to load 'VtuneApi32e.dll' (GetLastError=126)
LogWindows: File 'VtuneApi32e.dll' does not exist
LogConsoleResponse: Display: Failed to find resolution value strings in scalability ini. Falling back to default.
LogConsoleResponse: Display: Failed to find resolution value strings in scalability ini. Falling back to default.
LogPakFile: Display: Found Pak file ../../../Cgame/Content/Paks/Cgame-WindowsNoEditor.pak attempting to mount.
LogPakFile: Display: Mounting pak file ../../../Cgame/Content/Paks/Cgame-WindowsNoEditor.pak.
LogPakFile: PakFile PrimaryIndexSize=31538
LogPakFile: PakFile PathHashIndexSize=48448
LogPakFile: PakFile FullDirectoryIndexSize=64959
LogShaderLibrary: Display: ShaderCodeLibraryPakFileMountedCallback: PakFile '../../../Cgame/Content/Paks/Cgame-WindowsNoEditor.pak' (chunk index -1, root '../../../') mounted
LogShaderLibrary: Display: ShaderCodeLibraryPakFileMountedCallback: pending pak file info (ChunkID:-1 Root:../../../ File:../../../Cgame/Content/Paks/Cgame-WindowsNoEditor.pak)
LogPakFile: OnPakFileMounted2Time == 0.000031
LogPlatformFile: Not using cached read wrapper
LogTaskGraph: Started task graph with 5 named threads and 47 total threads with 3 sets of task threads.
LogStats: Stats thread started at 0.070143
LogICUInternationalization: ICU TimeZone Detection - Raw Offset: +7:00, Platform Override: ''
LogInit: Display: Loading text-based GConfig....
LogPluginManager: Mounting plugin EnhancedInput
LogPluginManager: Mounting plugin Paper2D
LogPluginManager: Mounting plugin AISupport
LogPluginManager: Mounting plugin EnvironmentQueryEditor
LogPluginManager: Mounting plugin LightPropagationVolume
LogPluginManager: Mounting plugin CameraShakePreviewer
LogPluginManager: Mounting plugin GameplayCameras
LogPluginManager: Mounting plugin TemplateSequence
LogPluginManager: Mounting plugin LevelSequenceEditor
LogPluginManager: Mounting plugin OodleData
LogPluginManager: Mounting plugin OodleNetwork
LogPluginManager: Mounting plugin AnimationSharing
LogPluginManager: Mounting plugin SignificanceManager
LogPluginManager: Mounting plugin PixWinPlugin
LogPluginManager: Mounting plugin PluginUtils
LogPluginManager: Mounting plugin PropertyAccessEditor
LogPluginManager: Mounting plugin UObjectPlugin
LogPluginManager: Mounting plugin AssetManagerEditor
LogPluginManager: Mounting plugin FacialAnimation
LogPluginManager: Mounting plugin GeometryMode
LogPluginManager: Mounting plugin SpeedTreeImporter
LogPluginManager: Mounting plugin DatasmithContent
LogPluginManager: Mounting plugin VariantManagerContent
LogPluginManager: Mounting plugin AlembicImporter
LogPluginManager: Mounting plugin GeometryCache
LogPluginManager: Mounting plugin AutomationUtils
LogPluginManager: Mounting plugin ScreenshotTools
LogPluginManager: Mounting plugin BackChannel
LogPluginManager: Mounting plugin ChaosClothEditor
LogPluginManager: Mounting plugin ChaosCloth
LogPluginManager: Mounting plugin ChaosEditor
LogPluginManager: Mounting plugin PlanarCut
LogPluginManager: Mounting plugin GeometryProcessing
LogPluginManager: Mounting plugin EditableMesh
LogPluginManager: Mounting plugin GeometryCollectionPlugin
LogPluginManager: Mounting plugin ProceduralMeshComponent
LogPluginManager: Mounting plugin ChaosSolverPlugin
LogPluginManager: Mounting plugin ChaosNiagara
LogPluginManager: Mounting plugin Niagara
LogPluginManager: Mounting plugin PythonScriptPlugin
LogPluginManager: Mounting plugin CharacterAI
LogPluginManager: Mounting plugin MotoSynth
LogPluginManager: Mounting plugin OpenImageDenoise
LogPluginManager: Mounting plugin PlatformCrypto
LogPluginManager: Mounting plugin MagicLeapPassableWorld
LogPluginManager: Mounting plugin MagicLeap
LogPluginManager: Mounting plugin MLSDK
LogPluginManager: Mounting plugin MagicLeapLightEstimation
LogPluginManager: Mounting plugin AvfMedia
LogPluginManager: Mounting plugin ImgMedia
LogPluginManager: Mounting plugin MediaCompositing
LogPluginManager: Mounting plugin WmfMedia
LogPluginManager: Mounting plugin MeshPainting
LogPluginManager: Mounting plugin TcpMessaging
LogPluginManager: Mounting plugin UdpMessaging
LogPluginManager: Mounting plugin ActorSequence
LogPluginManager: Mounting plugin MatineeToLevelSequence
LogPluginManager: Mounting plugin OnlineSubsystemNull
LogPluginManager: Mounting plugin OnlineSubsystem
LogPluginManager: Mounting plugin OnlineSubsystemUtils
LogPluginManager: Mounting plugin LauncherChunkInstaller
LogPluginManager: Mounting plugin ActorLayerUtilities
LogPluginManager: Mounting plugin AndroidPermission
LogPluginManager: Mounting plugin AppleImageUtils
LogPluginManager: Mounting plugin ArchVisCharacter
LogPluginManager: Mounting plugin AssetTags
LogPluginManager: Mounting plugin AudioCapture
LogPluginManager: Mounting plugin CableComponent
LogPluginManager: Mounting plugin ChunkDownloader
LogPluginManager: Mounting plugin CustomMeshComponent
LogPluginManager: Mounting plugin ExampleDeviceProfileSelector
LogPluginManager: Mounting plugin GooglePAD
LogPluginManager: Mounting plugin LocationServicesBPLibrary
LogPluginManager: Mounting plugin MobilePatchingUtils
LogPluginManager: Mounting plugin OculusVR
LogPluginManager: Mounting plugin OpenXREyeTracker
LogPluginManager: Mounting plugin OpenXR
LogPluginManager: Mounting plugin OpenXRHandTracking
LogPluginManager: Mounting plugin LiveLink
LogPluginManager: Mounting plugin Takes
LogPluginManager: Mounting plugin PhysXVehicles
LogPluginManager: Mounting plugin RuntimePhysXCooking
LogPluginManager: Mounting plugin SoundFields
LogPluginManager: Mounting plugin SteamVR
LogPluginManager: Mounting plugin Synthesis
LogPluginManager: Mounting plugin AudioSynesthesia
LogPluginManager: Mounting plugin WebMMoviePlayer
LogPluginManager: Mounting plugin WebMMedia
LogPluginManager: Mounting plugin WindowsMoviePlayer
PixWinPlugin: PIX capture plugin failed to initialize! Check that the process is launched from PIX.
LogLuminAPIImpl: Warning: MLSDK not found.  This likely means the MLSDK environment variable is not set.
LogInit: Using libcurl 7.55.1-DEV
LogInit:  - built for x86_64-pc-win32
LogInit:  - supports SSL with OpenSSL/1.1.1
LogInit:  - supports HTTP deflate (compression) using libz 1.2.8
LogInit:  - other features:
LogInit:      CURL_VERSION_SSL
LogInit:      CURL_VERSION_LIBZ
LogInit:      CURL_VERSION_IPV6
LogInit:      CURL_VERSION_ASYNCHDNS
LogInit:      CURL_VERSION_LARGEFILE
LogInit:      CURL_VERSION_IDN
LogInit:  CurlRequestOptions (configurable via config and command line):
LogInit:  - bVerifyPeer = true  - Libcurl will verify peer certificate
LogInit:  - bUseHttpProxy = false  - Libcurl will NOT use HTTP proxy
LogInit:  - bDontReuseConnections = false  - Libcurl will reuse connections
LogInit:  - MaxHostConnections = 16  - Libcurl will limit the number of connections to a host
LogInit:  - LocalHostAddr = Default
LogInit:  - BufferSize = 65536
LogOnline: OSS: Creating online subsystem instance for: Null
LogInit: WinSock: version 1.1 (2.2), MaxSocks=32767, MaxUdp=65467
LogOnline: OSS: TryLoadSubsystemAndSetDefault: Loaded subsystem for module [Null]
LogOculusPluginWrapper: OculusPlugin initialized successfully
LogHMD: Failed initializing OVRPlugin 1.59.0
LogInit: Build: ++UE4+Release-4.27-CL-18319896
LogInit: Engine Version: 4.27.2-18319896+++UE4+Release-4.27
LogInit: Compatible Engine Version: 4.27.0-17155196+++UE4+Release-4.27
LogInit: Net CL: 17155196
LogInit: OS: Windows 10 (Release 2009) (), CPU: AMD Ryzen 7 5800X 8-Core Processor             , GPU: NVIDIA GeForce RTX 3060 Ti
LogInit: Compiled (64-bit): Nov 30 2021 07:26:28
LogInit: Compiled with Visual C++: 19.16.27032.01
LogInit: Build Configuration: Development
LogInit: Branch Name: ++UE4+Release-4.27
LogInit: Command Line: 
LogInit: Base Directory: D:/Software en work/C++/Cpp-GameDev/Packaged/WindowsNoEditor/Cgame/Binaries/Win64/
LogInit: Allocator: binned2
LogInit: Installed Engine Build: 0
LogDevObjectVersion: Number of dev versions registered: 29
LogDevObjectVersion:   Dev-Blueprints (B0D832E4-1F89-4F0D-ACCF-7EB736FD4AA2): 10
LogDevObjectVersion:   Dev-Build (E1C64328-A22C-4D53-A36C-8E866417BD8C): 0
LogDevObjectVersion:   Dev-Core (375EC13C-06E4-48FB-B500-84F0262A717E): 4
LogDevObjectVersion:   Dev-Editor (E4B068ED-F494-42E9-A231-DA0B2E46BB41): 40
LogDevObjectVersion:   Dev-Framework (CFFC743F-43B0-4480-9391-14DF171D2073): 37
LogDevObjectVersion:   Dev-Mobile (B02B49B5-BB20-44E9-A304-32B752E40360): 3
LogDevObjectVersion:   Dev-Networking (A4E4105C-59A1-49B5-A7C5-40C4547EDFEE): 0
LogDevObjectVersion:   Dev-Online (39C831C9-5AE6-47DC-9A44-9C173E1C8E7C): 0
LogDevObjectVersion:   Dev-Physics (78F01B33-EBEA-4F98-B9B4-84EACCB95AA2): 14
LogDevObjectVersion:   Dev-Platform (6631380F-2D4D-43E0-8009-CF276956A95A): 0
LogDevObjectVersion:   Dev-Rendering (12F88B9F-8875-4AFC-A67C-D90C383ABD29): 45
LogDevObjectVersion:   Dev-Sequencer (7B5AE74C-D270-4C10-A958-57980B212A5A): 13
LogDevObjectVersion:   Dev-VR (D7296918-1DD6-4BDD-9DE2-64A83CC13884): 3
LogDevObjectVersion:   Dev-LoadTimes (C2A15278-BFE7-4AFE-6C17-90FF531DF755): 1
LogDevObjectVersion:   Private-Geometry (6EACA3D4-40EC-4CC1-B786-8BED09428FC5): 3
LogDevObjectVersion:   Dev-AnimPhys (29E575DD-E0A3-4627-9D10-D276232CDCEA): 17
LogDevObjectVersion:   Dev-Anim (AF43A65D-7FD3-4947-9873-3E8ED9C1BB05): 15
LogDevObjectVersion:   Dev-ReflectionCapture (6B266CEC-1EC7-4B8F-A30B-E4D90942FC07): 1
LogDevObjectVersion:   Dev-Automation (0DF73D61-A23F-47EA-B727-89E90C41499A): 1
LogDevObjectVersion:   FortniteMain (601D1886-AC64-4F84-AA16-D3DE0DEAC7D6): 47
LogDevObjectVersion:   FortniteRelease (E7086368-6B23-4C58-8439-1B7016265E91): 1
LogDevObjectVersion:   Dev-Enterprise (9DFFBCD6-494F-0158-E221-12823C92A888): 10
LogDevObjectVersion:   Dev-Niagara (F2AED0AC-9AFE-416F-8664-AA7FFA26D6FC): 1
LogDevObjectVersion:   Dev-Destruction (174F1F0B-B4C6-45A5-B13F-2EE8D0FB917D): 10
LogDevObjectVersion:   Dev-Physics-Ext (35F94A83-E258-406C-A318-09F59610247C): 41
LogDevObjectVersion:   Dev-PhysicsMaterial-Chaos (B68FC16E-8B1B-42E2-B453-215C058844FE): 1
LogDevObjectVersion:   Dev-CineCamera (B2E18506-4273-CFC2-A54E-F4BB758BBA07): 1
LogDevObjectVersion:   Dev-VirtualProduction (64F58936-FD1B-42BA-BA96-7289D5D0FA4E): 1
LogDevObjectVersion:   Dev-MediaFramework (6F0ED827-A609-4895-9C91-998D90180EA4): 2
LogInit: Presizing for max 2097152 objects, including 1 objects not considered by GC, pre-allocating 0 bytes for permanent pool.
LogConfig: Applying CVar settings from Section [/Script/Engine.StreamingSettings] File [../../../Cgame/Saved/Config/WindowsNoEditor/Engine.ini]
LogConfig: Setting CVar [[s.MinBulkDataSizeForAsyncLoading:131072]]
LogConfig: Setting CVar [[s.AsyncLoadingThreadEnabled:0]]
LogConfig: Setting CVar [[s.EventDrivenLoaderEnabled:1]]
LogConfig: Setting CVar [[s.WarnIfTimeLimitExceeded:0]]
LogConfig: Setting CVar [[s.TimeLimitExceededMultiplier:1.5]]
LogConfig: Setting CVar [[s.TimeLimitExceededMinTime:0.005]]
LogConfig: Setting CVar [[s.UseBackgroundLevelStreaming:1]]
LogConfig: Setting CVar [[s.PriorityAsyncLoadingExtraTime:15.0]]
LogConfig: Setting CVar [[s.LevelStreamingActorsUpdateTimeLimit:5.0]]
LogConfig: Setting CVar [[s.PriorityLevelStreamingActorsUpdateExtraTime:5.0]]
LogConfig: Setting CVar [[s.LevelStreamingComponentsRegistrationGranularity:10]]
LogConfig: Setting CVar [[s.UnregisterComponentsTimeLimit:1.0]]
LogConfig: Setting CVar [[s.LevelStreamingComponentsUnregistrationGranularity:5]]
LogConfig: Setting CVar [[s.FlushStreamingOnExit:1]]
LogStreaming: Display: Async Loading initialized: Event Driven Loader: true, Async Loading Thread: false, Async Post Load: true
LogInit: Object subsystem initialized
LogConfig: Setting CVar [[con.DebugEarlyDefault:1]]
LogConfig: Setting CVar [[r.setres:1280x720]]
LogConfig: Setting CVar [[fx.NiagaraAllowRuntimeScalabilityChanges:1]]
[2024.03.12-15.24.22:624][  0]LogConfig: Setting CVar [[con.DebugEarlyDefault:1]]
[2024.03.12-15.24.22:625][  0]LogConfig: Setting CVar [[r.setres:1280x720]]
[2024.03.12-15.24.22:625][  0]LogConfig: Setting CVar [[fx.NiagaraAllowRuntimeScalabilityChanges:1]]
[2024.03.12-15.24.22:625][  0]LogConfig: Applying CVar settings from Section [/Script/Engine.RendererSettings] File [../../../Cgame/Saved/Config/WindowsNoEditor/Engine.ini]
[2024.03.12-15.24.22:625][  0]LogConfig: Setting CVar [[r.GPUCrashDebugging:0]]
[2024.03.12-15.24.22:625][  0]LogConfig: Setting CVar [[r.Mobile.DisableVertexFog:1]]
[2024.03.12-15.24.22:625][  0]LogConfig: Setting CVar [[r.Shadow.CSM.MaxMobileCascades:2]]
[2024.03.12-15.24.22:625][  0]LogConfig: Setting CVar [[r.MobileMSAA:1]]
[2024.03.12-15.24.22:625][  0]LogConfig: Setting CVar [[r.Mobile.AllowDitheredLODTransition:0]]
[2024.03.12-15.24.22:625][  0]LogConfig: Setting CVar [[r.Mobile.AllowSoftwareOcclusion:0]]
[2024.03.12-15.24.22:625][  0]LogConfig: Setting CVar [[r.Mobile.VirtualTextures:0]]
[2024.03.12-15.24.22:625][  0]LogConfig: Setting CVar [[r.DiscardUnusedQuality:0]]
[2024.03.12-15.24.22:625][  0]LogConfig: Setting CVar [[r.AllowOcclusionQueries:1]]
[2024.03.12-15.24.22:625][  0]LogConfig: Setting CVar [[r.MinScreenRadiusForLights:0.030000]]
[2024.03.12-15.24.22:625][  0]LogConfig: Setting CVar [[r.MinScreenRadiusForDepthPrepass:0.030000]]
[2024.03.12-15.24.22:625][  0]LogConfig: Setting CVar [[r.MinScreenRadiusForCSMDepth:0.010000]]
[2024.03.12-15.24.22:625][  0]LogConfig: Setting CVar [[r.PrecomputedVisibilityWarning:0]]
[2024.03.12-15.24.22:625][  0]LogConfig: Setting CVar [[r.TextureStreaming:1]]
[2024.03.12-15.24.22:625][  0]LogConfig: Setting CVar [[Compat.UseDXT5NormalMaps:0]]
[2024.03.12-15.24.22:625][  0]LogConfig: Setting CVar [[r.VirtualTextures:0]]
[2024.03.12-15.24.22:625][  0]LogConfig: Setting CVar [[r.VT.EnableAutoImport:1]]
[2024.03.12-15.24.22:625][  0]LogConfig: Setting CVar [[r.VirtualTexturedLightmaps:0]]
[2024.03.12-15.24.22:625][  0]LogConfig: Setting CVar [[r.VT.TileSize:128]]
[2024.03.12-15.24.22:625][  0]LogConfig: Setting CVar [[r.VT.TileBorderSize:4]]
[2024.03.12-15.24.22:625][  0]LogConfig: Setting CVar [[r.vt.FeedbackFactor:16]]
[2024.03.12-15.24.22:625][  0]LogConfig: Setting CVar [[r.VT.EnableCompressZlib:1]]
[2024.03.12-15.24.22:625][  0]LogConfig: Setting CVar [[r.VT.EnableCompressCrunch:0]]
[2024.03.12-15.24.22:625][  0]LogConfig: Setting CVar [[r.ClearCoatNormal:0]]
[2024.03.12-15.24.22:625][  0]LogConfig: Setting CVar [[r.ReflectionCaptureResolution:128]]
[2024.03.12-15.24.22:625][  0]LogConfig: Setting CVar [[r.Mobile.ReflectionCaptureCompression:0]]
[2024.03.12-15.24.22:625][  0]LogConfig: Setting CVar [[r.ReflectionEnvironmentLightmapMixBasedOnRoughness:1]]
[2024.03.12-15.24.22:625][  0]LogConfig: Setting CVar [[r.ForwardShading:0]]
[2024.03.12-15.24.22:625][  0]LogConfig: Setting CVar [[r.VertexFoggingForOpaque:1]]
[2024.03.12-15.24.22:625][  0]LogConfig: Setting CVar [[r.AllowStaticLighting:1]]
[2024.03.12-15.24.22:625][  0]LogConfig: Setting CVar [[r.NormalMapsForStaticLighting:0]]
[2024.03.12-15.24.22:625][  0]LogConfig: Setting CVar [[r.GenerateMeshDistanceFields:0]]
[2024.03.12-15.24.22:625][  0]LogConfig: Setting CVar [[r.DistanceFieldBuild.EightBit:0]]
[2024.03.12-15.24.22:625][  0]LogConfig: Setting CVar [[r.GenerateLandscapeGIData:0]]
[2024.03.12-15.24.22:625][  0]LogConfig: Setting CVar [[r.DistanceFieldBuild.Compress:0]]
[2024.03.12-15.24.22:625][  0]LogConfig: Setting CVar [[r.TessellationAdaptivePixelsPerTriangle:48.000000]]
[2024.03.12-15.24.22:625][  0]LogConfig: Setting CVar [[r.SeparateTranslucency:1]]
[2024.03.12-15.24.22:625][  0]LogConfig: Setting CVar [[r.TranslucentSortPolicy:0]]
[2024.03.12-15.24.22:625][  0]LogConfig: Setting CVar [[vr.VRS.HMDFixedFoveationLevel:0]]
[2024.03.12-15.24.22:625][  0]LogConfig: Setting CVar [[r.CustomDepth:1]]
[2024.03.12-15.24.22:625][  0]LogConfig: Setting CVar [[r.CustomDepthTemporalAAJitter:1]]
[2024.03.12-15.24.22:625][  0]LogConfig: Setting CVar [[r.PostProcessing.PropagateAlpha:0]]
[2024.03.12-15.24.22:625][  0]LogConfig: Setting CVar [[r.DefaultFeature.Bloom:1]]
[2024.03.12-15.24.22:625][  0]LogConfig: Setting CVar [[r.DefaultFeature.AmbientOcclusion:1]]
[2024.03.12-15.24.22:625][  0]LogConfig: Setting CVar [[r.DefaultFeature.AmbientOcclusionStaticFraction:1]]
[2024.03.12-15.24.22:625][  0]LogConfig: Setting CVar [[r.DefaultFeature.AutoExposure:0]]
[2024.03.12-15.24.22:625][  0]LogConfig: Setting CVar [[r.DefaultFeature.AutoExposure.Method:0]]
[2024.03.12-15.24.22:625][  0]LogConfig: Setting CVar [[r.DefaultFeature.AutoExposure.Bias:1.000000]]
[2024.03.12-15.24.22:625][  0]LogConfig: Setting CVar [[r.DefaultFeature.AutoExposure.ExtendDefaultLuminanceRange:0]]
[2024.03.12-15.24.22:625][  0]LogConfig: Setting CVar [[r.UsePreExposure:1]]
[2024.03.12-15.24.22:625][  0]LogConfig: Setting CVar [[r.EyeAdaptation.EditorOnly:0]]
[2024.03.12-15.24.22:625][  0]LogConfig: Setting CVar [[r.DefaultFeature.MotionBlur:0]]
[2024.03.12-15.24.22:625][  0]LogConfig: Setting CVar [[r.DefaultFeature.LensFlare:0]]
[2024.03.12-15.24.22:625][  0]LogConfig: Setting CVar [[r.TemporalAA.Upsampling:0]]
[2024.03.12-15.24.22:625][  0]LogConfig: Setting CVar [[r.SSGI.Enable:0]]
[2024.03.12-15.24.22:625][  0]LogConfig: Setting CVar [[r.DefaultFeature.AntiAliasing:0]]
[2024.03.12-15.24.22:625][  0]LogConfig: Setting CVar [[r.DefaultFeature.LightUnits:1]]
[2024.03.12-15.24.22:625][  0]LogConfig: Setting CVar [[r.DefaultBackBufferPixelFormat:4]]
[2024.03.12-15.24.22:625][  0]LogConfig: Setting CVar [[r.Shadow.UnbuiltPreviewInGame:1]]
[2024.03.12-15.24.22:625][  0]LogConfig: Setting CVar [[r.StencilForLODDither:0]]
[2024.03.12-15.24.22:625][  0]LogConfig: Setting CVar [[r.EarlyZPass:3]]
[2024.03.12-15.24.22:625][  0]LogConfig: Setting CVar [[r.EarlyZPassOnlyMaterialMasking:0]]
[2024.03.12-15.24.22:625][  0]LogConfig: Setting CVar [[r.DBuffer:1]]
[2024.03.12-15.24.22:625][  0]LogConfig: Setting CVar [[r.ClearSceneMethod:1]]
[2024.03.12-15.24.22:625][  0]LogConfig: Setting CVar [[r.BasePassOutputsVelocity:0]]
[2024.03.12-15.24.22:625][  0]LogConfig: Setting CVar [[r.VertexDeformationOutputsVelocity:0]]
[2024.03.12-15.24.22:625][  0]LogConfig: Setting CVar [[r.SelectiveBasePassOutputs:0]]
[2024.03.12-15.24.22:625][  0]LogConfig: Setting CVar [[fx.GPUSimulationTextureSizeX:1024]]
[2024.03.12-15.24.22:625][  0]LogConfig: Setting CVar [[fx.GPUSimulationTextureSizeY:1024]]
[2024.03.12-15.24.22:625][  0]LogConfig: Setting CVar [[r.AllowGlobalClipPlane:0]]
[2024.03.12-15.24.22:625][  0]LogConfig: Setting CVar [[r.GBufferFormat:1]]
[2024.03.12-15.24.22:625][  0]LogConfig: Setting CVar [[r.MorphTarget.Mode:1]]
[2024.03.12-15.24.22:625][  0]LogConfig: Setting CVar [[vr.InstancedStereo:0]]
[2024.03.12-15.24.22:625][  0]LogConfig: Setting CVar [[r.MobileHDR:1]]
[2024.03.12-15.24.22:625][  0]LogConfig: Setting CVar [[vr.MobileMultiView:0]]
[2024.03.12-15.24.22:625][  0]LogConfig: Setting CVar [[r.Mobile.UseHWsRGBEncoding:0]]
[2024.03.12-15.24.22:625][  0]LogConfig: Setting CVar [[vr.RoundRobinOcclusion:0]]
[2024.03.12-15.24.22:625][  0]LogConfig: Setting CVar [[vr.ODSCapture:0]]
[2024.03.12-15.24.22:625][  0]LogConfig: Setting CVar [[r.MeshStreaming:0]]
[2024.03.12-15.24.22:625][  0]LogConfig: Setting CVar [[r.WireframeCullThreshold:5.000000]]
[2024.03.12-15.24.22:625][  0]LogConfig: Setting CVar [[r.RayTracing:0]]
[2024.03.12-15.24.22:625][  0]LogConfig: Setting CVar [[r.RayTracing.UseTextureLod:0]]
[2024.03.12-15.24.22:625][  0]LogConfig: Setting CVar [[r.SupportStationarySkylight:1]]
[2024.03.12-15.24.22:625][  0]LogConfig: Setting CVar [[r.SupportLowQualityLightmaps:1]]
[2024.03.12-15.24.22:625][  0]LogConfig: Setting CVar [[r.SupportPointLightWholeSceneShadows:1]]
[2024.03.12-15.24.22:625][  0]LogConfig: Setting CVar [[r.SupportAtmosphericFog:1]]
[2024.03.12-15.24.22:625][  0]LogConfig: Setting CVar [[r.SupportSkyAtmosphere:1]]
[2024.03.12-15.24.22:625][  0]LogConfig: Setting CVar [[r.SupportSkyAtmosphereAffectsHeightFog:0]]
[2024.03.12-15.24.22:625][  0]LogConfig: Setting CVar [[r.SkinCache.CompileShaders:0]]
[2024.03.12-15.24.22:625][  0]LogConfig: Setting CVar [[r.SkinCache.DefaultBehavior:1]]
[2024.03.12-15.24.22:625][  0]LogConfig: Setting CVar [[r.SkinCache.SceneMemoryLimitInMB:128.000000]]
[2024.03.12-15.24.22:625][  0]LogConfig: Setting CVar [[r.Mobile.EnableStaticAndCSMShadowReceivers:1]]
[2024.03.12-15.24.22:625][  0]LogConfig: Setting CVar [[r.Mobile.EnableMovableLightCSMShaderCulling:1]]
[2024.03.12-15.24.22:625][  0]LogConfig: Setting CVar [[r.Mobile.AllowDistanceFieldShadows:1]]
[2024.03.12-15.24.22:625][  0]LogConfig: Setting CVar [[r.Mobile.AllowMovableDirectionalLights:1]]
[2024.03.12-15.24.22:625][  0]LogConfig: Setting CVar [[r.MobileNumDynamicPointLights:4]]
[2024.03.12-15.24.22:625][  0]LogConfig: Setting CVar [[r.MobileDynamicPointLightsUseStaticBranch:1]]
[2024.03.12-15.24.22:625][  0]LogConfig: Setting CVar [[r.Mobile.EnableMovableSpotlights:0]]
[2024.03.12-15.24.22:625][  0]LogConfig: Setting CVar [[r.Mobile.EnableMovableSpotlightsShadow:0]]
[2024.03.12-15.24.22:625][  0]LogConfig: Setting CVar [[r.GPUSkin.Support16BitBoneIndex:0]]
[2024.03.12-15.24.22:625][  0]LogConfig: Setting CVar [[r.GPUSkin.Limit2BoneInfluences:0]]
[2024.03.12-15.24.22:625][  0]LogConfig: Setting CVar [[r.SupportDepthOnlyIndexBuffers:1]]
[2024.03.12-15.24.22:625][  0]LogConfig: Setting CVar [[r.SupportReversedIndexBuffers:1]]
[2024.03.12-15.24.22:625][  0]LogConfig: Setting CVar [[r.LightPropagationVolume:0]]
[2024.03.12-15.24.22:625][  0]LogConfig: Setting CVar [[r.Mobile.AmbientOcclusion:0]]
[2024.03.12-15.24.22:626][  0]LogConfig: Setting CVar [[r.GPUSkin.UnlimitedBoneInfluences:0]]
[2024.03.12-15.24.22:626][  0]LogConfig: Setting CVar [[r.GPUSkin.UnlimitedBoneInfluencesThreshold:8]]
[2024.03.12-15.24.22:626][  0]LogConfig: Setting CVar [[r.Mobile.PlanarReflectionMode:0]]
[2024.03.12-15.24.22:626][  0]LogConfig: Setting CVar [[r.Mobile.SupportsGen4TAA:0]]
[2024.03.12-15.24.22:626][  0]LogConfig: Applying CVar settings from Section [/Script/Engine.RendererOverrideSettings] File [../../../Cgame/Saved/Config/WindowsNoEditor/Engine.ini]
[2024.03.12-15.24.22:626][  0]LogConfig: Applying CVar settings from Section [/Script/Engine.StreamingSettings] File [../../../Cgame/Saved/Config/WindowsNoEditor/Engine.ini]
[2024.03.12-15.24.22:626][  0]LogConfig: Setting CVar [[s.MinBulkDataSizeForAsyncLoading:131072]]
[2024.03.12-15.24.22:626][  0]LogConfig: Setting CVar [[s.AsyncLoadingThreadEnabled:0]]
[2024.03.12-15.24.22:626][  0]LogConfig: Setting CVar [[s.EventDrivenLoaderEnabled:1]]
[2024.03.12-15.24.22:626][  0]LogConfig: Setting CVar [[s.WarnIfTimeLimitExceeded:0]]
[2024.03.12-15.24.22:626][  0]LogConfig: Setting CVar [[s.TimeLimitExceededMultiplier:1.5]]
[2024.03.12-15.24.22:626][  0]LogConfig: Setting CVar [[s.TimeLimitExceededMinTime:0.005]]
[2024.03.12-15.24.22:626][  0]LogConfig: Setting CVar [[s.UseBackgroundLevelStreaming:1]]
[2024.03.12-15.24.22:626][  0]LogConfig: Setting CVar [[s.PriorityAsyncLoadingExtraTime:15.0]]
[2024.03.12-15.24.22:626][  0]LogConfig: Setting CVar [[s.LevelStreamingActorsUpdateTimeLimit:5.0]]
[2024.03.12-15.24.22:626][  0]LogConfig: Setting CVar [[s.PriorityLevelStreamingActorsUpdateExtraTime:5.0]]
[2024.03.12-15.24.22:626][  0]LogConfig: Setting CVar [[s.LevelStreamingComponentsRegistrationGranularity:10]]
[2024.03.12-15.24.22:626][  0]LogConfig: Setting CVar [[s.UnregisterComponentsTimeLimit:1.0]]
[2024.03.12-15.24.22:626][  0]LogConfig: Setting CVar [[s.LevelStreamingComponentsUnregistrationGranularity:5]]
[2024.03.12-15.24.22:626][  0]LogConfig: Setting CVar [[s.FlushStreamingOnExit:1]]
[2024.03.12-15.24.22:626][  0]LogConfig: Applying CVar settings from Section [/Script/Engine.GarbageCollectionSettings] File [../../../Cgame/Saved/Config/WindowsNoEditor/Engine.ini]
[2024.03.12-15.24.22:626][  0]LogConfig: Setting CVar [[gc.MaxObjectsNotConsideredByGC:1]]
[2024.03.12-15.24.22:626][  0]LogConfig: Setting CVar [[gc.SizeOfPermanentObjectPool:0]]
[2024.03.12-15.24.22:626][  0]LogConfig: Setting CVar [[gc.FlushStreamingOnGC:0]]
[2024.03.12-15.24.22:626][  0]LogConfig: Setting CVar [[gc.NumRetriesBeforeForcingGC:10]]
[2024.03.12-15.24.22:626][  0]LogConfig: Setting CVar [[gc.AllowParallelGC:1]]
[2024.03.12-15.24.22:626][  0]LogConfig: Setting CVar [[gc.TimeBetweenPurgingPendingKillObjects:61.1]]
[2024.03.12-15.24.22:626][  0]LogConfig: Setting CVar [[gc.MaxObjectsInEditor:25165824]]
[2024.03.12-15.24.22:626][  0]LogConfig: Setting CVar [[gc.IncrementalBeginDestroyEnabled:1]]
[2024.03.12-15.24.22:626][  0]LogConfig: Setting CVar [[gc.CreateGCClusters:1]]
[2024.03.12-15.24.22:626][  0]LogConfig: Setting CVar [[gc.MinGCClusterSize:5]]
[2024.03.12-15.24.22:626][  0]LogConfig: Setting CVar [[gc.ActorClusteringEnabled:0]]
[2024.03.12-15.24.22:626][  0]LogConfig: Setting CVar [[gc.BlueprintClusteringEnabled:0]]
[2024.03.12-15.24.22:626][  0]LogConfig: Setting CVar [[gc.UseDisregardForGCOnDedicatedServers:0]]
[2024.03.12-15.24.22:626][  0]LogConfig: Setting CVar [[gc.MultithreadedDestructionEnabled:1]]
[2024.03.12-15.24.22:626][  0]LogConfig: Applying CVar settings from Section [/Script/Engine.NetworkSettings] File [../../../Cgame/Saved/Config/WindowsNoEditor/Engine.ini]
[2024.03.12-15.24.22:651][  0]LogConfig: Applying CVar settings from Section [ViewDistanceQuality@3] File [../../../Cgame/Saved/Config/WindowsNoEditor/Scalability.ini]
[2024.03.12-15.24.22:651][  0]LogConfig: Setting CVar [[r.SkeletalMeshLODBias:0]]
[2024.03.12-15.24.22:651][  0]LogConfig: Setting CVar [[r.ViewDistanceScale:1.0]]
[2024.03.12-15.24.22:651][  0]LogConfig: Applying CVar settings from Section [AntiAliasingQuality@3] File [../../../Cgame/Saved/Config/WindowsNoEditor/Scalability.ini]
[2024.03.12-15.24.22:651][  0]LogConfig: Setting CVar [[r.PostProcessAAQuality:4]]
[2024.03.12-15.24.22:651][  0]LogConfig: Applying CVar settings from Section [ShadowQuality@3] File [../../../Cgame/Saved/Config/WindowsNoEditor/Scalability.ini]
[2024.03.12-15.24.22:651][  0]LogConfig: Setting CVar [[r.LightFunctionQuality:1]]
[2024.03.12-15.24.22:651][  0]LogConfig: Setting CVar [[r.ShadowQuality:5]]
[2024.03.12-15.24.22:651][  0]LogConfig: Setting CVar [[r.Shadow.CSM.MaxCascades:10]]
[2024.03.12-15.24.22:651][  0]LogConfig: Setting CVar [[r.Shadow.MaxResolution:2048]]
[2024.03.12-15.24.22:651][  0]LogConfig: Setting CVar [[r.Shadow.MaxCSMResolution:2048]]
[2024.03.12-15.24.22:651][  0]LogConfig: Setting CVar [[r.Shadow.RadiusThreshold:0.01]]
[2024.03.12-15.24.22:651][  0]LogConfig: Setting CVar [[r.Shadow.DistanceScale:1.0]]
[2024.03.12-15.24.22:651][  0]LogConfig: Setting CVar [[r.Shadow.CSM.TransitionScale:1.0]]
[2024.03.12-15.24.22:651][  0]LogConfig: Setting CVar [[r.Shadow.PreShadowResolutionFactor:1.0]]
[2024.03.12-15.24.22:651][  0]LogConfig: Setting CVar [[r.DistanceFieldShadowing:1]]
[2024.03.12-15.24.22:651][  0]LogConfig: Setting CVar [[r.DistanceFieldAO:1]]
[2024.03.12-15.24.22:651][  0]LogConfig: Setting CVar [[r.AOQuality:2]]
[2024.03.12-15.24.22:651][  0]LogConfig: Setting CVar [[r.VolumetricFog:1]]
[2024.03.12-15.24.22:651][  0]LogConfig: Setting CVar [[r.VolumetricFog.GridPixelSize:8]]
[2024.03.12-15.24.22:651][  0]LogConfig: Setting CVar [[r.VolumetricFog.GridSizeZ:128]]
[2024.03.12-15.24.22:651][  0]LogConfig: Setting CVar [[r.VolumetricFog.HistoryMissSupersampleCount:4]]
[2024.03.12-15.24.22:651][  0]LogConfig: Setting CVar [[r.LightMaxDrawDistanceScale:1]]
[2024.03.12-15.24.22:651][  0]LogConfig: Setting CVar [[r.CapsuleShadows:1]]
[2024.03.12-15.24.22:651][  0]LogConfig: Applying CVar settings from Section [PostProcessQuality@3] File [../../../Cgame/Saved/Config/WindowsNoEditor/Scalability.ini]
[2024.03.12-15.24.22:651][  0]LogConfig: Setting CVar [[r.MotionBlurQuality:4]]
[2024.03.12-15.24.22:651][  0]LogConfig: Setting CVar [[r.AmbientOcclusionMipLevelFactor:0.4]]
[2024.03.12-15.24.22:651][  0]LogConfig: Setting CVar [[r.AmbientOcclusionMaxQuality:100]]
[2024.03.12-15.24.22:651][  0]LogConfig: Setting CVar [[r.AmbientOcclusionLevels:-1]]
[2024.03.12-15.24.22:651][  0]LogConfig: Setting CVar [[r.AmbientOcclusionRadiusScale:1.0]]
[2024.03.12-15.24.22:651][  0]LogConfig: Setting CVar [[r.DepthOfFieldQuality:2]]
[2024.03.12-15.24.22:651][  0]LogConfig: Setting CVar [[r.RenderTargetPoolMin:400]]
[2024.03.12-15.24.22:651][  0]LogConfig: Setting CVar [[r.LensFlareQuality:2]]
[2024.03.12-15.24.22:651][  0]LogConfig: Setting CVar [[r.SceneColorFringeQuality:1]]
[2024.03.12-15.24.22:651][  0]LogConfig: Setting CVar [[r.EyeAdaptationQuality:2]]
[2024.03.12-15.24.22:651][  0]LogConfig: Setting CVar [[r.BloomQuality:5]]
[2024.03.12-15.24.22:651][  0]LogConfig: Setting CVar [[r.FastBlurThreshold:100]]
[2024.03.12-15.24.22:651][  0]LogConfig: Setting CVar [[r.Upscale.Quality:3]]
[2024.03.12-15.24.22:651][  0]LogConfig: Setting CVar [[r.Tonemapper.GrainQuantization:1]]
[2024.03.12-15.24.22:651][  0]LogConfig: Setting CVar [[r.LightShaftQuality:1]]
[2024.03.12-15.24.22:651][  0]LogConfig: Setting CVar [[r.Filter.SizeScale:1]]
[2024.03.12-15.24.22:651][  0]LogConfig: Setting CVar [[r.Tonemapper.Quality:5]]
[2024.03.12-15.24.22:651][  0]LogConfig: Setting CVar [[r.DOF.Gather.AccumulatorQuality:1        ; higher gathering accumulator quality]]
[2024.03.12-15.24.22:651][  0]LogConfig: Setting CVar [[r.DOF.Gather.PostfilterMethod:1          ; Median3x3 postfilering method]]
[2024.03.12-15.24.22:651][  0]LogConfig: Setting CVar [[r.DOF.Gather.EnableBokehSettings:0       ; no bokeh simulation when gathering]]
[2024.03.12-15.24.22:651][  0]LogConfig: Setting CVar [[r.DOF.Gather.RingCount:4                 ; medium number of samples when gathering]]
[2024.03.12-15.24.22:651][  0]LogConfig: Setting CVar [[r.DOF.Scatter.ForegroundCompositing:1    ; additive foreground scattering]]
[2024.03.12-15.24.22:651][  0]LogConfig: Setting CVar [[r.DOF.Scatter.BackgroundCompositing:2    ; additive background scattering]]
[2024.03.12-15.24.22:651][  0]LogConfig: Setting CVar [[r.DOF.Scatter.EnableBokehSettings:1      ; bokeh simulation when scattering]]
[2024.03.12-15.24.22:651][  0]LogConfig: Setting CVar [[r.DOF.Scatter.MaxSpriteRatio:0.1         ; only a maximum of 10% of scattered bokeh]]
[2024.03.12-15.24.22:651][  0]LogConfig: Setting CVar [[r.DOF.Recombine.Quality:1                ; cheap slight out of focus]]
[2024.03.12-15.24.22:651][  0]LogConfig: Setting CVar [[r.DOF.Recombine.EnableBokehSettings:0    ; no bokeh simulation on slight out of focus]]
[2024.03.12-15.24.22:651][  0]LogConfig: Setting CVar [[r.DOF.TemporalAAQuality:1                ; more stable temporal accumulation]]
[2024.03.12-15.24.22:651][  0]LogConfig: Setting CVar [[r.DOF.Kernel.MaxForegroundRadius:0.025]]
[2024.03.12-15.24.22:651][  0]LogConfig: Setting CVar [[r.DOF.Kernel.MaxBackgroundRadius:0.025]]
[2024.03.12-15.24.22:651][  0]LogConfig: Applying CVar settings from Section [TextureQuality@3] File [../../../Cgame/Saved/Config/WindowsNoEditor/Scalability.ini]
[2024.03.12-15.24.22:651][  0]LogConfig: Setting CVar [[r.Streaming.MipBias:0]]
[2024.03.12-15.24.22:651][  0]LogConfig: Setting CVar [[r.Streaming.AmortizeCPUToGPUCopy:0]]
[2024.03.12-15.24.22:651][  0]LogConfig: Setting CVar [[r.Streaming.MaxNumTexturesToStreamPerFrame:0]]
[2024.03.12-15.24.22:651][  0]LogConfig: Setting CVar [[r.Streaming.Boost:1]]
[2024.03.12-15.24.22:651][  0]LogConfig: Setting CVar [[r.MaxAnisotropy:8]]
[2024.03.12-15.24.22:651][  0]LogConfig: Setting CVar [[r.VT.MaxAnisotropy:8]]
[2024.03.12-15.24.22:651][  0]LogConfig: Setting CVar [[r.Streaming.LimitPoolSizeToVRAM:0]]
[2024.03.12-15.24.22:651][  0]LogConfig: Setting CVar [[r.Streaming.PoolSize:1000]]
[2024.03.12-15.24.22:651][  0]LogConfig: Setting CVar [[r.Streaming.MaxEffectiveScreenSize:0]]
[2024.03.12-15.24.22:651][  0]LogConfig: Applying CVar settings from Section [EffectsQuality@3] File [../../../Cgame/Saved/Config/WindowsNoEditor/Scalability.ini]
[2024.03.12-15.24.22:651][  0]LogConfig: Setting CVar [[r.TranslucencyLightingVolumeDim:64]]
[2024.03.12-15.24.22:651][  0]LogConfig: Setting CVar [[r.RefractionQuality:2]]
[2024.03.12-15.24.22:651][  0]LogConfig: Setting CVar [[r.SSR.Quality:3]]
[2024.03.12-15.24.22:651][  0]LogConfig: Setting CVar [[r.SSR.HalfResSceneColor:0]]
[2024.03.12-15.24.22:651][  0]LogConfig: Setting CVar [[r.SceneColorFormat:4]]
[2024.03.12-15.24.22:651][  0]LogConfig: Setting CVar [[r.DetailMode:2]]
[2024.03.12-15.24.22:651][  0]LogConfig: Setting CVar [[r.TranslucencyVolumeBlur:1]]
[2024.03.12-15.24.22:651][  0]LogConfig: Setting CVar [[r.MaterialQualityLevel:1 ; High quality]]
[2024.03.12-15.24.22:651][  0]LogConfig: Setting CVar [[r.AnisotropicMaterials:1]]
[2024.03.12-15.24.22:651][  0]LogConfig: Setting CVar [[r.SSS.Scale:1]]
[2024.03.12-15.24.22:651][  0]LogConfig: Setting CVar [[r.SSS.SampleSet:2]]
[2024.03.12-15.24.22:651][  0]LogConfig: Setting CVar [[r.SSS.Quality:1]]
[2024.03.12-15.24.22:651][  0]LogConfig: Setting CVar [[r.SSS.HalfRes:0]]
[2024.03.12-15.24.22:651][  0]LogConfig: Setting CVar [[r.SSGI.Quality:3]]
[2024.03.12-15.24.22:651][  0]LogConfig: Setting CVar [[r.EmitterSpawnRateScale:1.0]]
[2024.03.12-15.24.22:651][  0]LogConfig: Setting CVar [[r.ParticleLightQuality:2]]
[2024.03.12-15.24.22:651][  0]LogConfig: Setting CVar [[r.SkyAtmosphere.AerialPerspectiveLUT.FastApplyOnOpaque:1 ; Always have FastSkyLUT 1 in this case to avoid wrong sky]]
[2024.03.12-15.24.22:651][  0]LogConfig: Setting CVar [[r.SkyAtmosphere.AerialPerspectiveLUT.SampleCountMaxPerSlice:4]]
[2024.03.12-15.24.22:651][  0]LogConfig: Setting CVar [[r.SkyAtmosphere.AerialPerspectiveLUT.DepthResolution:16.0]]
[2024.03.12-15.24.22:651][  0]LogConfig: Setting CVar [[r.SkyAtmosphere.FastSkyLUT:1]]
[2024.03.12-15.24.22:651][  0]LogConfig: Setting CVar [[r.SkyAtmosphere.FastSkyLUT.SampleCountMin:4.0]]
[2024.03.12-15.24.22:651][  0]LogConfig: Setting CVar [[r.SkyAtmosphere.FastSkyLUT.SampleCountMax:128.0]]
[2024.03.12-15.24.22:651][  0]LogConfig: Setting CVar [[r.SkyAtmosphere.SampleCountMin:4.0]]
[2024.03.12-15.24.22:651][  0]LogConfig: Setting CVar [[r.SkyAtmosphere.SampleCountMax:128.0]]
[2024.03.12-15.24.22:651][  0]LogConfig: Setting CVar [[r.SkyAtmosphere.TransmittanceLUT.UseSmallFormat:0]]
[2024.03.12-15.24.22:651][  0]LogConfig: Setting CVar [[r.SkyAtmosphere.TransmittanceLUT.SampleCount:10.0]]
[2024.03.12-15.24.22:651][  0]LogConfig: Setting CVar [[r.SkyAtmosphere.MultiScatteringLUT.SampleCount:15.0]]
[2024.03.12-15.24.22:651][  0]LogConfig: Setting CVar [[r.SkyLight.RealTimeReflectionCapture:1]]
[2024.03.12-15.24.22:651][  0]LogConfig: Setting CVar [[fx.Niagara.QualityLevel:3]]
[2024.03.12-15.24.22:651][  0]LogConfig: Applying CVar settings from Section [FoliageQuality@3] File [../../../Cgame/Saved/Config/WindowsNoEditor/Scalability.ini]
[2024.03.12-15.24.22:651][  0]LogConfig: Setting CVar [[foliage.DensityScale:1.0]]
[2024.03.12-15.24.22:651][  0]LogConfig: Setting CVar [[grass.DensityScale:1.0]]
[2024.03.12-15.24.22:651][  0]LogConfig: Applying CVar settings from Section [ShadingQuality@3] File [../../../Cgame/Saved/Config/WindowsNoEditor/Scalability.ini]
[2024.03.12-15.24.22:651][  0]LogConfig: Setting CVar [[r.HairStrands.SkyLighting.IntegrationType:2]]
[2024.03.12-15.24.22:651][  0]LogConfig: Setting CVar [[r.HairStrands.SkyAO.SampleCount:4]]
[2024.03.12-15.24.22:651][  0]LogConfig: Setting CVar [[r.HairStrands.Visibility.MSAA.SamplePerPixel:4]]
[2024.03.12-15.24.22:651][  0]LogInit: Selected Device Profile: [WindowsNoEditor]
[2024.03.12-15.24.22:651][  0]LogInit: Applying CVar settings loaded from the selected device profile: [WindowsNoEditor]
[2024.03.12-15.24.22:651][  0]LogHAL: Display: Platform has ~ 16 GB [17121333248 / 17179869184 / 16], which maps to Larger [LargestMinGB=32, LargerMinGB=12, DefaultMinGB=8, SmallerMinGB=6, SmallestMinGB=0)
[2024.03.12-15.24.22:651][  0]LogInit: Going up to parent DeviceProfile [Windows]
[2024.03.12-15.24.22:651][  0]LogInit: Going up to parent DeviceProfile []
[2024.03.12-15.24.22:651][  0]LogConfig: Applying CVar settings from Section [ViewDistanceQuality@3] File [../../../Cgame/Saved/Config/WindowsNoEditor/Scalability.ini]
[2024.03.12-15.24.22:651][  0]LogConfig: Setting CVar [[r.SkeletalMeshLODBias:0]]
[2024.03.12-15.24.22:651][  0]LogConfig: Setting CVar [[r.ViewDistanceScale:1.0]]
[2024.03.12-15.24.22:651][  0]LogConfig: Applying CVar settings from Section [AntiAliasingQuality@3] File [../../../Cgame/Saved/Config/WindowsNoEditor/Scalability.ini]
[2024.03.12-15.24.22:651][  0]LogConfig: Setting CVar [[r.PostProcessAAQuality:4]]
[2024.03.12-15.24.22:651][  0]LogConfig: Applying CVar settings from Section [ShadowQuality@3] File [../../../Cgame/Saved/Config/WindowsNoEditor/Scalability.ini]
[2024.03.12-15.24.22:652][  0]LogConfig: Setting CVar [[r.LightFunctionQuality:1]]
[2024.03.12-15.24.22:652][  0]LogConfig: Setting CVar [[r.ShadowQuality:5]]
[2024.03.12-15.24.22:652][  0]LogConfig: Setting CVar [[r.Shadow.CSM.MaxCascades:10]]
[2024.03.12-15.24.22:652][  0]LogConfig: Setting CVar [[r.Shadow.MaxResolution:2048]]
[2024.03.12-15.24.22:652][  0]LogConfig: Setting CVar [[r.Shadow.MaxCSMResolution:2048]]
[2024.03.12-15.24.22:652][  0]LogConfig: Setting CVar [[r.Shadow.RadiusThreshold:0.01]]
[2024.03.12-15.24.22:652][  0]LogConfig: Setting CVar [[r.Shadow.DistanceScale:1.0]]
[2024.03.12-15.24.22:652][  0]LogConfig: Setting CVar [[r.Shadow.CSM.TransitionScale:1.0]]
[2024.03.12-15.24.22:652][  0]LogConfig: Setting CVar [[r.Shadow.PreShadowResolutionFactor:1.0]]
[2024.03.12-15.24.22:652][  0]LogConfig: Setting CVar [[r.DistanceFieldShadowing:1]]
[2024.03.12-15.24.22:652][  0]LogConfig: Setting CVar [[r.DistanceFieldAO:1]]
[2024.03.12-15.24.22:652][  0]LogConfig: Setting CVar [[r.AOQuality:2]]
[2024.03.12-15.24.22:652][  0]LogConfig: Setting CVar [[r.VolumetricFog:1]]
[2024.03.12-15.24.22:652][  0]LogConfig: Setting CVar [[r.VolumetricFog.GridPixelSize:8]]
[2024.03.12-15.24.22:652][  0]LogConfig: Setting CVar [[r.VolumetricFog.GridSizeZ:128]]
[2024.03.12-15.24.22:652][  0]LogConfig: Setting CVar [[r.VolumetricFog.HistoryMissSupersampleCount:4]]
[2024.03.12-15.24.22:652][  0]LogConfig: Setting CVar [[r.LightMaxDrawDistanceScale:1]]
[2024.03.12-15.24.22:652][  0]LogConfig: Setting CVar [[r.CapsuleShadows:1]]
[2024.03.12-15.24.22:652][  0]LogConfig: Applying CVar settings from Section [PostProcessQuality@3] File [../../../Cgame/Saved/Config/WindowsNoEditor/Scalability.ini]
[2024.03.12-15.24.22:652][  0]LogConfig: Setting CVar [[r.MotionBlurQuality:4]]
[2024.03.12-15.24.22:652][  0]LogConfig: Setting CVar [[r.AmbientOcclusionMipLevelFactor:0.4]]
[2024.03.12-15.24.22:652][  0]LogConfig: Setting CVar [[r.AmbientOcclusionMaxQuality:100]]
[2024.03.12-15.24.22:652][  0]LogConfig: Setting CVar [[r.AmbientOcclusionLevels:-1]]
[2024.03.12-15.24.22:652][  0]LogConfig: Setting CVar [[r.AmbientOcclusionRadiusScale:1.0]]
[2024.03.12-15.24.22:652][  0]LogConfig: Setting CVar [[r.DepthOfFieldQuality:2]]
[2024.03.12-15.24.22:652][  0]LogConfig: Setting CVar [[r.RenderTargetPoolMin:400]]
[2024.03.12-15.24.22:652][  0]LogConfig: Setting CVar [[r.LensFlareQuality:2]]
[2024.03.12-15.24.22:652][  0]LogConfig: Setting CVar [[r.SceneColorFringeQuality:1]]
[2024.03.12-15.24.22:652][  0]LogConfig: Setting CVar [[r.EyeAdaptationQuality:2]]
[2024.03.12-15.24.22:652][  0]LogConfig: Setting CVar [[r.BloomQuality:5]]
[2024.03.12-15.24.22:652][  0]LogConfig: Setting CVar [[r.FastBlurThreshold:100]]
[2024.03.12-15.24.22:652][  0]LogConfig: Setting CVar [[r.Upscale.Quality:3]]
[2024.03.12-15.24.22:652][  0]LogConfig: Setting CVar [[r.Tonemapper.GrainQuantization:1]]
[2024.03.12-15.24.22:652][  0]LogConfig: Setting CVar [[r.LightShaftQuality:1]]
[2024.03.12-15.24.22:652][  0]LogConfig: Setting CVar [[r.Filter.SizeScale:1]]
[2024.03.12-15.24.22:652][  0]LogConfig: Setting CVar [[r.Tonemapper.Quality:5]]
[2024.03.12-15.24.22:652][  0]LogConfig: Setting CVar [[r.DOF.Gather.AccumulatorQuality:1        ; higher gathering accumulator quality]]
[2024.03.12-15.24.22:652][  0]LogConfig: Setting CVar [[r.DOF.Gather.PostfilterMethod:1          ; Median3x3 postfilering method]]
[2024.03.12-15.24.22:652][  0]LogConfig: Setting CVar [[r.DOF.Gather.EnableBokehSettings:0       ; no bokeh simulation when gathering]]
[2024.03.12-15.24.22:652][  0]LogConfig: Setting CVar [[r.DOF.Gather.RingCount:4                 ; medium number of samples when gathering]]
[2024.03.12-15.24.22:652][  0]LogConfig: Setting CVar [[r.DOF.Scatter.ForegroundCompositing:1    ; additive foreground scattering]]
[2024.03.12-15.24.22:652][  0]LogConfig: Setting CVar [[r.DOF.Scatter.BackgroundCompositing:2    ; additive background scattering]]
[2024.03.12-15.24.22:652][  0]LogConfig: Setting CVar [[r.DOF.Scatter.EnableBokehSettings:1      ; bokeh simulation when scattering]]
[2024.03.12-15.24.22:652][  0]LogConfig: Setting CVar [[r.DOF.Scatter.MaxSpriteRatio:0.1         ; only a maximum of 10% of scattered bokeh]]
[2024.03.12-15.24.22:652][  0]LogConfig: Setting CVar [[r.DOF.Recombine.Quality:1                ; cheap slight out of focus]]
[2024.03.12-15.24.22:652][  0]LogConfig: Setting CVar [[r.DOF.Recombine.EnableBokehSettings:0    ; no bokeh simulation on slight out of focus]]
[2024.03.12-15.24.22:652][  0]LogConfig: Setting CVar [[r.DOF.TemporalAAQuality:1                ; more stable temporal accumulation]]
[2024.03.12-15.24.22:652][  0]LogConfig: Setting CVar [[r.DOF.Kernel.MaxForegroundRadius:0.025]]
[2024.03.12-15.24.22:652][  0]LogConfig: Setting CVar [[r.DOF.Kernel.MaxBackgroundRadius:0.025]]
[2024.03.12-15.24.22:652][  0]LogConfig: Applying CVar settings from Section [TextureQuality@3] File [../../../Cgame/Saved/Config/WindowsNoEditor/Scalability.ini]
[2024.03.12-15.24.22:652][  0]LogConfig: Setting CVar [[r.Streaming.MipBias:0]]
[2024.03.12-15.24.22:652][  0]LogConfig: Setting CVar [[r.Streaming.AmortizeCPUToGPUCopy:0]]
[2024.03.12-15.24.22:652][  0]LogConfig: Setting CVar [[r.Streaming.MaxNumTexturesToStreamPerFrame:0]]
[2024.03.12-15.24.22:652][  0]LogConfig: Setting CVar [[r.Streaming.Boost:1]]
[2024.03.12-15.24.22:652][  0]LogConfig: Setting CVar [[r.MaxAnisotropy:8]]
[2024.03.12-15.24.22:652][  0]LogConfig: Setting CVar [[r.VT.MaxAnisotropy:8]]
[2024.03.12-15.24.22:652][  0]LogConfig: Setting CVar [[r.Streaming.LimitPoolSizeToVRAM:0]]
[2024.03.12-15.24.22:652][  0]LogConfig: Setting CVar [[r.Streaming.PoolSize:1000]]
[2024.03.12-15.24.22:652][  0]LogConfig: Setting CVar [[r.Streaming.MaxEffectiveScreenSize:0]]
[2024.03.12-15.24.22:652][  0]LogConfig: Applying CVar settings from Section [EffectsQuality@3] File [../../../Cgame/Saved/Config/WindowsNoEditor/Scalability.ini]
[2024.03.12-15.24.22:652][  0]LogConfig: Setting CVar [[r.TranslucencyLightingVolumeDim:64]]
[2024.03.12-15.24.22:652][  0]LogConfig: Setting CVar [[r.RefractionQuality:2]]
[2024.03.12-15.24.22:652][  0]LogConfig: Setting CVar [[r.SSR.Quality:3]]
[2024.03.12-15.24.22:652][  0]LogConfig: Setting CVar [[r.SSR.HalfResSceneColor:0]]
[2024.03.12-15.24.22:652][  0]LogConfig: Setting CVar [[r.SceneColorFormat:4]]
[2024.03.12-15.24.22:652][  0]LogConfig: Setting CVar [[r.DetailMode:2]]
[2024.03.12-15.24.22:652][  0]LogConfig: Setting CVar [[r.TranslucencyVolumeBlur:1]]
[2024.03.12-15.24.22:652][  0]LogConfig: Setting CVar [[r.MaterialQualityLevel:1 ; High quality]]
[2024.03.12-15.24.22:652][  0]LogConfig: Setting CVar [[r.AnisotropicMaterials:1]]
[2024.03.12-15.24.22:652][  0]LogConfig: Setting CVar [[r.SSS.Scale:1]]
[2024.03.12-15.24.22:652][  0]LogConfig: Setting CVar [[r.SSS.SampleSet:2]]
[2024.03.12-15.24.22:652][  0]LogConfig: Setting CVar [[r.SSS.Quality:1]]
[2024.03.12-15.24.22:652][  0]LogConfig: Setting CVar [[r.SSS.HalfRes:0]]
[2024.03.12-15.24.22:652][  0]LogConfig: Setting CVar [[r.SSGI.Quality:3]]
[2024.03.12-15.24.22:652][  0]LogConfig: Setting CVar [[r.EmitterSpawnRateScale:1.0]]
[2024.03.12-15.24.22:652][  0]LogConfig: Setting CVar [[r.ParticleLightQuality:2]]
[2024.03.12-15.24.22:652][  0]LogConfig: Setting CVar [[r.SkyAtmosphere.AerialPerspectiveLUT.FastApplyOnOpaque:1 ; Always have FastSkyLUT 1 in this case to avoid wrong sky]]
[2024.03.12-15.24.22:652][  0]LogConfig: Setting CVar [[r.SkyAtmosphere.AerialPerspectiveLUT.SampleCountMaxPerSlice:4]]
[2024.03.12-15.24.22:652][  0]LogConfig: Setting CVar [[r.SkyAtmosphere.AerialPerspectiveLUT.DepthResolution:16.0]]
[2024.03.12-15.24.22:652][  0]LogConfig: Setting CVar [[r.SkyAtmosphere.FastSkyLUT:1]]
[2024.03.12-15.24.22:652][  0]LogConfig: Setting CVar [[r.SkyAtmosphere.FastSkyLUT.SampleCountMin:4.0]]
[2024.03.12-15.24.22:652][  0]LogConfig: Setting CVar [[r.SkyAtmosphere.FastSkyLUT.SampleCountMax:128.0]]
[2024.03.12-15.24.22:652][  0]LogConfig: Setting CVar [[r.SkyAtmosphere.SampleCountMin:4.0]]
[2024.03.12-15.24.22:652][  0]LogConfig: Setting CVar [[r.SkyAtmosphere.SampleCountMax:128.0]]
[2024.03.12-15.24.22:652][  0]LogConfig: Setting CVar [[r.SkyAtmosphere.TransmittanceLUT.UseSmallFormat:0]]
[2024.03.12-15.24.22:652][  0]LogConfig: Setting CVar [[r.SkyAtmosphere.TransmittanceLUT.SampleCount:10.0]]
[2024.03.12-15.24.22:652][  0]LogConfig: Setting CVar [[r.SkyAtmosphere.MultiScatteringLUT.SampleCount:15.0]]
[2024.03.12-15.24.22:652][  0]LogConfig: Setting CVar [[r.SkyLight.RealTimeReflectionCapture:1]]
[2024.03.12-15.24.22:652][  0]LogConfig: Setting CVar [[fx.Niagara.QualityLevel:3]]
[2024.03.12-15.24.22:652][  0]LogConfig: Applying CVar settings from Section [FoliageQuality@3] File [../../../Cgame/Saved/Config/WindowsNoEditor/Scalability.ini]
[2024.03.12-15.24.22:652][  0]LogConfig: Setting CVar [[foliage.DensityScale:1.0]]
[2024.03.12-15.24.22:652][  0]LogConfig: Setting CVar [[grass.DensityScale:1.0]]
[2024.03.12-15.24.22:652][  0]LogConfig: Applying CVar settings from Section [ShadingQuality@3] File [../../../Cgame/Saved/Config/WindowsNoEditor/Scalability.ini]
[2024.03.12-15.24.22:652][  0]LogConfig: Setting CVar [[r.HairStrands.SkyLighting.IntegrationType:2]]
[2024.03.12-15.24.22:652][  0]LogConfig: Setting CVar [[r.HairStrands.SkyAO.SampleCount:4]]
[2024.03.12-15.24.22:652][  0]LogConfig: Setting CVar [[r.HairStrands.Visibility.MSAA.SamplePerPixel:4]]
[2024.03.12-15.24.22:652][  0]LogConfig: Applying CVar settings from Section [Startup] File [../../../Engine/Config/ConsoleVariables.ini]
[2024.03.12-15.24.22:652][  0]LogConfig: Setting CVar [[net.UseAdaptiveNetUpdateFrequency:0]]
[2024.03.12-15.24.22:652][  0]LogConfig: Setting CVar [[p.chaos.AllowCreatePhysxBodies:1]]
[2024.03.12-15.24.22:652][  0]LogConfig: Setting CVar [[fx.SkipVectorVMBackendOptimizations:1]]
[2024.03.12-15.24.22:652][  0]LogConfig: Applying CVar settings from Section [ConsoleVariables] File [../../../Cgame/Saved/Config/WindowsNoEditor/Engine.ini]
[2024.03.12-15.24.22:652][  0]LogInit: Computer: DESKTOP-JS7R30B
[2024.03.12-15.24.22:652][  0]LogInit: User: USER2022
[2024.03.12-15.24.22:652][  0]LogInit: CPU Page size=4096, Cores=8
[2024.03.12-15.24.22:652][  0]LogInit: High frequency timer resolution =10.000000 MHz
[2024.03.12-15.24.22:652][  0]LogMemory: Memory total: Physical=15.9GB (16GB approx)
[2024.03.12-15.24.22:652][  0]LogMemory: Platform Memory Stats for WindowsNoEditor
[2024.03.12-15.24.22:652][  0]LogMemory: Process Physical Memory: 80.58 MB used, 80.58 MB peak
[2024.03.12-15.24.22:652][  0]LogMemory: Process Virtual Memory: 82.86 MB used, 82.86 MB peak
[2024.03.12-15.24.22:652][  0]LogMemory: Physical Memory: 10389.42 MB used,  5938.75 MB free, 16328.18 MB total
[2024.03.12-15.24.22:652][  0]LogMemory: Virtual Memory: 134212240.00 MB used,  5490.05 MB free, 134217728.00 MB total
[2024.03.12-15.24.22:657][  0]LogWindows: WindowsPlatformFeatures enabled
[2024.03.12-15.24.22:680][  0]LogInit: Physics initialised using underlying interface: PhysX
[2024.03.12-15.24.22:680][  0]LogInit: Using OS detected language (en-US).
[2024.03.12-15.24.22:680][  0]LogInit: Using OS detected locale (en-US).
[2024.03.12-15.24.22:681][  0]LogTextLocalizationManager: No specific localization for 'en-US' exists, so the 'en' localization will be used.
[2024.03.12-15.24.22:701][  0]LogWindowsTextInputMethodSystem: Display: IME system deactivated.
[2024.03.12-15.24.22:729][  0]LogSlate: New Slate User Created.  User Index 0, Is Virtual User: 0
[2024.03.12-15.24.22:729][  0]LogSlate: Slate User Registered.  User Index 0, Is Virtual User: 0
[2024.03.12-15.24.22:761][  0]LogD3D11RHI: Loaded GFSDK_Aftermath_Lib.x64.dll
[2024.03.12-15.24.22:764][  0]LogHMD: Failed to initialize OpenVR with code 110
[2024.03.12-15.24.22:764][  0]LogD3D11RHI: D3D11 min allowed feature level: 11_0
[2024.03.12-15.24.22:764][  0]LogD3D11RHI: D3D11 max allowed feature level: 11_0
[2024.03.12-15.24.22:764][  0]LogD3D11RHI: D3D11 adapters:
[2024.03.12-15.24.22:881][  0]LogD3D11RHI:    0. 'NVIDIA GeForce RTX 3060 Ti' (Feature Level 11_0)
[2024.03.12-15.24.22:881][  0]LogD3D11RHI:       8038/0/8164 MB DedicatedVideo/DedicatedSystem/SharedSystem, Outputs:2, VendorId:0x10de
[2024.03.12-15.24.22:883][  0]LogD3D11RHI:    1. 'Microsoft Basic Render Driver' (Feature Level 11_0)
[2024.03.12-15.24.22:883][  0]LogD3D11RHI:       0/0/8164 MB DedicatedVideo/DedicatedSystem/SharedSystem, Outputs:0, VendorId:0x1414
[2024.03.12-15.24.22:883][  0]LogD3D11RHI: Chosen D3D11 Adapter:
[2024.03.12-15.24.22:883][  0]LogD3D11RHI:     Description : NVIDIA GeForce RTX 3060 Ti
[2024.03.12-15.24.22:883][  0]LogD3D11RHI:     VendorId    : 10de
[2024.03.12-15.24.22:883][  0]LogD3D11RHI:     DeviceId    : 2486
[2024.03.12-15.24.22:883][  0]LogD3D11RHI:     SubSysId    : 663019da
[2024.03.12-15.24.22:883][  0]LogD3D11RHI:     Revision    : 00a1
[2024.03.12-15.24.22:883][  0]LogD3D11RHI:     DedicatedVideoMemory : 8428453888 bytes
[2024.03.12-15.24.22:883][  0]LogD3D11RHI:     DedicatedSystemMemory : 0 bytes
[2024.03.12-15.24.22:883][  0]LogD3D11RHI:     SharedSystemMemory : 8560666624 bytes
[2024.03.12-15.24.22:883][  0]LogD3D11RHI:     AdapterLuid : 0 42472
[2024.03.12-15.24.22:893][  0]LogD3D11RHI: Creating new Direct3DDevice
[2024.03.12-15.24.22:893][  0]LogD3D11RHI:     GPU DeviceId: 0x2486 (for the marketing name, search the web for "GPU Device Id")
[2024.03.12-15.24.22:893][  0]LogWindows: EnumDisplayDevices:
[2024.03.12-15.24.22:893][  0]LogWindows:    0. 'NVIDIA GeForce RTX 3060 Ti' (P:1 D:1)
[2024.03.12-15.24.22:893][  0]LogWindows:    1. 'NVIDIA GeForce RTX 3060 Ti' (P:0 D:1)
[2024.03.12-15.24.22:894][  0]LogWindows:    2. 'NVIDIA GeForce RTX 3060 Ti' (P:0 D:0)
[2024.03.12-15.24.22:894][  0]LogWindows:    3. 'NVIDIA GeForce RTX 3060 Ti' (P:0 D:0)
[2024.03.12-15.24.22:894][  0]LogWindows: DebugString: FoundDriverCount:4 
[2024.03.12-15.24.22:894][  0]LogD3D11RHI:     Adapter Name: NVIDIA GeForce RTX 3060 Ti
[2024.03.12-15.24.22:894][  0]LogD3D11RHI:   Driver Version: 536.23 (internal:31.0.15.3623, unified:536.23)
[2024.03.12-15.24.22:894][  0]LogD3D11RHI:      Driver Date: 6-8-2023
[2024.03.12-15.24.22:894][  0]LogRHI: Texture pool is 5626 MB (70% of 8038 MB)
[2024.03.12-15.24.22:894][  0]LogD3D11RHI: Creating D3DDevice using adapter:
[2024.03.12-15.24.22:894][  0]LogD3D11RHI:     Description : NVIDIA GeForce RTX 3060 Ti
[2024.03.12-15.24.22:894][  0]LogD3D11RHI:     VendorId    : 10de
[2024.03.12-15.24.22:894][  0]LogD3D11RHI:     DeviceId    : 2486
[2024.03.12-15.24.22:894][  0]LogD3D11RHI:     SubSysId    : 663019da
[2024.03.12-15.24.22:894][  0]LogD3D11RHI:     Revision    : 00a1
[2024.03.12-15.24.22:894][  0]LogD3D11RHI:     DedicatedVideoMemory : 8428453888 bytes
[2024.03.12-15.24.22:894][  0]LogD3D11RHI:     DedicatedSystemMemory : 0 bytes
[2024.03.12-15.24.22:894][  0]LogD3D11RHI:     SharedSystemMemory : 8560666624 bytes
[2024.03.12-15.24.22:894][  0]LogD3D11RHI:     AdapterLuid : 0 42472
[2024.03.12-15.24.22:965][  0]LogD3D11RHI: RHI has support for 64 bit atomics
[2024.03.12-15.24.22:965][  0]LogD3D11RHI: Async texture creation enabled
[2024.03.12-15.24.22:965][  0]LogD3D11RHI: Array index from any shader is supported
[2024.03.12-15.24.22:989][  0]LogD3D11RHI: GPU Timing Frequency: 1000.000000 (Debug: 2 1)
[2024.03.12-15.24.23:011][  0]LogRHI: GeForceNow SDK initialized: 1
[2024.03.12-15.24.23:011][  0]LogRendererCore: Ray tracing is disabled. Reason: r.RayTracing=0.
[2024.03.12-15.24.23:015][  0]LogShaderLibrary: Display: Using ../../../Cgame/Content/ShaderArchive-Global-PCD3D_SM5.ushaderbytecode for material shader code. Total 1951 unique shaders.
[2024.03.12-15.24.23:015][  0]LogShaderLibrary: Display: Cooked Context: Using Shared Shader Library Global
[2024.03.12-15.24.23:015][  0]LogShaderLibrary: Display: Logical shader library 'Global' has been created, components 1
[2024.03.12-15.24.23:015][  0]LogTemp: Warning: Clearing the OS Cache
[2024.03.12-15.24.23:015][  0]LogODSC: ODSC Thread active.
[2024.03.12-15.24.23:017][  0]LogPakFile: New pak file ../../../Cgame/Content/Paks/Cgame-WindowsNoEditor.pak added to pak precacher.
[2024.03.12-15.24.23:034][  0]LogSlate: Using FreeType 2.10.0
[2024.03.12-15.24.23:034][  0]LogSlate: SlateFontServices - WITH_FREETYPE: 1, WITH_HARFBUZZ: 1
[2024.03.12-15.24.23:069][  0]LogShaderLibrary: Display: Using ../../../Cgame/Content/ShaderArchive-Cgame-PCD3D_SM5.ushaderbytecode for material shader code. Total 1710 unique shaders.
[2024.03.12-15.24.23:069][  0]LogShaderLibrary: Display: Cooked Context: Using Shared Shader Library Cgame
[2024.03.12-15.24.23:069][  0]LogShaderLibrary: Display: Logical shader library 'Cgame' has been created, components 1
[2024.03.12-15.24.23:069][  0]LogRHI: Display: Opened pipeline cache after state change and enqueued 0 of 0 tasks for precompile.
[2024.03.12-15.24.23:069][  0]LogShaderLibrary: Display: Using ../../../Cgame/Content/ShaderArchive-Cgame-PCD3D_SM5.ushaderbytecode for material shader code. Total 1710 unique shaders.
[2024.03.12-15.24.23:069][  0]LogShaderLibrary: Display: Cooked Context: Using Shared Shader Library Cgame
[2024.03.12-15.24.23:069][  0]LogRHI: Display: Opened pipeline cache after state change and enqueued 0 of 0 tasks for precompile.
[2024.03.12-15.24.23:069][  0]LogRHI: Display: Failed to open default shader pipeline cache for Cgame using shader platform 0.
[2024.03.12-15.24.23:069][  0]LogRHI: Display: Failed to open default shader pipeline cache for Cgame using shader platform 0.
[2024.03.12-15.24.23:069][  0]LogInit: Using OS detected language (en-US).
[2024.03.12-15.24.23:069][  0]LogInit: Using OS detected locale (en-US).
[2024.03.12-15.24.23:069][  0]LogTextLocalizationManager: No localization for 'en-US' exists, so 'en' will be used for the language.
[2024.03.12-15.24.23:069][  0]LogTextLocalizationManager: No localization for 'en-US' exists, so 'en' will be used for the locale.
[2024.03.12-15.24.23:069][  0]LogSlate: FontCache flush requested. Reason: Culture for localization was changed
[2024.03.12-15.24.23:069][  0]LogSlate: FontCache flush requested. Reason: Culture for localization was changed
[2024.03.12-15.24.23:070][  0]LogAssetRegistry: FAssetRegistry took 0.0006 seconds to start up
[2024.03.12-15.24.23:134][  0]LogTextLocalizationManager: Compacting localization data took   0.72ms
[2024.03.12-15.24.23:134][  0]LogStreaming: Display: FlushAsyncLoading: 1 QueuedPackages, 0 AsyncPackages
[2024.03.12-15.24.23:134][  0]LogPackageLocalizationCache: Processed 26 localized package path(s) for 1 prioritized culture(s) in 0.000069 seconds
[2024.03.12-15.24.23:139][  0]LogSerialization: Display: AllowBulkDataInIoStore: 'true'
[2024.03.12-15.24.23:139][  0]LogInit: Selected Device Profile: [WindowsNoEditor]
[2024.03.12-15.24.23:139][  0]LogInit: Active device profile: [00000182FCB07FC0][00000182F6ED0010 49] WindowsNoEditor
[2024.03.12-15.24.23:139][  0]LogInit: Profiles: [00000182FCB082C0][00000182FC28B6E0 49] Windows, [00000182FCB07FC0][00000182F6ED0010 49] WindowsNoEditor, 
[2024.03.12-15.24.23:173][  0]LogNetVersion: Cgame 1.0.0, NetCL: 17155196, EngineNetVer: 17, GameNetVer: 0 (Checksum: 1377170981)
[2024.03.12-15.24.23:203][  0]LogAudioCaptureCore: Display: No Audio Capture implementations found. Audio input will be silent.
[2024.03.12-15.24.23:203][  0]LogAudioCaptureCore: Display: No Audio Capture implementations found. Audio input will be silent.
[2024.03.12-15.24.23:204][  0]LogHMD: PokeAHoleMaterial loaded successfully
[2024.03.12-15.24.23:235][  0]LogMoviePlayer: Initializing movie player
[2024.03.12-15.24.23:235][  0]LogNiagaraDebuggerClient: Niagara Debugger Client Initialized | Session: 1730E9594056B49B662FF0B38877D0B8 | Instance: BBF62FA241041F2944CA6BBD80B39A9C (DESKTOP-JS7R30B-25960).
[2024.03.12-15.24.23:236][  0]LogAndroidPermission: UAndroidPermissionCallbackProxy::GetInstance
[2024.03.12-15.24.23:237][  0]LogOcInput: OculusInput pre-init called
[2024.03.12-15.24.23:240][  0]LogUObjectArray: 16259 objects as part of root set at end of initial load.
[2024.03.12-15.24.23:240][  0]LogUObjectArray: 2 objects are not in the root set, but can never be destroyed because they are in the DisregardForGC set.
[2024.03.12-15.24.23:240][  0]LogUObjectAllocator: 3366296 out of 0 bytes used by permanent object pool.
[2024.03.12-15.24.23:240][  0]LogUObjectArray: CloseDisregardForGC: 16259/16259 objects in disregard for GC pool
[2024.03.12-15.24.23:242][  0]LogEngine: Initializing Engine...
[2024.03.12-15.24.23:243][  0]LogHMD: Failed to enumerate extensions. Please check that you have a valid OpenXR runtime installed.
[2024.03.12-15.24.23:243][  0]LogHMD: Failed to initialize OpenVR with code 110
[2024.03.12-15.24.23:244][  0]LogStats: UGameplayTagsManager::InitializeManager -  0.000 s
[2024.03.12-15.24.23:298][  0]LogInit: Initializing FReadOnlyCVARCache
[2024.03.12-15.24.23:298][  0]LogAudio: Display: Initializing Audio Device Manager...
[2024.03.12-15.24.23:298][  0]LogAudio: Display: Loading Default Audio Settings Objects...
[2024.03.12-15.24.23:298][  0]LogAudio: Display: No default SoundConcurrencyObject specified (or failed to load).
[2024.03.12-15.24.23:298][  0]LogAudio: Display: Audio Device Manager Initialized
[2024.03.12-15.24.23:299][  0]LogAudio: Display: Creating Audio Device:                 Id: 1, Scope: Shared, Realtime: True
[2024.03.12-15.24.23:299][  0]LogAudioMixer: Display: Audio Mixer Platform Settings:
[2024.03.12-15.24.23:299][  0]LogAudioMixer: Display: 	Sample Rate:						  48000
[2024.03.12-15.24.23:299][  0]LogAudioMixer: Display: 	Callback Buffer Frame Size Requested: 1024
[2024.03.12-15.24.23:299][  0]LogAudioMixer: Display: 	Callback Buffer Frame Size To Use:	  1024
[2024.03.12-15.24.23:299][  0]LogAudioMixer: Display: 	Number of buffers to queue:			  2
[2024.03.12-15.24.23:299][  0]LogAudioMixer: Display: 	Max Channels (voices):				  32
[2024.03.12-15.24.23:299][  0]LogAudioMixer: Display: 	Number of Async Source Workers:		  0
[2024.03.12-15.24.23:299][  0]LogAudio: Display: AudioDevice MaxSources: 32
[2024.03.12-15.24.23:299][  0]LogAudio: Display: Audio Spatialization Plugin: None (built-in).
[2024.03.12-15.24.23:299][  0]LogAudio: Display: Audio Reverb Plugin: None (built-in).
[2024.03.12-15.24.23:299][  0]LogAudio: Display: Audio Occlusion Plugin: None (built-in).
[2024.03.12-15.24.23:299][  0]LogAudioMixer: Display: Initializing audio mixer.
[2024.03.12-15.24.23:305][  0]LogAudioDebug: Display: Lib vorbis DLL was dynamically loaded.
[2024.03.12-15.24.23:312][  0]LogAudioMixer: Display: 0: FrontLeft
[2024.03.12-15.24.23:312][  0]LogAudioMixer: Display: 1: FrontRight
[2024.03.12-15.24.23:328][  0]LogAudioMixer: Display: Using Audio Device Speakers (HyperX Cloud Flight Wireless)
[2024.03.12-15.24.23:328][  0]LogAudioMixer: Display: Initializing Sound Submixes...
[2024.03.12-15.24.23:329][  0]LogAudioMixer: Display: Creating Master Submix 'MasterSubmixDefault'
[2024.03.12-15.24.23:329][  0]LogAudioMixer: Display: Creating Master Submix 'MasterReverbSubmixDefault'
[2024.03.12-15.24.23:331][  0]LogAudioMixer: Display: Creating Master Submix 'MasterEQSubmixDefault'
[2024.03.12-15.24.23:331][  0]LogAudioMixer: FMixerPlatformXAudio2::StartAudioStream() called
[2024.03.12-15.24.23:331][  0]LogAudioMixer: Display: Output buffers initialized: Frames=1024, Channels=2, Samples=2048
[2024.03.12-15.24.23:331][  0]LogAudioMixer: Display: Starting AudioMixerPlatformInterface::RunInternal()
[2024.03.12-15.24.23:331][  0]LogAudioMixer: Display: FMixerPlatformXAudio2::SubmitBuffer() called for the first time
[2024.03.12-15.24.23:331][  0]LogInit: FAudioDevice initialized.
[2024.03.12-15.24.23:331][  0]LogNetVersion: Set ProjectVersion to 1.0.0.0. Version Checksum will be recalculated on next use.
[2024.03.12-15.24.23:331][  0]LogInit: Texture streaming: Enabled
[2024.03.12-15.24.23:335][  0]LogAudio: Display: Audio Device (ID: 1) registered with world 'Untitled'.
[2024.03.12-15.24.23:335][  0]LogSlate: Updating window title bar state: overlay mode, drag disabled, window buttons hidden, title bar hidden
[2024.03.12-15.24.23:336][  0]LogInit: Display: Game Engine Initialized.
[2024.03.12-15.24.23:337][  0]LogInit: Display: Starting Game.
[2024.03.12-15.24.23:337][  0]LogNet: Browse: /Game/Maps/MainMenu/MainMenu?Name=Player
[2024.03.12-15.24.23:337][  0]LogLoad: LoadMap: /Game/Maps/MainMenu/MainMenu?Name=Player
[2024.03.12-15.24.23:337][  0]LogWorld: BeginTearingDown for /Temp/Untitled_0
[2024.03.12-15.24.23:337][  0]LogWorld: UWorld::CleanupWorld for Untitled, bSessionEnded=true, bCleanupResources=true
[2024.03.12-15.24.23:337][  0]LogSlate: InvalidateAllWidgets triggered.  All widgets were invalidated
[2024.03.12-15.24.23:339][  0]LogAudio: Display: Audio Device unregistered from world 'None'.
[2024.03.12-15.24.23:341][  0]LogUObjectHash: Compacting FUObjectHashTables data took   0.71ms
[2024.03.12-15.24.23:348][  0]LogAudio: Display: Audio Device (ID: 1) registered with world 'MainMenu'.
[2024.03.12-15.24.23:349][  0]LogAIModule: Creating AISystem for world MainMenu
[2024.03.12-15.24.23:349][  0]LogLoad: Game class is 'MainMenu_GameMode_C'
[2024.03.12-15.24.23:350][  0]LogWorld: Bringing World /Game/Maps/MainMenu/MainMenu.MainMenu up for play (max tick rate 0) at 2024.03.12-22.24.23
[2024.03.12-15.24.23:350][  0]LogWorld: Bringing up level for play took: 0.000456
[2024.03.12-15.24.23:351][  0]LogViewport: Display: Viewport MouseLockMode Changed, LockOnCapture -> DoNotLock
[2024.03.12-15.24.23:351][  0]LogViewport: Display: Viewport MouseCaptureMode Changed, CapturePermanently_IncludingInitialMouseDown -> NoCapture
[2024.03.12-15.24.23:352][  0]LogStreaming: Warning: Failed to read file '../../../Cgame/Saved/SaveGames/PlayerProfile_Slot.sav' error.
[2024.03.12-15.24.23:352][  0]LogLoad: Took 0.014904 seconds to LoadMap(/Game/Maps/MainMenu/MainMenu)
[2024.03.12-15.24.23:352][  0]LogSlate: Took 0.000226 seconds to synchronously load lazily loaded font '../../../Engine/Content/EngineFonts/Faces/RobotoRegular.ufont' (155K)
[2024.03.12-15.24.23:353][  0]LogSlate: Took 0.000199 seconds to synchronously load lazily loaded font '../../../Engine/Content/Slate/Fonts/Roboto-Regular.ttf' (155K)
[2024.03.12-15.24.23:353][  0]LogSlate: Took 0.000213 seconds to synchronously load lazily loaded font '../../../Engine/Content/EngineFonts/Faces/RobotoBold.ufont' (160K)
[2024.03.12-15.24.23:480][  0]LogRenderer: Reallocating scene render targets to support 1920x1080 Format 10 NumSamples 1 (Frame:1).
[2024.03.12-15.24.23:480][  0]LogRHI: Display: ShaderPipelineCache: Paused Batching. 1
[2024.03.12-15.24.23:480][  0]LogPakFile: AllPaks IndexSizes: DirectoryHashSize=225448, PathHashSize=16, EntriesSize=32752, TotalSize=258216
[2024.03.12-15.24.23:480][  0]LogRHI: Display: ShaderPipelineCache: Resumed Batching. 0
[2024.03.12-15.24.23:480][  0]LogRHI: Display: ShaderPipelineCache: Batching Resumed.
[2024.03.12-15.24.23:480][  0]LogInit: Display: Engine is initialized. Leaving FEngineLoop::Init()
[2024.03.12-15.24.23:480][  0]LogLoad: (Engine Initialization) Total time: 1.05 seconds
[2024.03.12-15.24.23:482][  0]LogContentStreaming: Texture pool size now 1000 MB
[2024.03.12-15.24.23:484][  0]LogSlate: InvalidateAllWidgets triggered.  All widgets were invalidated
[2024.03.12-15.24.23:504][  0]LogSlate: Slate font cache was flushed
[2024.03.12-15.24.23:506][  1]LogSlate: Took 0.000193 seconds to synchronously load lazily loaded font '../../../Engine/Content/Slate/Fonts/Roboto-Regular.ttf' (155K)
[2024.03.12-15.24.23:506][  1]LogSlate: Took 0.000169 seconds to synchronously load lazily loaded font '../../../Engine/Content/EngineFonts/Faces/RobotoRegular.ufont' (155K)
[2024.03.12-15.24.23:507][  1]LogSlate: Took 0.000147 seconds to synchronously load lazily loaded font '../../../Engine/Content/EngineFonts/Faces/RobotoBold.ufont' (160K)
[2024.03.12-15.24.26:123][158]LogBlueprintUserMessages: [BB_GameInstance_C_2147482597] Save Name --Game Instance
[2024.03.12-15.24.26:123][158]LogBlueprintUserMessages: [BB_GameInstance_C_2147482597] nigger
[2024.03.12-15.24.26:178][182]LogNet: Browse: /Game/Maps/Lobby/Lobby?listen
[2024.03.12-15.24.26:178][182]LogLoad: LoadMap: /Game/Maps/Lobby/Lobby?listen
[2024.03.12-15.24.26:178][182]LogWorld: BeginTearingDown for /Game/Maps/MainMenu/MainMenu
[2024.03.12-15.24.26:179][182]LogWorld: UWorld::CleanupWorld for MainMenu, bSessionEnded=true, bCleanupResources=true
[2024.03.12-15.24.26:179][182]LogSlate: InvalidateAllWidgets triggered.  All widgets were invalidated
[2024.03.12-15.24.26:205][182]LogAudio: Display: Audio Device unregistered from world 'None'.
[2024.03.12-15.24.26:206][182]LogUObjectHash: Compacting FUObjectHashTables data took   0.54ms
[2024.03.12-15.24.26:207][182]LogStreaming: Display: FlushAsyncLoading: 1 QueuedPackages, 0 AsyncPackages
[2024.03.12-15.24.26:210][182]LogAudio: Display: Audio Device (ID: 1) registered with world 'Lobby'.
[2024.03.12-15.24.26:211][182]LogAIModule: Creating AISystem for world Lobby
[2024.03.12-15.24.26:211][182]LogLoad: Game class is 'MainMenu_GameMode_C'
[2024.03.12-15.24.26:211][182]LogNet: ReplicationDriverClass is null! Not using ReplicationDriver.
[2024.03.12-15.24.26:211][182]LogNetCore: DDoS detection status: detection enabled: 0 analytics enabled: 0
[2024.03.12-15.24.26:211][182]LogInit: WinSock: Socket queue. Rx: 131072 (config 131072) Tx: 131072 (config 131072)
[2024.03.12-15.24.26:211][182]LogNet: Created socket for bind address: 0.0.0.0 on port 7777
[2024.03.12-15.24.26:211][182]PacketHandlerLog: Loaded PacketHandler component: Engine.EngineHandlerComponentFactory (StatelessConnectHandlerComponent)
[2024.03.12-15.24.26:211][182]LogNet: GameNetDriver IpNetDriver_2147482503 IpNetDriver listening on port 7777
[2024.03.12-15.24.26:212][182]LogWorld: Bringing World /Game/Maps/Lobby/Lobby.Lobby up for play (max tick rate 0) at 2024.03.12-22.24.26
[2024.03.12-15.24.26:212][182]LogWorld: Bringing up level for play took: 0.000352
[2024.03.12-15.24.26:213][182]LogBlueprintUserMessages: [MainMenu_GameMode_C_2147482504] nigger
[2024.03.12-15.24.26:213][182]LogLoad: Took 0.035201 seconds to LoadMap(/Game/Maps/Lobby/Lobby)
[2024.03.12-15.24.26:950][492]LogPackageName: SearchForPackageOnDisk took   0.011s to resolve Level02.
[2024.03.12-15.24.26:950][492]LogGameMode: ProcessServerTravel: /Game/Maps/Level02
[2024.03.12-15.24.26:951][492]LogWorld: SeamlessTravel to: /Game/Maps/Level02
[2024.03.12-15.24.26:952][492]LogWorld: BeginTearingDown for /Game/Maps/Lobby/Lobby
[2024.03.12-15.24.26:952][492]LogWorld: UWorld::CleanupWorld for Lobby, bSessionEnded=false, bCleanupResources=true
[2024.03.12-15.24.26:952][492]LogSlate: InvalidateAllWidgets triggered.  All widgets were invalidated
[2024.03.12-15.24.26:974][492]LogAudio: Display: Audio Device (ID: 1) registered with world 'Untitled'.
[2024.03.12-15.24.26:975][492]LogAudio: Display: Audio Device unregistered from world 'None'.
[2024.03.12-15.24.26:976][492]LogUObjectHash: Compacting FUObjectHashTables data took   0.63ms
[2024.03.12-15.24.26:977][492]LogStats:     SeamlessTravel FlushLevelStreaming  -  0.000 s
[2024.03.12-15.24.26:977][492]LogAIModule: Creating AISystem for world Untitled
[2024.03.12-15.24.26:977][492]LogWorld: Bringing World /Temp/Untitled_1.Untitled up for play (max tick rate 0) at 2024.03.12-22.24.26
[2024.03.12-15.24.26:977][492]LogWorld: Bringing up level for play took: 0.000117
[2024.03.12-15.24.26:977][492]LogWorld: Sending NotifyLoadedWorld for LP: LocalPlayer_2147482575 PC: MainMenu_Controller_C_2147482492
[2024.03.12-15.24.26:977][492]LogNet: Verbose: NotifyLoadedWorld Begin
[2024.03.12-15.24.26:977][492]LogNet: VeryVerbose: GetFunctionCallspace Server calling Server function: ServerNotifyLoadedWorld Local
[2024.03.12-15.24.26:977][492]LogNet: Verbose: NotifyLoadedWorld End
[2024.03.12-15.24.26:977][492]LogWorld: StartLoadingDestination to: /Game/Maps/Level02
[2024.03.12-15.24.27:002][494]LogWorld: BeginTearingDown for /Temp/Untitled_1
[2024.03.12-15.24.27:002][494]LogWorld: UWorld::CleanupWorld for Untitled, bSessionEnded=true, bCleanupResources=true
[2024.03.12-15.24.27:002][494]LogSlate: InvalidateAllWidgets triggered.  All widgets were invalidated
[2024.03.12-15.24.27:044][494]LogAudio: Display: Waited 41.766598 ms for audio thread.
[2024.03.12-15.24.27:044][494]LogAudio: Display: Audio Device (ID: 1) registered with world 'Level02'.
[2024.03.12-15.24.27:045][494]LogAudio: Display: Audio Device unregistered from world 'None'.
[2024.03.12-15.24.27:046][494]LogUObjectHash: Compacting FUObjectHashTables data took   0.64ms
[2024.03.12-15.24.27:048][494]LogAIModule: Creating AISystem for world Level02
[2024.03.12-15.24.27:048][494]LogLoad: Game class is 'BP_BRGameMode_C'
[2024.03.12-15.24.27:048][494]LogStats:     SeamlessTravel FlushLevelStreaming  -  0.000 s
[2024.03.12-15.24.27:051][494]LogWorld: Bringing World /Game/Maps/Level02.Level02 up for play (max tick rate 0) at 2024.03.12-22.24.27
[2024.03.12-15.24.27:051][494]LogWorld: Bringing up level for play took: 0.002875
[2024.03.12-15.24.27:051][494]LogWorld: Sending NotifyLoadedWorld for LP: LocalPlayer_2147482575 PC: MainMenu_Controller_C_2147482492
[2024.03.12-15.24.27:051][494]LogNet: Verbose: NotifyLoadedWorld Begin
[2024.03.12-15.24.27:051][494]LogNet: VeryVerbose: GetFunctionCallspace Server calling Server function: ServerNotifyLoadedWorld Local
[2024.03.12-15.24.27:051][494]LogNet: Verbose: NotifyLoadedWorld End
[2024.03.12-15.24.27:051][494]LogWorld: ----SeamlessTravel finished in 0.10 seconds ------
[2024.03.12-15.24.27:052][494]LogGameMode: >> GameMode::HandleSeamlessTravelPlayer: MainMenu_Controller_C_2147482492 
[2024.03.12-15.24.27:052][494]LogGameMode: << GameMode::HandleSeamlessTravelPlayer: BP_PlayerController_C_2147482424
[2024.03.12-15.24.27:052][494]LogGameMode: Display: Match State Changed from EnteringMap to WaitingToStart
[2024.03.12-15.24.27:052][494]LogGameState: Match State Changed from EnteringMap to WaitingToStart
[2024.03.12-15.24.27:052][494]LogGameMode: Display: Match State Changed from WaitingToStart to InProgress
[2024.03.12-15.24.27:053][494]LogViewport: Display: Viewport MouseLockMode Changed, DoNotLock -> LockOnCapture
[2024.03.12-15.24.27:053][494]LogViewport: Display: Viewport MouseCaptureMode Changed, NoCapture -> CapturePermanently
[2024.03.12-15.24.27:054][494]LogGameState: Match State Changed from WaitingToStart to InProgress
[2024.03.12-15.24.27:057][494]LogSlate: Took 0.000265 seconds to synchronously load lazily loaded font '../../../Engine/Content/EngineFonts/Faces/RobotoLight.ufont' (167K)
[2024.03.12-15.24.32:193][502]LogTemp: Warning: server: -1 players remaining
[2024.03.12-15.24.37:358][502]LogWindowsDesktop: Alt-F4 pressed!
[2024.03.12-15.24.37:358][502]LogSlate: Request Window 'Cgame (64-bit Development PCD3D_SM5) ' being destroyed
[2024.03.12-15.24.37:363][502]LogSlate: Window 'Cgame (64-bit Development PCD3D_SM5) ' being destroyed
[2024.03.12-15.24.37:364][502]LogWindowsTextInputMethodSystem: Display: IME system deactivated.
[2024.03.12-15.24.37:369][502]LogSlate: Updating window title bar state: overlay mode, drag disabled, window buttons hidden, title bar hidden
[2024.03.12-15.24.37:369][502]LogEngine: All Windows Closed
[2024.03.12-15.24.37:369][502]LogWindows: FPlatformMisc::RequestExit(0)
[2024.03.12-15.24.37:369][502]LogWindows: FPlatformMisc::RequestExitWithStatus(0, 0)
[2024.03.12-15.24.37:369][502]LogCore: Engine exit requested (reason: Win RequestExit)
[2024.03.12-15.24.37:369][503]LogCore: Engine exit requested (reason: EngineExit() was called; note: exit was already requested)
[2024.03.12-15.24.37:369][503]LogInit: Display: PreExit Game.
[2024.03.12-15.24.37:372][503]LogWorld: BeginTearingDown for /Game/Maps/Level02
[2024.03.12-15.24.37:372][503]LogNet: World NetDriver shutdown IpNetDriver_2147482503 [GameNetDriver]
[2024.03.12-15.24.37:372][503]LogNet: DestroyNamedNetDriver IpNetDriver_2147482503 [GameNetDriver]
[2024.03.12-15.24.37:373][503]LogExit: GameNetDriver IpNetDriver_2147482503 shut down
[2024.03.12-15.24.37:373][503]LogWorld: UWorld::CleanupWorld for Level02, bSessionEnded=true, bCleanupResources=true
[2024.03.12-15.24.37:374][503]LogSlate: InvalidateAllWidgets triggered.  All widgets were invalidated
[2024.03.12-15.24.38:250][503]LogAudio: Display: Beginning Audio Device Manager Shutdown (Module: AudioMixerXAudio2)...
[2024.03.12-15.24.38:250][503]LogAudio: Display: Destroying 1 Remaining Audio Device(s)...
[2024.03.12-15.24.38:250][503]LogAudio: Display: Audio Device unregistered from world 'Level02'.
[2024.03.12-15.24.38:284][503]LogAudioMixer: FMixerPlatformXAudio2::StopAudioStream() called
[2024.03.12-15.24.38:285][503]LogAudioMixer: FMixerPlatformXAudio2::StopAudioStream() called
[2024.03.12-15.24.38:288][503]LogAudio: Display: Audio Device Manager Shutdown
[2024.03.12-15.24.38:291][503]LogExit: Preparing to exit.
[2024.03.12-15.24.38:291][503]LogMoviePlayer: Shutting down movie player
[2024.03.12-15.24.38:293][503]LogSlate: Updating window title bar state: overlay mode, drag disabled, window buttons hidden, title bar hidden
[2024.03.12-15.24.38:298][503]LogDemo: Cleaned up 0 splitscreen connections with owner deletion
[2024.03.12-15.24.38:298][503]LogExit: Game engine shut down
[2024.03.12-15.24.38:312][503]LogExit: Object subsystem successfully closed.
[2024.03.12-15.24.38:319][503]LogModuleManager: Shutting down and abandoning module AutomationController (362)
[2024.03.12-15.24.38:319][503]LogModuleManager: Shutting down and abandoning module AutomationWorker (360)
[2024.03.12-15.24.38:320][503]LogModuleManager: Shutting down and abandoning module Voice (358)
[2024.03.12-15.24.38:320][503]LogModuleManager: Shutting down and abandoning module AIModule (356)
[2024.03.12-15.24.38:320][503]LogModuleManager: Shutting down and abandoning module GameplayDebugger (355)
[2024.03.12-15.24.38:320][503]LogModuleManager: Shutting down and abandoning module NavigationSystem (353)
[2024.03.12-15.24.38:320][503]LogModuleManager: Shutting down and abandoning module WebMMediaFactory (350)
[2024.03.12-15.24.38:320][503]LogModuleManager: Shutting down and abandoning module WebMMedia (348)
[2024.03.12-15.24.38:320][503]LogModuleManager: Shutting down and abandoning module OpenXRInput (346)
[2024.03.12-15.24.38:320][503]LogModuleManager: Shutting down and abandoning module OculusMR (344)
[2024.03.12-15.24.38:320][503]LogModuleManager: Shutting down and abandoning module WmfMediaFactory (342)
[2024.03.12-15.24.38:320][503]LogModuleManager: Shutting down and abandoning module OpenExrWrapper (340)
[2024.03.12-15.24.38:320][503]LogModuleManager: Shutting down and abandoning module ImgMediaFactory (338)
[2024.03.12-15.24.38:320][503]LogModuleManager: Shutting down and abandoning module AvfMediaFactory (336)
[2024.03.12-15.24.38:320][503]LogModuleManager: Shutting down and abandoning module CharacterAI (334)
[2024.03.12-15.24.38:320][503]LogModuleManager: Shutting down and abandoning module PlanarCut (332)
[2024.03.12-15.24.38:320][503]LogModuleManager: Shutting down and abandoning module SessionServices (330)
[2024.03.12-15.24.38:320][503]LogModuleManager: Shutting down and abandoning module LiveCoding (328)
[2024.03.12-15.24.38:320][503]LogModuleManager: Shutting down and abandoning module LevelSequence (326)
[2024.03.12-15.24.38:320][503]LogModuleManager: Shutting down and abandoning module MovieSceneTracks (324)
[2024.03.12-15.24.38:320][503]LogModuleManager: Shutting down and abandoning module MovieScene (322)
[2024.03.12-15.24.38:320][503]LogModuleManager: Shutting down and abandoning module StreamingPauseRendering (320)
[2024.03.12-15.24.38:320][503]LogModuleManager: Shutting down and abandoning module AudioMixerXAudio2 (318)
[2024.03.12-15.24.38:320][503]LogModuleManager: Shutting down and abandoning module AudioMixerCore (317)
[2024.03.12-15.24.38:320][503]LogModuleManager: Shutting down and abandoning module ImageWriteQueue (314)
[2024.03.12-15.24.38:320][503]LogModuleManager: Shutting down and abandoning module ProfilerService (312)
[2024.03.12-15.24.38:504][503]LogModuleManager: Shutting down and abandoning module TaskGraph (310)
[2024.03.12-15.24.38:504][503]LogModuleManager: Shutting down and abandoning module Synthesis (308)
[2024.03.12-15.24.38:504][503]LogModuleManager: Shutting down and abandoning module TakeMovieScene (306)
[2024.03.12-15.24.38:504][503]LogModuleManager: Shutting down and abandoning module LiveLinkMovieScene (304)
[2024.03.12-15.24.38:504][503]LogModuleManager: Shutting down and abandoning module LiveLinkComponents (302)
[2024.03.12-15.24.38:504][503]LogModuleManager: Shutting down and abandoning module LiveLink (300)
[2024.03.12-15.24.39:243][503]LogModuleManager: Shutting down and abandoning module OculusInput (298)
[2024.03.12-15.24.39:243][503]LogModuleManager: Shutting down and abandoning module MobilePatchingUtils (296)
[2024.03.12-15.24.39:243][503]LogModuleManager: Shutting down and abandoning module GooglePAD (294)
[2024.03.12-15.24.39:243][503]LogModuleManager: Shutting down and abandoning module CustomMeshComponent (292)
[2024.03.12-15.24.39:243][503]LogModuleManager: Shutting down and abandoning module CableComponent (290)
[2024.03.12-15.24.39:243][503]LogModuleManager: Shutting down and abandoning module AudioCapture (288)
[2024.03.12-15.24.39:243][503]LogModuleManager: Shutting down and abandoning module AudioCaptureRtAudio (287)
[2024.03.12-15.24.39:243][503]LogModuleManager: Shutting down and abandoning module AssetTags (284)
[2024.03.12-15.24.39:243][503]LogModuleManager: Shutting down and abandoning module ArchVisCharacter (282)
[2024.03.12-15.24.39:243][503]LogModuleManager: Shutting down and abandoning module AppleImageUtils (280)
[2024.03.12-15.24.39:243][503]LogModuleManager: Shutting down and abandoning module AndroidPermission (278)
[2024.03.12-15.24.39:243][503]LogModuleManager: Shutting down and abandoning module ActorLayerUtilities (276)
[2024.03.12-15.24.39:243][503]LogModuleManager: Shutting down and abandoning module MediaCompositing (274)
[2024.03.12-15.24.39:243][503]LogModuleManager: Shutting down and abandoning module ImgMedia (272)
[2024.03.12-15.24.39:243][503]LogModuleManager: Shutting down and abandoning module MagicLeapLightEstimation (270)
[2024.03.12-15.24.39:243][503]LogModuleManager: Shutting down and abandoning module MagicLeapHelperVulkan (268)
[2024.03.12-15.24.39:243][503]LogModuleManager: Shutting down and abandoning module MagicLeapHelperOpenGL (266)
[2024.03.12-15.24.39:243][503]LogModuleManager: Shutting down and abandoning module MagicLeapAudio (264)
[2024.03.12-15.24.39:243][503]LogModuleManager: Shutting down and abandoning module MagicLeapSharedWorld (262)
[2024.03.12-15.24.39:243][503]LogModuleManager: Shutting down and abandoning module OpenImageDenoise (260)
[2024.03.12-15.24.39:243][503]LogModuleManager: Shutting down and abandoning module MotoSynth (258)
[2024.03.12-15.24.39:243][503]LogModuleManager: Shutting down and abandoning module ChaosNiagara (256)
[2024.03.12-15.24.39:243][503]LogModuleManager: Shutting down and abandoning module ProceduralMeshComponent (254)
[2024.03.12-15.24.39:243][503]LogModuleManager: Shutting down and abandoning module GeometryCollectionTracks (252)
[2024.03.12-15.24.39:243][503]LogModuleManager: Shutting down and abandoning module EditableMesh (250)
[2024.03.12-15.24.39:243][503]LogModuleManager: Shutting down and abandoning module MeshConversion (248)
[2024.03.12-15.24.39:243][503]LogModuleManager: Shutting down and abandoning module DynamicMesh (246)
[2024.03.12-15.24.39:243][503]LogModuleManager: Shutting down and abandoning module GeometryAlgorithms (244)
[2024.03.12-15.24.39:243][503]LogModuleManager: Shutting down and abandoning module GeometricObjects (242)
[2024.03.12-15.24.39:243][503]LogModuleManager: Shutting down and abandoning module BackChannel (240)
[2024.03.12-15.24.39:243][503]LogModuleManager: Shutting down and abandoning module AutomationUtils (238)
[2024.03.12-15.24.39:243][503]LogModuleManager: Shutting down and abandoning module GeometryCacheTracks (236)
[2024.03.12-15.24.39:243][503]LogModuleManager: Shutting down and abandoning module GeometryCache (234)
[2024.03.12-15.24.39:243][503]LogModuleManager: Shutting down and abandoning module UObjectPlugin (232)
[2024.03.12-15.24.39:243][503]LogModuleManager: Shutting down and abandoning module OodleNetworkHandlerComponent (230)
[2024.03.12-15.24.39:243][503]LogModuleManager: Shutting down and abandoning module TemplateSequence (228)
[2024.03.12-15.24.39:243][503]LogModuleManager: Shutting down and abandoning module Cgame (226)
[2024.03.12-15.24.39:243][503]LogModuleManager: Shutting down and abandoning module AudioSynesthesia (224)
[2024.03.12-15.24.39:243][503]LogModuleManager: Shutting down and abandoning module AudioSynesthesiaCore (222)
[2024.03.12-15.24.39:243][503]LogModuleManager: Shutting down and abandoning module SoundFields (220)
[2024.03.12-15.24.39:243][503]LogModuleManager: Shutting down and abandoning module RuntimePhysXCooking (218)
[2024.03.12-15.24.39:243][503]LogModuleManager: Shutting down and abandoning module LocationServicesBPLibrary (214)
[2024.03.12-15.24.39:243][503]LogModuleManager: Shutting down and abandoning module ActorSequence (212)
[2024.03.12-15.24.39:243][503]LogModuleManager: Shutting down and abandoning module UdpMessaging (210)
[2024.03.12-15.24.39:243][503]LogModuleManager: Shutting down and abandoning module TcpMessaging (208)
[2024.03.12-15.24.39:243][503]LogModuleManager: Shutting down and abandoning module ImgMediaEngine (206)
[2024.03.12-15.24.39:243][503]LogModuleManager: Shutting down and abandoning module MagicLeapHandMeshing (204)
[2024.03.12-15.24.39:243][503]LogModuleManager: Shutting down and abandoning module MagicLeapSecureStorage (202)
[2024.03.12-15.24.39:243][503]LogModuleManager: Shutting down and abandoning module MagicLeapPrivileges (200)
[2024.03.12-15.24.39:243][503]LogModuleManager: Shutting down and abandoning module MagicLeapPlanes (198)
[2024.03.12-15.24.39:243][503]LogModuleManager: Shutting down and abandoning module MagicLeapImageTracker (196)
[2024.03.12-15.24.39:243][503]LogModuleManager: Shutting down and abandoning module MagicLeapIdentity (194)
[2024.03.12-15.24.39:243][503]LogModuleManager: Shutting down and abandoning module MagicLeapHandTracking (192)
[2024.03.12-15.24.39:243][503]LogModuleManager: Shutting down and abandoning module MagicLeapEyeTracker (190)
[2024.03.12-15.24.39:243][503]LogModuleManager: Shutting down and abandoning module MagicLeapController (188)
[2024.03.12-15.24.39:243][503]LogModuleManager: Shutting down and abandoning module MagicLeapARPinImpl (186)
[2024.03.12-15.24.39:243][503]LogModuleManager: Shutting down and abandoning module MagicLeapAR (184)
[2024.03.12-15.24.39:243][503]LogModuleManager: Shutting down and abandoning module MagicLeapARPin (182)
[2024.03.12-15.24.39:243][503]LogModuleManager: Shutting down and abandoning module NiagaraAnimNotifies (180)
[2024.03.12-15.24.39:243][503]LogModuleManager: Shutting down and abandoning module Niagara (178)
[2024.03.12-15.24.39:243][503]LogModuleManager: Shutting down and abandoning module SignalProcessing (177)
[2024.03.12-15.24.39:243][503]LogModuleManager: Shutting down and abandoning module NiagaraCore (174)
[2024.03.12-15.24.39:243][503]LogModuleManager: Shutting down and abandoning module FacialAnimation (172)
[2024.03.12-15.24.39:243][503]LogModuleManager: Shutting down and abandoning module SignificanceManager (170)
[2024.03.12-15.24.39:243][503]LogModuleManager: Shutting down and abandoning module AnimationSharing (168)
[2024.03.12-15.24.39:243][503]LogModuleManager: Shutting down and abandoning module GameplayCameras (166)
[2024.03.12-15.24.39:243][503]LogModuleManager: Shutting down and abandoning module LightPropagationVolumeRuntime (164)
[2024.03.12-15.24.39:243][503]LogModuleManager: Shutting down and abandoning module Paper2D (162)
[2024.03.12-15.24.39:243][503]LogModuleManager: Shutting down and abandoning module EnhancedInput (160)
[2024.03.12-15.24.39:243][503]LogModuleManager: Shutting down and abandoning module WindowsMoviePlayer (158)
[2024.03.12-15.24.39:244][503]LogModuleManager: Shutting down and abandoning module WebMMoviePlayer (156)
[2024.03.12-15.24.39:244][503]LogModuleManager: Shutting down and abandoning module NetworkReplayStreaming (154)
[2024.03.12-15.24.39:244][503]LogModuleManager: Shutting down and abandoning module PacketHandler (152)
[2024.03.12-15.24.39:244][503]LogModuleManager: Shutting down and abandoning module ClothingSystemRuntimeNv (150)
[2024.03.12-15.24.39:244][503]LogModuleManager: Shutting down and abandoning module MediaAssets (148)
[2024.03.12-15.24.39:244][503]LogModuleManager: Shutting down and abandoning module Overlay (146)
[2024.03.12-15.24.39:244][503]LogModuleManager: Shutting down and abandoning module FunctionalTesting (144)
[2024.03.12-15.24.39:244][503]LogModuleManager: Shutting down and abandoning module MessageLog (142)
[2024.03.12-15.24.39:244][503]LogModuleManager: Shutting down and abandoning module UMG (140)
[2024.03.12-15.24.39:244][503]LogModuleManager: Shutting down and abandoning module SlateReflector (138)
[2024.03.12-15.24.39:244][503]LogModuleManager: Shutting down and abandoning module Slate (136)
[2024.03.12-15.24.39:244][503]LogModuleManager: Shutting down and abandoning module SlateCore (134)
[2024.03.12-15.24.39:245][503]LogModuleManager: Shutting down and abandoning module MRMesh (132)
[2024.03.12-15.24.39:245][503]LogModuleManager: Shutting down and abandoning module Messaging (130)
[2024.03.12-15.24.39:245][503]LogModuleManager: Shutting down and abandoning module HeadMountedDisplay (128)
[2024.03.12-15.24.39:245][503]LogModuleManager: Shutting down and abandoning module XAudio2 (126)
[2024.03.12-15.24.39:245][503]LogModuleManager: Shutting down and abandoning module Networking (124)
[2024.03.12-15.24.39:245][503]LogModuleManager: Shutting down and abandoning module Core (122)
[2024.03.12-15.24.39:245][503]LogModuleManager: Shutting down and abandoning module FieldSystemEngine (120)
[2024.03.12-15.24.39:245][503]LogModuleManager: Shutting down and abandoning module ImageWrapper (116)
[2024.03.12-15.24.39:245][503]LogModuleManager: Shutting down and abandoning module D3D11RHI (114)
[2024.03.12-15.24.39:245][503]LogModuleManager: Shutting down and abandoning module InputCore (112)
[2024.03.12-15.24.39:245][503]LogModuleManager: Shutting down and abandoning module Settings (110)
[2024.03.12-15.24.39:245][503]LogModuleManager: Shutting down and abandoning module PhysXCooking (108)
[2024.03.12-15.24.39:245][503]LogModuleManager: Shutting down and abandoning module Chaos (106)
[2024.03.12-15.24.39:245][503]LogModuleManager: Shutting down and abandoning module WindowsPlatformFeatures (104)
[2024.03.12-15.24.39:245][503]LogModuleManager: Shutting down and abandoning module GameplayMediaEncoder (103)
[2024.03.12-15.24.39:245][503]LogModuleManager: Shutting down and abandoning module AVEncoder (102)
[2024.03.12-15.24.39:245][503]LogModuleManager: Shutting down and abandoning module SteamVRInputDevice (98)
[2024.03.12-15.24.39:245][503]LogModuleManager: Shutting down and abandoning module SteamVRInput (96)
[2024.03.12-15.24.39:245][503]LogModuleManager: Shutting down and abandoning module SteamVR (94)
[2024.03.12-15.24.39:245][503]LogHMD: Freeing OpenVRDLLHandle.
[2024.03.12-15.24.39:245][503]LogModuleManager: Shutting down and abandoning module OpenXRHandTracking (92)
[2024.03.12-15.24.39:245][503]LogSlate: Slate User Destroyed.  User Index 0, Is Virtual User: 0
[2024.03.12-15.24.39:245][503]LogModuleManager: Shutting down and abandoning module OpenXRAR (90)
[2024.03.12-15.24.39:245][503]LogModuleManager: Shutting down and abandoning module AugmentedReality (89)
[2024.03.12-15.24.39:245][503]LogModuleManager: Shutting down and abandoning module OpenXRHMD (86)
[2024.03.12-15.24.39:245][503]LogModuleManager: Shutting down and abandoning module OpenXREyeTracker (84)
[2024.03.12-15.24.39:245][503]LogModuleManager: Shutting down and abandoning module OculusHMD (82)
[2024.03.12-15.24.39:245][503]LogModuleManager: Shutting down and abandoning module ExampleDeviceProfileSelector (80)
[2024.03.12-15.24.39:245][503]LogModuleManager: Shutting down and abandoning module ChunkDownloader (78)
[2024.03.12-15.24.39:245][503]LogModuleManager: Shutting down and abandoning module LauncherChunkInstaller (76)
[2024.03.12-15.24.39:245][503]LogModuleManager: Shutting down and abandoning module OnlineSubsystem (72)
[2024.03.12-15.24.39:245][503]LogModuleManager: Shutting down and abandoning module HTTP (67)
[2024.03.12-15.24.39:245][503]LogHttp: Display: cleaning up 0 outstanding Http requests.
[2024.03.12-15.24.39:252][503]LogModuleManager: Shutting down and abandoning module SSL (66)
[2024.03.12-15.24.39:252][503]LogModuleManager: Shutting down and abandoning module WmfMedia (62)
[2024.03.12-15.24.39:252][503]LogModuleManager: Shutting down and abandoning module Media (61)
[2024.03.12-15.24.39:253][503]LogModuleManager: Shutting down and abandoning module MediaInfo (60)
[2024.03.12-15.24.39:253][503]LogModuleManager: Shutting down and abandoning module ExrReaderGpu (56)
[2024.03.12-15.24.39:253][503]LogModuleManager: Shutting down and abandoning module MLSDK (54)
[2024.03.12-15.24.39:253][503]LogModuleManager: Shutting down and abandoning module MagicLeap (52)
[2024.03.12-15.24.39:253][503]LogModuleManager: Shutting down and abandoning module NiagaraVertexFactories (50)
[2024.03.12-15.24.39:253][503]LogModuleManager: Shutting down and abandoning module NiagaraShader (48)
[2024.03.12-15.24.39:253][503]LogModuleManager: Shutting down and abandoning module ChaosCloth (46)
[2024.03.12-15.24.39:253][503]LogModuleManager: Shutting down and abandoning module VariantManagerContent (44)
[2024.03.12-15.24.39:253][503]LogModuleManager: Shutting down and abandoning module DatasmithContent (42)
[2024.03.12-15.24.39:253][503]LogModuleManager: Shutting down and abandoning module PixWinPlugin (40)
[2024.03.12-15.24.39:253][503]LogModuleManager: Shutting down and abandoning module AISupportModule (38)
[2024.03.12-15.24.39:253][503]LogModuleManager: Shutting down and abandoning module PlatformCryptoOpenSSL (36)
[2024.03.12-15.24.39:253][503]LogModuleManager: Shutting down and abandoning module PlatformCryptoTypes (34)
[2024.03.12-15.24.39:253][503]LogModuleManager: Shutting down and abandoning module PlatformCrypto (32)
[2024.03.12-15.24.39:253][503]LogModuleManager: Shutting down and abandoning module PythonScriptPluginPreload (30)
[2024.03.12-15.24.39:253][503]LogModuleManager: Shutting down and abandoning module OodleDataCompressionFormat (28)
[2024.03.12-15.24.39:253][503]LogModuleManager: Shutting down and abandoning module RenderCore (26)
[2024.03.12-15.24.39:253][503]LogModuleManager: Shutting down and abandoning module Landscape (24)
[2024.03.12-15.24.39:253][503]LogModuleManager: Shutting down and abandoning module SlateRHIRenderer (22)
[2024.03.12-15.24.39:254][503]LogModuleManager: Shutting down and abandoning module AnimGraphRuntime (20)
[2024.03.12-15.24.39:254][503]LogModuleManager: Shutting down and abandoning module Renderer (18)
[2024.03.12-15.24.39:254][503]LogModuleManager: Shutting down and abandoning module Engine (16)
[2024.03.12-15.24.39:254][503]LogModuleManager: Shutting down and abandoning module CoreUObject (14)
[2024.03.12-15.24.39:254][503]LogModuleManager: Shutting down and abandoning module NetworkFile (12)
[2024.03.12-15.24.39:254][503]LogModuleManager: Shutting down and abandoning module CookedIterativeFile (10)
[2024.03.12-15.24.39:254][503]LogModuleManager: Shutting down and abandoning module StreamingFile (8)
[2024.03.12-15.24.39:254][503]LogModuleManager: Shutting down and abandoning module SandboxFile (6)
[2024.03.12-15.24.39:254][503]LogModuleManager: Shutting down and abandoning module PakFile (4)
[2024.03.12-15.24.39:255][503]LogModuleManager: Shutting down and abandoning module RSA (3)
[2024.03.12-15.24.39:255][503]LogContentStreaming: Display: There are 1 unreleased StreamingManagers
[2024.03.12-15.24.39:259][503]LogD3D11RHI: Shutdown
[2024.03.12-15.24.39:259][503]LogD3D11RHI: CleanupD3DDevice
[2024.03.12-15.24.39:260][503]LogExit: Exiting.
[2024.03.12-15.24.39:269][503]Log file closed, 03/12/24 22:24:39
