Log file open, 03/11/24 12:37:56
LogWindows: Failed to load 'aqProf.dll' (GetLastError=126)
LogWindows: File 'aqProf.dll' does not exist
LogWindows: Failed to load 'VtuneApi.dll' (GetLastError=126)
LogWindows: File 'VtuneApi.dll' does not exist
LogWindows: Failed to load 'VtuneApi32e.dll' (GetLastError=126)
LogWindows: File 'VtuneApi32e.dll' does not exist
LogConsoleResponse: Display: Failed to find resolution value strings in scalability ini. Falling back to default.
LogConsoleResponse: Display: Failed to find resolution value strings in scalability ini. Falling back to default.
LogPakFile: Display: Found Pak file ../../../Cgame/Content/Paks/Cgame-WindowsServer.pak attempting to mount.
LogPakFile: Display: Mounting pak file ../../../Cgame/Content/Paks/Cgame-WindowsServer.pak.
LogPakFile: PakFile PrimaryIndexSize=26950
LogPakFile: PakFile PathHashIndexSize=47328
LogPakFile: PakFile FullDirectoryIndexSize=62400
LogShaderLibrary: Display: ShaderCodeLibraryPakFileMountedCallback: PakFile '../../../Cgame/Content/Paks/Cgame-WindowsServer.pak' (chunk index -1, root '../../../') mounted
LogShaderLibrary: Display: ShaderCodeLibraryPakFileMountedCallback: pending pak file info (ChunkID:-1 Root:../../../ File:../../../Cgame/Content/Paks/Cgame-WindowsServer.pak)
LogPakFile: OnPakFileMounted2Time == 0.000029
LogPlatformFile: Not using cached read wrapper
LogTaskGraph: Started task graph with 5 named threads and 9 total threads with 1 sets of task threads.
LogStats: Stats thread started at 0.069727
LogICUInternationalization: ICU TimeZone Detection - Raw Offset: +7:00, Platform Override: ''
LogInit: Display: Loading text-based GConfig....
LogPluginManager: Mounting plugin EnhancedInput
LogPluginManager: Mounting plugin Paper2D
LogPluginManager: Mounting plugin AISupport
LogPluginManager: Mounting plugin EnvironmentQueryEditor
LogPluginManager: Mounting plugin LightPropagationVolume
LogPluginManager: Mounting plugin CameraShakePreviewer
LogPluginManager: Mounting plugin GameplayCameras
LogPluginManager: Mounting plugin TemplateSequence
LogPluginManager: Mounting plugin LevelSequenceEditor
LogPluginManager: Mounting plugin OodleData
LogPluginManager: Mounting plugin OodleNetwork
LogPluginManager: Mounting plugin AnimationSharing
LogPluginManager: Mounting plugin SignificanceManager
LogPluginManager: Mounting plugin PluginUtils
LogPluginManager: Mounting plugin PropertyAccessEditor
LogPluginManager: Mounting plugin UObjectPlugin
LogPluginManager: Mounting plugin AssetManagerEditor
LogPluginManager: Mounting plugin FacialAnimation
LogPluginManager: Mounting plugin GeometryMode
LogPluginManager: Mounting plugin SpeedTreeImporter
LogPluginManager: Mounting plugin DatasmithContent
LogPluginManager: Mounting plugin VariantManagerContent
LogPluginManager: Mounting plugin AlembicImporter
LogPluginManager: Mounting plugin GeometryCache
LogPluginManager: Mounting plugin AutomationUtils
LogPluginManager: Mounting plugin ScreenshotTools
LogPluginManager: Mounting plugin BackChannel
LogPluginManager: Mounting plugin ChaosClothEditor
LogPluginManager: Mounting plugin ChaosCloth
LogPluginManager: Mounting plugin ChaosEditor
LogPluginManager: Mounting plugin PlanarCut
LogPluginManager: Mounting plugin GeometryProcessing
LogPluginManager: Mounting plugin EditableMesh
LogPluginManager: Mounting plugin GeometryCollectionPlugin
LogPluginManager: Mounting plugin ProceduralMeshComponent
LogPluginManager: Mounting plugin ChaosSolverPlugin
LogPluginManager: Mounting plugin ChaosNiagara
LogPluginManager: Mounting plugin Niagara
LogPluginManager: Mounting plugin PythonScriptPlugin
LogPluginManager: Mounting plugin CharacterAI
LogPluginManager: Mounting plugin MotoSynth
LogPluginManager: Mounting plugin OpenImageDenoise
LogPluginManager: Mounting plugin PlatformCrypto
LogPluginManager: Mounting plugin MagicLeapPassableWorld
LogPluginManager: Mounting plugin MagicLeap
LogPluginManager: Mounting plugin MLSDK
LogPluginManager: Mounting plugin MagicLeapLightEstimation
LogPluginManager: Mounting plugin AvfMedia
LogPluginManager: Mounting plugin ImgMedia
LogPluginManager: Mounting plugin MediaCompositing
LogPluginManager: Mounting plugin MeshPainting
LogPluginManager: Mounting plugin TcpMessaging
LogPluginManager: Mounting plugin UdpMessaging
LogPluginManager: Mounting plugin ActorSequence
LogPluginManager: Mounting plugin MatineeToLevelSequence
LogPluginManager: Mounting plugin OnlineSubsystemNull
LogPluginManager: Mounting plugin OnlineSubsystem
LogPluginManager: Mounting plugin OnlineSubsystemUtils
LogPluginManager: Mounting plugin LauncherChunkInstaller
LogPluginManager: Mounting plugin ActorLayerUtilities
LogPluginManager: Mounting plugin AndroidPermission
LogPluginManager: Mounting plugin AppleImageUtils
LogPluginManager: Mounting plugin ArchVisCharacter
LogPluginManager: Mounting plugin AssetTags
LogPluginManager: Mounting plugin AudioCapture
LogPluginManager: Mounting plugin CableComponent
LogPluginManager: Mounting plugin ChunkDownloader
LogPluginManager: Mounting plugin CustomMeshComponent
LogPluginManager: Mounting plugin ExampleDeviceProfileSelector
LogPluginManager: Mounting plugin GooglePAD
LogPluginManager: Mounting plugin LocationServicesBPLibrary
LogPluginManager: Mounting plugin MobilePatchingUtils
LogPluginManager: Mounting plugin OculusVR
LogPluginManager: Mounting plugin OpenXREyeTracker
LogPluginManager: Mounting plugin OpenXR
LogPluginManager: Mounting plugin OpenXRHandTracking
LogPluginManager: Mounting plugin LiveLink
LogPluginManager: Mounting plugin Takes
LogPluginManager: Mounting plugin PhysXVehicles
LogPluginManager: Mounting plugin RuntimePhysXCooking
LogPluginManager: Mounting plugin SoundFields
LogPluginManager: Mounting plugin SteamVR
LogPluginManager: Mounting plugin Synthesis
LogPluginManager: Mounting plugin AudioSynesthesia
LogPluginManager: Mounting plugin WindowsMoviePlayer
LogLuminAPIImpl: Warning: MLSDK not found.  This likely means the MLSDK environment variable is not set.
LogInit: Using libcurl 7.55.1-DEV
LogInit:  - built for x86_64-pc-win32
LogInit:  - supports SSL with OpenSSL/1.1.1
LogInit:  - supports HTTP deflate (compression) using libz 1.2.8
LogInit:  - other features:
LogInit:      CURL_VERSION_SSL
LogInit:      CURL_VERSION_LIBZ
LogInit:      CURL_VERSION_IPV6
LogInit:      CURL_VERSION_ASYNCHDNS
LogInit:      CURL_VERSION_LARGEFILE
LogInit:      CURL_VERSION_IDN
LogInit:  CurlRequestOptions (configurable via config and command line):
LogInit:  - bVerifyPeer = true  - Libcurl will verify peer certificate
LogInit:  - bUseHttpProxy = false  - Libcurl will NOT use HTTP proxy
LogInit:  - bDontReuseConnections = false  - Libcurl will reuse connections
LogInit:  - MaxHostConnections = 16  - Libcurl will limit the number of connections to a host
LogInit:  - LocalHostAddr = Default
LogInit:  - BufferSize = 65536
LogOnline: OSS: Creating online subsystem instance for: Null
LogInit: WinSock: version 1.1 (2.2), MaxSocks=32767, MaxUdp=65467
LogOnline: OSS: TryLoadSubsystemAndSetDefault: Loaded subsystem for module [Null]
LogInit: Build: ++UE4+Release-4.27-CL-0
LogInit: Engine Version: 4.27.2-0+++UE4+Release-4.27
LogInit: Compatible Engine Version: 4.27.0-0+++UE4+Release-4.27
LogInit: Net CL: 0
LogInit: OS: Windows 10 (Release 2009) (), CPU: AMD Ryzen 5 5600 6-Core Processor              , GPU: NVIDIA GeForce RTX 4060
LogInit: Compiled (64-bit): Feb 22 2024 23:04:07
LogInit: Compiled with Visual C++: 19.29.30154.00
LogInit: Build Configuration: Development
LogInit: Branch Name: ++UE4+Release-4.27
LogInit: Command Line:  -log
LogInit: Base Directory: C:/Users/NoU/Documents/Unreal Projects/Cpp-GameDev/Packaged/WindowsServer/Cgame/Binaries/Win64/
LogInit: Allocator: binned2
LogInit: Installed Engine Build: 0
LogDevObjectVersion: Number of dev versions registered: 29
LogDevObjectVersion:   Dev-Blueprints (B0D832E4-1F89-4F0D-ACCF-7EB736FD4AA2): 10
LogDevObjectVersion:   Dev-Build (E1C64328-A22C-4D53-A36C-8E866417BD8C): 0
LogDevObjectVersion:   Dev-Core (375EC13C-06E4-48FB-B500-84F0262A717E): 4
LogDevObjectVersion:   Dev-Editor (E4B068ED-F494-42E9-A231-DA0B2E46BB41): 40
LogDevObjectVersion:   Dev-Framework (CFFC743F-43B0-4480-9391-14DF171D2073): 37
LogDevObjectVersion:   Dev-Mobile (B02B49B5-BB20-44E9-A304-32B752E40360): 3
LogDevObjectVersion:   Dev-Networking (A4E4105C-59A1-49B5-A7C5-40C4547EDFEE): 0
LogDevObjectVersion:   Dev-Online (39C831C9-5AE6-47DC-9A44-9C173E1C8E7C): 0
LogDevObjectVersion:   Dev-Physics (78F01B33-EBEA-4F98-B9B4-84EACCB95AA2): 14
LogDevObjectVersion:   Dev-Platform (6631380F-2D4D-43E0-8009-CF276956A95A): 0
LogDevObjectVersion:   Dev-Rendering (12F88B9F-8875-4AFC-A67C-D90C383ABD29): 45
LogDevObjectVersion:   Dev-Sequencer (7B5AE74C-D270-4C10-A958-57980B212A5A): 13
LogDevObjectVersion:   Dev-VR (D7296918-1DD6-4BDD-9DE2-64A83CC13884): 3
LogDevObjectVersion:   Dev-LoadTimes (C2A15278-BFE7-4AFE-6C17-90FF531DF755): 1
LogDevObjectVersion:   Private-Geometry (6EACA3D4-40EC-4CC1-B786-8BED09428FC5): 3
LogDevObjectVersion:   Dev-AnimPhys (29E575DD-E0A3-4627-9D10-D276232CDCEA): 17
LogDevObjectVersion:   Dev-Anim (AF43A65D-7FD3-4947-9873-3E8ED9C1BB05): 15
LogDevObjectVersion:   Dev-ReflectionCapture (6B266CEC-1EC7-4B8F-A30B-E4D90942FC07): 1
LogDevObjectVersion:   Dev-Automation (0DF73D61-A23F-47EA-B727-89E90C41499A): 1
LogDevObjectVersion:   FortniteMain (601D1886-AC64-4F84-AA16-D3DE0DEAC7D6): 47
LogDevObjectVersion:   FortniteRelease (E7086368-6B23-4C58-8439-1B7016265E91): 1
LogDevObjectVersion:   Dev-Enterprise (9DFFBCD6-494F-0158-E221-12823C92A888): 10
LogDevObjectVersion:   Dev-Niagara (F2AED0AC-9AFE-416F-8664-AA7FFA26D6FC): 1
LogDevObjectVersion:   Dev-Destruction (174F1F0B-B4C6-45A5-B13F-2EE8D0FB917D): 10
LogDevObjectVersion:   Dev-Physics-Ext (35F94A83-E258-406C-A318-09F59610247C): 41
LogDevObjectVersion:   Dev-PhysicsMaterial-Chaos (B68FC16E-8B1B-42E2-B453-215C058844FE): 1
LogDevObjectVersion:   Dev-CineCamera (B2E18506-4273-CFC2-A54E-F4BB758BBA07): 1
LogDevObjectVersion:   Dev-VirtualProduction (64F58936-FD1B-42BA-BA96-7289D5D0FA4E): 1
LogDevObjectVersion:   Dev-MediaFramework (6F0ED827-A609-4895-9C91-998D90180EA4): 2
LogInit: Presizing for max 2097152 objects, including 1 objects not considered by GC, pre-allocating 0 bytes for permanent pool.
LogConfig: Applying CVar settings from Section [/Script/Engine.StreamingSettings] File [../../../Cgame/Saved/Config/WindowsServer/Engine.ini]
LogConfig: Setting CVar [[s.MinBulkDataSizeForAsyncLoading:131072]]
LogConfig: Setting CVar [[s.AsyncLoadingThreadEnabled:0]]
LogConfig: Setting CVar [[s.EventDrivenLoaderEnabled:1]]
LogConfig: Setting CVar [[s.WarnIfTimeLimitExceeded:0]]
LogConfig: Setting CVar [[s.TimeLimitExceededMultiplier:1.5]]
LogConfig: Setting CVar [[s.TimeLimitExceededMinTime:0.005]]
LogConfig: Setting CVar [[s.UseBackgroundLevelStreaming:1]]
LogConfig: Setting CVar [[s.PriorityAsyncLoadingExtraTime:15.0]]
LogConfig: Setting CVar [[s.LevelStreamingActorsUpdateTimeLimit:5.0]]
LogConfig: Setting CVar [[s.PriorityLevelStreamingActorsUpdateExtraTime:5.0]]
LogConfig: Setting CVar [[s.LevelStreamingComponentsRegistrationGranularity:10]]
LogConfig: Setting CVar [[s.UnregisterComponentsTimeLimit:1.0]]
LogConfig: Setting CVar [[s.LevelStreamingComponentsUnregistrationGranularity:5]]
LogConfig: Setting CVar [[s.FlushStreamingOnExit:1]]
LogStreaming: Display: Async Loading initialized: Event Driven Loader: true, Async Loading Thread: false, Async Post Load: false
LogInit: Object subsystem initialized
LogConfig: Setting CVar [[con.DebugEarlyDefault:1]]
LogConfig: Setting CVar [[r.setres:1280x720]]
LogConfig: Setting CVar [[fx.NiagaraAllowRuntimeScalabilityChanges:1]]
[2024.03.11-05.37.57:074][  0]LogConfig: Setting CVar [[con.DebugEarlyDefault:1]]
[2024.03.11-05.37.57:074][  0]LogConfig: Setting CVar [[r.setres:1280x720]]
[2024.03.11-05.37.57:075][  0]LogConfig: Setting CVar [[fx.NiagaraAllowRuntimeScalabilityChanges:1]]
[2024.03.11-05.37.57:075][  0]LogConfig: Applying CVar settings from Section [/Script/Engine.RendererSettings] File [../../../Cgame/Saved/Config/WindowsServer/Engine.ini]
[2024.03.11-05.37.57:076][  0]LogConfig: Setting CVar [[r.GPUCrashDebugging:0]]
[2024.03.11-05.37.57:076][  0]LogConfig: Setting CVar [[r.Mobile.DisableVertexFog:1]]
[2024.03.11-05.37.57:077][  0]LogConfig: Setting CVar [[r.Shadow.CSM.MaxMobileCascades:2]]
[2024.03.11-05.37.57:077][  0]LogConfig: Setting CVar [[r.MobileMSAA:1]]
[2024.03.11-05.37.57:077][  0]LogConfig: Setting CVar [[r.Mobile.AllowDitheredLODTransition:0]]
[2024.03.11-05.37.57:078][  0]LogConfig: Setting CVar [[r.Mobile.AllowSoftwareOcclusion:0]]
[2024.03.11-05.37.57:079][  0]LogConfig: Setting CVar [[r.Mobile.VirtualTextures:0]]
[2024.03.11-05.37.57:079][  0]LogConfig: Setting CVar [[r.DiscardUnusedQuality:0]]
[2024.03.11-05.37.57:079][  0]LogConfig: Setting CVar [[r.AllowOcclusionQueries:1]]
[2024.03.11-05.37.57:080][  0]LogConfig: Setting CVar [[r.MinScreenRadiusForLights:0.030000]]
[2024.03.11-05.37.57:080][  0]LogConfig: Setting CVar [[r.MinScreenRadiusForDepthPrepass:0.030000]]
[2024.03.11-05.37.57:081][  0]LogConfig: Setting CVar [[r.MinScreenRadiusForCSMDepth:0.010000]]
[2024.03.11-05.37.57:081][  0]LogConfig: Setting CVar [[r.PrecomputedVisibilityWarning:0]]
[2024.03.11-05.37.57:082][  0]LogConfig: Setting CVar [[r.TextureStreaming:1]]
[2024.03.11-05.37.57:082][  0]LogConfig: Setting CVar [[Compat.UseDXT5NormalMaps:0]]
[2024.03.11-05.37.57:082][  0]LogConfig: Setting CVar [[r.VirtualTextures:0]]
[2024.03.11-05.37.57:084][  0]LogConfig: Setting CVar [[r.VT.EnableAutoImport:1]]
[2024.03.11-05.37.57:086][  0]LogConfig: Setting CVar [[r.VirtualTexturedLightmaps:0]]
[2024.03.11-05.37.57:086][  0]LogConfig: Setting CVar [[r.VT.TileSize:128]]
[2024.03.11-05.37.57:087][  0]LogConfig: Setting CVar [[r.VT.TileBorderSize:4]]
[2024.03.11-05.37.57:087][  0]LogConfig: Setting CVar [[r.vt.FeedbackFactor:16]]
[2024.03.11-05.37.57:088][  0]LogConfig: Setting CVar [[r.VT.EnableCompressZlib:1]]
[2024.03.11-05.37.57:089][  0]LogConfig: Setting CVar [[r.VT.EnableCompressCrunch:0]]
[2024.03.11-05.37.57:089][  0]LogConfig: Setting CVar [[r.ClearCoatNormal:0]]
[2024.03.11-05.37.57:090][  0]LogConfig: Setting CVar [[r.ReflectionCaptureResolution:128]]
[2024.03.11-05.37.57:090][  0]LogConfig: Setting CVar [[r.Mobile.ReflectionCaptureCompression:0]]
[2024.03.11-05.37.57:090][  0]LogConfig: Setting CVar [[r.ReflectionEnvironmentLightmapMixBasedOnRoughness:1]]
[2024.03.11-05.37.57:091][  0]LogConfig: Setting CVar [[r.ForwardShading:0]]
[2024.03.11-05.37.57:091][  0]LogConfig: Setting CVar [[r.VertexFoggingForOpaque:1]]
[2024.03.11-05.37.57:091][  0]LogConfig: Setting CVar [[r.AllowStaticLighting:1]]
[2024.03.11-05.37.57:092][  0]LogConfig: Setting CVar [[r.NormalMapsForStaticLighting:0]]
[2024.03.11-05.37.57:092][  0]LogConfig: Setting CVar [[r.GenerateMeshDistanceFields:0]]
[2024.03.11-05.37.57:093][  0]LogConfig: Setting CVar [[r.DistanceFieldBuild.EightBit:0]]
[2024.03.11-05.37.57:093][  0]LogConfig: Setting CVar [[r.GenerateLandscapeGIData:0]]
[2024.03.11-05.37.57:094][  0]LogConfig: Setting CVar [[r.DistanceFieldBuild.Compress:0]]
[2024.03.11-05.37.57:094][  0]LogConfig: Setting CVar [[r.TessellationAdaptivePixelsPerTriangle:48.000000]]
[2024.03.11-05.37.57:094][  0]LogConfig: Setting CVar [[r.SeparateTranslucency:1]]
[2024.03.11-05.37.57:095][  0]LogConfig: Setting CVar [[r.TranslucentSortPolicy:0]]
[2024.03.11-05.37.57:095][  0]LogConfig: Setting CVar [[vr.VRS.HMDFixedFoveationLevel:0]]
[2024.03.11-05.37.57:096][  0]LogConfig: Setting CVar [[r.CustomDepth:1]]
[2024.03.11-05.37.57:096][  0]LogConfig: Setting CVar [[r.CustomDepthTemporalAAJitter:1]]
[2024.03.11-05.37.57:097][  0]LogConfig: Setting CVar [[r.PostProcessing.PropagateAlpha:0]]
[2024.03.11-05.37.57:097][  0]LogConfig: Setting CVar [[r.DefaultFeature.Bloom:1]]
[2024.03.11-05.37.57:098][  0]LogConfig: Setting CVar [[r.DefaultFeature.AmbientOcclusion:1]]
[2024.03.11-05.37.57:098][  0]LogConfig: Setting CVar [[r.DefaultFeature.AmbientOcclusionStaticFraction:1]]
[2024.03.11-05.37.57:099][  0]LogConfig: Setting CVar [[r.DefaultFeature.AutoExposure:0]]
[2024.03.11-05.37.57:101][  0]LogConfig: Setting CVar [[r.DefaultFeature.AutoExposure.Method:0]]
[2024.03.11-05.37.57:102][  0]LogConfig: Setting CVar [[r.DefaultFeature.AutoExposure.Bias:1.000000]]
[2024.03.11-05.37.57:102][  0]LogConfig: Setting CVar [[r.DefaultFeature.AutoExposure.ExtendDefaultLuminanceRange:0]]
[2024.03.11-05.37.57:102][  0]LogConfig: Setting CVar [[r.UsePreExposure:1]]
[2024.03.11-05.37.57:103][  0]LogConfig: Setting CVar [[r.EyeAdaptation.EditorOnly:0]]
[2024.03.11-05.37.57:104][  0]LogConfig: Setting CVar [[r.DefaultFeature.MotionBlur:0]]
[2024.03.11-05.37.57:104][  0]LogConfig: Setting CVar [[r.DefaultFeature.LensFlare:0]]
[2024.03.11-05.37.57:104][  0]LogConfig: Setting CVar [[r.TemporalAA.Upsampling:0]]
[2024.03.11-05.37.57:105][  0]LogConfig: Setting CVar [[r.SSGI.Enable:0]]
[2024.03.11-05.37.57:105][  0]LogConfig: Setting CVar [[r.DefaultFeature.AntiAliasing:0]]
[2024.03.11-05.37.57:106][  0]LogConfig: Setting CVar [[r.DefaultFeature.LightUnits:1]]
[2024.03.11-05.37.57:106][  0]LogConfig: Setting CVar [[r.DefaultBackBufferPixelFormat:4]]
[2024.03.11-05.37.57:107][  0]LogConfig: Setting CVar [[r.Shadow.UnbuiltPreviewInGame:1]]
[2024.03.11-05.37.57:107][  0]LogConfig: Setting CVar [[r.StencilForLODDither:0]]
[2024.03.11-05.37.57:107][  0]LogConfig: Setting CVar [[r.EarlyZPass:3]]
[2024.03.11-05.37.57:108][  0]LogConfig: Setting CVar [[r.EarlyZPassOnlyMaterialMasking:0]]
[2024.03.11-05.37.57:108][  0]LogConfig: Setting CVar [[r.DBuffer:1]]
[2024.03.11-05.37.57:109][  0]LogConfig: Setting CVar [[r.ClearSceneMethod:1]]
[2024.03.11-05.37.57:109][  0]LogConfig: Setting CVar [[r.BasePassOutputsVelocity:0]]
[2024.03.11-05.37.57:109][  0]LogConfig: Setting CVar [[r.VertexDeformationOutputsVelocity:0]]
[2024.03.11-05.37.57:110][  0]LogConfig: Setting CVar [[r.SelectiveBasePassOutputs:0]]
[2024.03.11-05.37.57:111][  0]LogConfig: Setting CVar [[fx.GPUSimulationTextureSizeX:1024]]
[2024.03.11-05.37.57:111][  0]LogConfig: Setting CVar [[fx.GPUSimulationTextureSizeY:1024]]
[2024.03.11-05.37.57:111][  0]LogConfig: Setting CVar [[r.AllowGlobalClipPlane:0]]
[2024.03.11-05.37.57:112][  0]LogConfig: Setting CVar [[r.GBufferFormat:1]]
[2024.03.11-05.37.57:112][  0]LogConfig: Setting CVar [[r.MorphTarget.Mode:1]]
[2024.03.11-05.37.57:113][  0]LogConfig: Setting CVar [[vr.InstancedStereo:0]]
[2024.03.11-05.37.57:113][  0]LogConfig: Setting CVar [[r.MobileHDR:1]]
[2024.03.11-05.37.57:114][  0]LogConfig: Setting CVar [[vr.MobileMultiView:0]]
[2024.03.11-05.37.57:114][  0]LogConfig: Setting CVar [[r.Mobile.UseHWsRGBEncoding:0]]
[2024.03.11-05.37.57:115][  0]LogConfig: Setting CVar [[vr.RoundRobinOcclusion:0]]
[2024.03.11-05.37.57:116][  0]LogConfig: Setting CVar [[vr.ODSCapture:0]]
[2024.03.11-05.37.57:117][  0]LogConfig: Setting CVar [[r.MeshStreaming:0]]
[2024.03.11-05.37.57:117][  0]LogConfig: Setting CVar [[r.WireframeCullThreshold:5.000000]]
[2024.03.11-05.37.57:118][  0]LogConfig: Setting CVar [[r.RayTracing:0]]
[2024.03.11-05.37.57:118][  0]LogConfig: Setting CVar [[r.RayTracing.UseTextureLod:0]]
[2024.03.11-05.37.57:119][  0]LogConfig: Setting CVar [[r.SupportStationarySkylight:1]]
[2024.03.11-05.37.57:120][  0]LogConfig: Setting CVar [[r.SupportLowQualityLightmaps:1]]
[2024.03.11-05.37.57:120][  0]LogConfig: Setting CVar [[r.SupportPointLightWholeSceneShadows:1]]
[2024.03.11-05.37.57:121][  0]LogConfig: Setting CVar [[r.SupportAtmosphericFog:1]]
[2024.03.11-05.37.57:121][  0]LogConfig: Setting CVar [[r.SupportSkyAtmosphere:1]]
[2024.03.11-05.37.57:121][  0]LogConfig: Setting CVar [[r.SupportSkyAtmosphereAffectsHeightFog:0]]
[2024.03.11-05.37.57:122][  0]LogConfig: Setting CVar [[r.SkinCache.CompileShaders:0]]
[2024.03.11-05.37.57:122][  0]LogConfig: Setting CVar [[r.SkinCache.DefaultBehavior:1]]
[2024.03.11-05.37.57:122][  0]LogConfig: Setting CVar [[r.SkinCache.SceneMemoryLimitInMB:128.000000]]
[2024.03.11-05.37.57:123][  0]LogConfig: Setting CVar [[r.Mobile.EnableStaticAndCSMShadowReceivers:1]]
[2024.03.11-05.37.57:123][  0]LogConfig: Setting CVar [[r.Mobile.EnableMovableLightCSMShaderCulling:1]]
[2024.03.11-05.37.57:124][  0]LogConfig: Setting CVar [[r.Mobile.AllowDistanceFieldShadows:1]]
[2024.03.11-05.37.57:124][  0]LogConfig: Setting CVar [[r.Mobile.AllowMovableDirectionalLights:1]]
[2024.03.11-05.37.57:125][  0]LogConfig: Setting CVar [[r.MobileNumDynamicPointLights:4]]
[2024.03.11-05.37.57:125][  0]LogConfig: Setting CVar [[r.MobileDynamicPointLightsUseStaticBranch:1]]
[2024.03.11-05.37.57:125][  0]LogConfig: Setting CVar [[r.Mobile.EnableMovableSpotlights:0]]
[2024.03.11-05.37.57:126][  0]LogConfig: Setting CVar [[r.Mobile.EnableMovableSpotlightsShadow:0]]
[2024.03.11-05.37.57:126][  0]LogConfig: Setting CVar [[r.GPUSkin.Support16BitBoneIndex:0]]
[2024.03.11-05.37.57:127][  0]LogConfig: Setting CVar [[r.GPUSkin.Limit2BoneInfluences:0]]
[2024.03.11-05.37.57:127][  0]LogConfig: Setting CVar [[r.SupportDepthOnlyIndexBuffers:1]]
[2024.03.11-05.37.57:128][  0]LogConfig: Setting CVar [[r.SupportReversedIndexBuffers:1]]
[2024.03.11-05.37.57:128][  0]LogConfig: Setting CVar [[r.LightPropagationVolume:0]]
[2024.03.11-05.37.57:128][  0]LogConfig: Setting CVar [[r.Mobile.AmbientOcclusion:0]]
[2024.03.11-05.37.57:129][  0]LogConfig: Setting CVar [[r.GPUSkin.UnlimitedBoneInfluences:0]]
[2024.03.11-05.37.57:129][  0]LogConfig: Setting CVar [[r.GPUSkin.UnlimitedBoneInfluencesThreshold:8]]
[2024.03.11-05.37.57:130][  0]LogConfig: Setting CVar [[r.Mobile.PlanarReflectionMode:0]]
[2024.03.11-05.37.57:130][  0]LogConfig: Setting CVar [[r.Mobile.SupportsGen4TAA:0]]
[2024.03.11-05.37.57:130][  0]LogConfig: Applying CVar settings from Section [/Script/Engine.RendererOverrideSettings] File [../../../Cgame/Saved/Config/WindowsServer/Engine.ini]
[2024.03.11-05.37.57:131][  0]LogConfig: Applying CVar settings from Section [/Script/Engine.StreamingSettings] File [../../../Cgame/Saved/Config/WindowsServer/Engine.ini]
[2024.03.11-05.37.57:133][  0]LogConfig: Setting CVar [[s.MinBulkDataSizeForAsyncLoading:131072]]
[2024.03.11-05.37.57:134][  0]LogConfig: Setting CVar [[s.AsyncLoadingThreadEnabled:0]]
[2024.03.11-05.37.57:134][  0]LogConfig: Setting CVar [[s.EventDrivenLoaderEnabled:1]]
[2024.03.11-05.37.57:135][  0]LogConfig: Setting CVar [[s.WarnIfTimeLimitExceeded:0]]
[2024.03.11-05.37.57:136][  0]LogConfig: Setting CVar [[s.TimeLimitExceededMultiplier:1.5]]
[2024.03.11-05.37.57:136][  0]LogConfig: Setting CVar [[s.TimeLimitExceededMinTime:0.005]]
[2024.03.11-05.37.57:136][  0]LogConfig: Setting CVar [[s.UseBackgroundLevelStreaming:1]]
[2024.03.11-05.37.57:137][  0]LogConfig: Setting CVar [[s.PriorityAsyncLoadingExtraTime:15.0]]
[2024.03.11-05.37.57:138][  0]LogConfig: Setting CVar [[s.LevelStreamingActorsUpdateTimeLimit:5.0]]
[2024.03.11-05.37.57:138][  0]LogConfig: Setting CVar [[s.PriorityLevelStreamingActorsUpdateExtraTime:5.0]]
[2024.03.11-05.37.57:138][  0]LogConfig: Setting CVar [[s.LevelStreamingComponentsRegistrationGranularity:10]]
[2024.03.11-05.37.57:139][  0]LogConfig: Setting CVar [[s.UnregisterComponentsTimeLimit:1.0]]
[2024.03.11-05.37.57:139][  0]LogConfig: Setting CVar [[s.LevelStreamingComponentsUnregistrationGranularity:5]]
[2024.03.11-05.37.57:140][  0]LogConfig: Setting CVar [[s.FlushStreamingOnExit:1]]
[2024.03.11-05.37.57:140][  0]LogConfig: Applying CVar settings from Section [/Script/Engine.GarbageCollectionSettings] File [../../../Cgame/Saved/Config/WindowsServer/Engine.ini]
[2024.03.11-05.37.57:141][  0]LogConfig: Setting CVar [[gc.MaxObjectsNotConsideredByGC:1]]
[2024.03.11-05.37.57:141][  0]LogConfig: Setting CVar [[gc.SizeOfPermanentObjectPool:0]]
[2024.03.11-05.37.57:141][  0]LogConfig: Setting CVar [[gc.FlushStreamingOnGC:0]]
[2024.03.11-05.37.57:142][  0]LogConfig: Setting CVar [[gc.NumRetriesBeforeForcingGC:10]]
[2024.03.11-05.37.57:142][  0]LogConfig: Setting CVar [[gc.AllowParallelGC:1]]
[2024.03.11-05.37.57:142][  0]LogConfig: Setting CVar [[gc.TimeBetweenPurgingPendingKillObjects:61.1]]
[2024.03.11-05.37.57:144][  0]LogConfig: Setting CVar [[gc.MaxObjectsInEditor:25165824]]
[2024.03.11-05.37.57:144][  0]LogConfig: Setting CVar [[gc.IncrementalBeginDestroyEnabled:1]]
[2024.03.11-05.37.57:144][  0]LogConfig: Setting CVar [[gc.CreateGCClusters:1]]
[2024.03.11-05.37.57:145][  0]LogConfig: Setting CVar [[gc.MinGCClusterSize:5]]
[2024.03.11-05.37.57:145][  0]LogConfig: Setting CVar [[gc.ActorClusteringEnabled:0]]
[2024.03.11-05.37.57:146][  0]LogConfig: Setting CVar [[gc.BlueprintClusteringEnabled:0]]
[2024.03.11-05.37.57:146][  0]LogConfig: Setting CVar [[gc.UseDisregardForGCOnDedicatedServers:0]]
[2024.03.11-05.37.57:147][  0]LogConfig: Setting CVar [[gc.MultithreadedDestructionEnabled:1]]
[2024.03.11-05.37.57:149][  0]LogConfig: Applying CVar settings from Section [/Script/Engine.NetworkSettings] File [../../../Cgame/Saved/Config/WindowsServer/Engine.ini]
[2024.03.11-05.37.57:149][  0]LogConfig: Applying CVar settings from Section [ViewDistanceQuality@3] File [../../../Cgame/Saved/Config/WindowsServer/Scalability.ini]
[2024.03.11-05.37.57:149][  0]LogConfig: Setting CVar [[r.SkeletalMeshLODBias:0]]
[2024.03.11-05.37.57:150][  0]LogConfig: Setting CVar [[r.ViewDistanceScale:1.0]]
[2024.03.11-05.37.57:151][  0]LogConfig: Applying CVar settings from Section [AntiAliasingQuality@3] File [../../../Cgame/Saved/Config/WindowsServer/Scalability.ini]
[2024.03.11-05.37.57:152][  0]LogConfig: Setting CVar [[r.PostProcessAAQuality:4]]
[2024.03.11-05.37.57:152][  0]LogConfig: Applying CVar settings from Section [ShadowQuality@3] File [../../../Cgame/Saved/Config/WindowsServer/Scalability.ini]
[2024.03.11-05.37.57:152][  0]LogConfig: Setting CVar [[r.LightFunctionQuality:1]]
[2024.03.11-05.37.57:153][  0]LogConfig: Setting CVar [[r.ShadowQuality:5]]
[2024.03.11-05.37.57:154][  0]LogConfig: Setting CVar [[r.Shadow.CSM.MaxCascades:10]]
[2024.03.11-05.37.57:154][  0]LogConfig: Setting CVar [[r.Shadow.MaxResolution:2048]]
[2024.03.11-05.37.57:155][  0]LogConfig: Setting CVar [[r.Shadow.MaxCSMResolution:2048]]
[2024.03.11-05.37.57:155][  0]LogConfig: Setting CVar [[r.Shadow.RadiusThreshold:0.01]]
[2024.03.11-05.37.57:155][  0]LogConfig: Setting CVar [[r.Shadow.DistanceScale:1.0]]
[2024.03.11-05.37.57:156][  0]LogConfig: Setting CVar [[r.Shadow.CSM.TransitionScale:1.0]]
[2024.03.11-05.37.57:156][  0]LogConfig: Setting CVar [[r.Shadow.PreShadowResolutionFactor:1.0]]
[2024.03.11-05.37.57:156][  0]LogConfig: Setting CVar [[r.DistanceFieldShadowing:1]]
[2024.03.11-05.37.57:157][  0]LogConfig: Setting CVar [[r.DistanceFieldAO:1]]
[2024.03.11-05.37.57:157][  0]LogConfig: Setting CVar [[r.AOQuality:2]]
[2024.03.11-05.37.57:158][  0]LogConfig: Setting CVar [[r.VolumetricFog:1]]
[2024.03.11-05.37.57:159][  0]LogConfig: Setting CVar [[r.VolumetricFog.GridPixelSize:8]]
[2024.03.11-05.37.57:159][  0]LogConfig: Setting CVar [[r.VolumetricFog.GridSizeZ:128]]
[2024.03.11-05.37.57:159][  0]LogConfig: Setting CVar [[r.VolumetricFog.HistoryMissSupersampleCount:4]]
[2024.03.11-05.37.57:160][  0]LogConfig: Setting CVar [[r.LightMaxDrawDistanceScale:1]]
[2024.03.11-05.37.57:160][  0]LogConfig: Setting CVar [[r.CapsuleShadows:1]]
[2024.03.11-05.37.57:160][  0]LogConfig: Applying CVar settings from Section [PostProcessQuality@3] File [../../../Cgame/Saved/Config/WindowsServer/Scalability.ini]
[2024.03.11-05.37.57:161][  0]LogConfig: Setting CVar [[r.MotionBlurQuality:4]]
[2024.03.11-05.37.57:161][  0]LogConfig: Setting CVar [[r.AmbientOcclusionMipLevelFactor:0.4]]
[2024.03.11-05.37.57:162][  0]LogConfig: Setting CVar [[r.AmbientOcclusionMaxQuality:100]]
[2024.03.11-05.37.57:165][  0]LogConfig: Setting CVar [[r.AmbientOcclusionLevels:-1]]
[2024.03.11-05.37.57:165][  0]LogConfig: Setting CVar [[r.AmbientOcclusionRadiusScale:1.0]]
[2024.03.11-05.37.57:166][  0]LogConfig: Setting CVar [[r.DepthOfFieldQuality:2]]
[2024.03.11-05.37.57:166][  0]LogConfig: Setting CVar [[r.RenderTargetPoolMin:400]]
[2024.03.11-05.37.57:167][  0]LogConfig: Setting CVar [[r.LensFlareQuality:2]]
[2024.03.11-05.37.57:167][  0]LogConfig: Setting CVar [[r.SceneColorFringeQuality:1]]
[2024.03.11-05.37.57:167][  0]LogConfig: Setting CVar [[r.EyeAdaptationQuality:2]]
[2024.03.11-05.37.57:168][  0]LogConfig: Setting CVar [[r.BloomQuality:5]]
[2024.03.11-05.37.57:169][  0]LogConfig: Setting CVar [[r.FastBlurThreshold:100]]
[2024.03.11-05.37.57:169][  0]LogConfig: Setting CVar [[r.Upscale.Quality:3]]
[2024.03.11-05.37.57:169][  0]LogConfig: Setting CVar [[r.Tonemapper.GrainQuantization:1]]
[2024.03.11-05.37.57:170][  0]LogConfig: Setting CVar [[r.LightShaftQuality:1]]
[2024.03.11-05.37.57:171][  0]LogConfig: Setting CVar [[r.Filter.SizeScale:1]]
[2024.03.11-05.37.57:171][  0]LogConfig: Setting CVar [[r.Tonemapper.Quality:5]]
[2024.03.11-05.37.57:171][  0]LogConfig: Setting CVar [[r.DOF.Gather.AccumulatorQuality:1        ; higher gathering accumulator quality]]
[2024.03.11-05.37.57:172][  0]LogConfig: Setting CVar [[r.DOF.Gather.PostfilterMethod:1          ; Median3x3 postfilering method]]
[2024.03.11-05.37.57:172][  0]LogConfig: Setting CVar [[r.DOF.Gather.EnableBokehSettings:0       ; no bokeh simulation when gathering]]
[2024.03.11-05.37.57:172][  0]LogConfig: Setting CVar [[r.DOF.Gather.RingCount:4                 ; medium number of samples when gathering]]
[2024.03.11-05.37.57:173][  0]LogConfig: Setting CVar [[r.DOF.Scatter.ForegroundCompositing:1    ; additive foreground scattering]]
[2024.03.11-05.37.57:173][  0]LogConfig: Setting CVar [[r.DOF.Scatter.BackgroundCompositing:2    ; additive background scattering]]
[2024.03.11-05.37.57:174][  0]LogConfig: Setting CVar [[r.DOF.Scatter.EnableBokehSettings:1      ; bokeh simulation when scattering]]
[2024.03.11-05.37.57:174][  0]LogConfig: Setting CVar [[r.DOF.Scatter.MaxSpriteRatio:0.1         ; only a maximum of 10% of scattered bokeh]]
[2024.03.11-05.37.57:174][  0]LogConfig: Setting CVar [[r.DOF.Recombine.Quality:1                ; cheap slight out of focus]]
[2024.03.11-05.37.57:175][  0]LogConfig: Setting CVar [[r.DOF.Recombine.EnableBokehSettings:0    ; no bokeh simulation on slight out of focus]]
[2024.03.11-05.37.57:175][  0]LogConfig: Setting CVar [[r.DOF.TemporalAAQuality:1                ; more stable temporal accumulation]]
[2024.03.11-05.37.57:176][  0]LogConfig: Setting CVar [[r.DOF.Kernel.MaxForegroundRadius:0.025]]
[2024.03.11-05.37.57:176][  0]LogConfig: Setting CVar [[r.DOF.Kernel.MaxBackgroundRadius:0.025]]
[2024.03.11-05.37.57:177][  0]LogConfig: Applying CVar settings from Section [TextureQuality@3] File [../../../Cgame/Saved/Config/WindowsServer/Scalability.ini]
[2024.03.11-05.37.57:177][  0]LogConfig: Setting CVar [[r.Streaming.MipBias:0]]
[2024.03.11-05.37.57:178][  0]LogConfig: Setting CVar [[r.Streaming.AmortizeCPUToGPUCopy:0]]
[2024.03.11-05.37.57:180][  0]LogConfig: Setting CVar [[r.Streaming.MaxNumTexturesToStreamPerFrame:0]]
[2024.03.11-05.37.57:181][  0]LogConfig: Setting CVar [[r.Streaming.Boost:1]]
[2024.03.11-05.37.57:181][  0]LogConfig: Setting CVar [[r.MaxAnisotropy:8]]
[2024.03.11-05.37.57:182][  0]LogConfig: Setting CVar [[r.VT.MaxAnisotropy:8]]
[2024.03.11-05.37.57:182][  0]LogConfig: Setting CVar [[r.Streaming.LimitPoolSizeToVRAM:0]]
[2024.03.11-05.37.57:182][  0]LogConfig: Setting CVar [[r.Streaming.PoolSize:1000]]
[2024.03.11-05.37.57:183][  0]LogConfig: Setting CVar [[r.Streaming.MaxEffectiveScreenSize:0]]
[2024.03.11-05.37.57:183][  0]LogConfig: Applying CVar settings from Section [EffectsQuality@3] File [../../../Cgame/Saved/Config/WindowsServer/Scalability.ini]
[2024.03.11-05.37.57:184][  0]LogConfig: Setting CVar [[r.TranslucencyLightingVolumeDim:64]]
[2024.03.11-05.37.57:184][  0]LogConfig: Setting CVar [[r.RefractionQuality:2]]
[2024.03.11-05.37.57:185][  0]LogConfig: Setting CVar [[r.SSR.Quality:3]]
[2024.03.11-05.37.57:185][  0]LogConfig: Setting CVar [[r.SSR.HalfResSceneColor:0]]
[2024.03.11-05.37.57:185][  0]LogConfig: Setting CVar [[r.SceneColorFormat:4]]
[2024.03.11-05.37.57:186][  0]LogConfig: Setting CVar [[r.DetailMode:2]]
[2024.03.11-05.37.57:187][  0]LogConfig: Setting CVar [[r.TranslucencyVolumeBlur:1]]
[2024.03.11-05.37.57:187][  0]LogConfig: Setting CVar [[r.MaterialQualityLevel:1 ; High quality]]
[2024.03.11-05.37.57:187][  0]LogConfig: Setting CVar [[r.AnisotropicMaterials:1]]
[2024.03.11-05.37.57:188][  0]LogConfig: Setting CVar [[r.SSS.Scale:1]]
[2024.03.11-05.37.57:188][  0]LogConfig: Setting CVar [[r.SSS.SampleSet:2]]
[2024.03.11-05.37.57:189][  0]LogConfig: Setting CVar [[r.SSS.Quality:1]]
[2024.03.11-05.37.57:189][  0]LogConfig: Setting CVar [[r.SSS.HalfRes:0]]
[2024.03.11-05.37.57:190][  0]LogConfig: Setting CVar [[r.SSGI.Quality:3]]
[2024.03.11-05.37.57:190][  0]LogConfig: Setting CVar [[r.EmitterSpawnRateScale:1.0]]
[2024.03.11-05.37.57:191][  0]LogConfig: Setting CVar [[r.ParticleLightQuality:2]]
[2024.03.11-05.37.57:191][  0]LogConfig: Setting CVar [[r.SkyAtmosphere.AerialPerspectiveLUT.FastApplyOnOpaque:1 ; Always have FastSkyLUT 1 in this case to avoid wrong sky]]
[2024.03.11-05.37.57:192][  0]LogConfig: Setting CVar [[r.SkyAtmosphere.AerialPerspectiveLUT.SampleCountMaxPerSlice:4]]
[2024.03.11-05.37.57:192][  0]LogConfig: Setting CVar [[r.SkyAtmosphere.AerialPerspectiveLUT.DepthResolution:16.0]]
[2024.03.11-05.37.57:193][  0]LogConfig: Setting CVar [[r.SkyAtmosphere.FastSkyLUT:1]]
[2024.03.11-05.37.57:193][  0]LogConfig: Setting CVar [[r.SkyAtmosphere.FastSkyLUT.SampleCountMin:4.0]]
[2024.03.11-05.37.57:195][  0]LogConfig: Setting CVar [[r.SkyAtmosphere.FastSkyLUT.SampleCountMax:128.0]]
[2024.03.11-05.37.57:196][  0]LogConfig: Setting CVar [[r.SkyAtmosphere.SampleCountMin:4.0]]
[2024.03.11-05.37.57:196][  0]LogConfig: Setting CVar [[r.SkyAtmosphere.SampleCountMax:128.0]]
[2024.03.11-05.37.57:197][  0]LogConfig: Setting CVar [[r.SkyAtmosphere.TransmittanceLUT.UseSmallFormat:0]]
[2024.03.11-05.37.57:197][  0]LogConfig: Setting CVar [[r.SkyAtmosphere.TransmittanceLUT.SampleCount:10.0]]
[2024.03.11-05.37.57:197][  0]LogConfig: Setting CVar [[r.SkyAtmosphere.MultiScatteringLUT.SampleCount:15.0]]
[2024.03.11-05.37.57:198][  0]LogConfig: Setting CVar [[r.SkyLight.RealTimeReflectionCapture:1]]
[2024.03.11-05.37.57:198][  0]LogConfig: Setting CVar [[fx.Niagara.QualityLevel:3]]
[2024.03.11-05.37.57:199][  0]LogConfig: Applying CVar settings from Section [FoliageQuality@3] File [../../../Cgame/Saved/Config/WindowsServer/Scalability.ini]
[2024.03.11-05.37.57:199][  0]LogConfig: Setting CVar [[foliage.DensityScale:1.0]]
[2024.03.11-05.37.57:200][  0]LogConfig: Setting CVar [[grass.DensityScale:1.0]]
[2024.03.11-05.37.57:200][  0]LogConfig: Applying CVar settings from Section [ShadingQuality@3] File [../../../Cgame/Saved/Config/WindowsServer/Scalability.ini]
[2024.03.11-05.37.57:201][  0]LogConfig: Setting CVar [[r.HairStrands.SkyLighting.IntegrationType:2]]
[2024.03.11-05.37.57:201][  0]LogConfig: Setting CVar [[r.HairStrands.SkyAO.SampleCount:4]]
[2024.03.11-05.37.57:201][  0]LogConfig: Setting CVar [[r.HairStrands.Visibility.MSAA.SamplePerPixel:4]]
[2024.03.11-05.37.57:202][  0]LogInit: Selected Device Profile: [WindowsServer]
[2024.03.11-05.37.57:203][  0]LogInit: Applying CVar settings loaded from the selected device profile: [WindowsServer]
[2024.03.11-05.37.57:203][  0]LogHAL: Display: Platform has ~ 16 GB [17102323712 / 17179869184 / 16], which maps to Larger [LargestMinGB=32, LargerMinGB=12, DefaultMinGB=8, SmallerMinGB=6, SmallestMinGB=0)
[2024.03.11-05.37.57:204][  0]LogInit: Going up to parent DeviceProfile [Windows]
[2024.03.11-05.37.57:204][  0]LogInit: Going up to parent DeviceProfile []
[2024.03.11-05.37.57:205][  0]LogConfig: Applying CVar settings from Section [ViewDistanceQuality@3] File [../../../Cgame/Saved/Config/WindowsServer/Scalability.ini]
[2024.03.11-05.37.57:205][  0]LogConfig: Setting CVar [[r.SkeletalMeshLODBias:0]]
[2024.03.11-05.37.57:206][  0]LogConfig: Setting CVar [[r.ViewDistanceScale:1.0]]
[2024.03.11-05.37.57:206][  0]LogConfig: Applying CVar settings from Section [AntiAliasingQuality@3] File [../../../Cgame/Saved/Config/WindowsServer/Scalability.ini]
[2024.03.11-05.37.57:206][  0]LogConfig: Setting CVar [[r.PostProcessAAQuality:4]]
[2024.03.11-05.37.57:207][  0]LogConfig: Applying CVar settings from Section [ShadowQuality@3] File [../../../Cgame/Saved/Config/WindowsServer/Scalability.ini]
[2024.03.11-05.37.57:207][  0]LogConfig: Setting CVar [[r.LightFunctionQuality:1]]
[2024.03.11-05.37.57:208][  0]LogConfig: Setting CVar [[r.ShadowQuality:5]]
[2024.03.11-05.37.57:208][  0]LogConfig: Setting CVar [[r.Shadow.CSM.MaxCascades:10]]
[2024.03.11-05.37.57:208][  0]LogConfig: Setting CVar [[r.Shadow.MaxResolution:2048]]
[2024.03.11-05.37.57:210][  0]LogConfig: Setting CVar [[r.Shadow.MaxCSMResolution:2048]]
[2024.03.11-05.37.57:211][  0]LogConfig: Setting CVar [[r.Shadow.RadiusThreshold:0.01]]
[2024.03.11-05.37.57:211][  0]LogConfig: Setting CVar [[r.Shadow.DistanceScale:1.0]]
[2024.03.11-05.37.57:212][  0]LogConfig: Setting CVar [[r.Shadow.CSM.TransitionScale:1.0]]
[2024.03.11-05.37.57:212][  0]LogConfig: Setting CVar [[r.Shadow.PreShadowResolutionFactor:1.0]]
[2024.03.11-05.37.57:213][  0]LogConfig: Setting CVar [[r.DistanceFieldShadowing:1]]
[2024.03.11-05.37.57:213][  0]LogConfig: Setting CVar [[r.DistanceFieldAO:1]]
[2024.03.11-05.37.57:214][  0]LogConfig: Setting CVar [[r.AOQuality:2]]
[2024.03.11-05.37.57:214][  0]LogConfig: Setting CVar [[r.VolumetricFog:1]]
[2024.03.11-05.37.57:215][  0]LogConfig: Setting CVar [[r.VolumetricFog.GridPixelSize:8]]
[2024.03.11-05.37.57:215][  0]LogConfig: Setting CVar [[r.VolumetricFog.GridSizeZ:128]]
[2024.03.11-05.37.57:215][  0]LogConfig: Setting CVar [[r.VolumetricFog.HistoryMissSupersampleCount:4]]
[2024.03.11-05.37.57:216][  0]LogConfig: Setting CVar [[r.LightMaxDrawDistanceScale:1]]
[2024.03.11-05.37.57:216][  0]LogConfig: Setting CVar [[r.CapsuleShadows:1]]
[2024.03.11-05.37.57:217][  0]LogConfig: Applying CVar settings from Section [PostProcessQuality@3] File [../../../Cgame/Saved/Config/WindowsServer/Scalability.ini]
[2024.03.11-05.37.57:217][  0]LogConfig: Setting CVar [[r.MotionBlurQuality:4]]
[2024.03.11-05.37.57:218][  0]LogConfig: Setting CVar [[r.AmbientOcclusionMipLevelFactor:0.4]]
[2024.03.11-05.37.57:218][  0]LogConfig: Setting CVar [[r.AmbientOcclusionMaxQuality:100]]
[2024.03.11-05.37.57:219][  0]LogConfig: Setting CVar [[r.AmbientOcclusionLevels:-1]]
[2024.03.11-05.37.57:219][  0]LogConfig: Setting CVar [[r.AmbientOcclusionRadiusScale:1.0]]
[2024.03.11-05.37.57:220][  0]LogConfig: Setting CVar [[r.DepthOfFieldQuality:2]]
[2024.03.11-05.37.57:220][  0]LogConfig: Setting CVar [[r.RenderTargetPoolMin:400]]
[2024.03.11-05.37.57:221][  0]LogConfig: Setting CVar [[r.LensFlareQuality:2]]
[2024.03.11-05.37.57:221][  0]LogConfig: Setting CVar [[r.SceneColorFringeQuality:1]]
[2024.03.11-05.37.57:221][  0]LogConfig: Setting CVar [[r.EyeAdaptationQuality:2]]
[2024.03.11-05.37.57:222][  0]LogConfig: Setting CVar [[r.BloomQuality:5]]
[2024.03.11-05.37.57:222][  0]LogConfig: Setting CVar [[r.FastBlurThreshold:100]]
[2024.03.11-05.37.57:222][  0]LogConfig: Setting CVar [[r.Upscale.Quality:3]]
[2024.03.11-05.37.57:223][  0]LogConfig: Setting CVar [[r.Tonemapper.GrainQuantization:1]]
[2024.03.11-05.37.57:223][  0]LogConfig: Setting CVar [[r.LightShaftQuality:1]]
[2024.03.11-05.37.57:224][  0]LogConfig: Setting CVar [[r.Filter.SizeScale:1]]
[2024.03.11-05.37.57:226][  0]LogConfig: Setting CVar [[r.Tonemapper.Quality:5]]
[2024.03.11-05.37.57:227][  0]LogConfig: Setting CVar [[r.DOF.Gather.AccumulatorQuality:1        ; higher gathering accumulator quality]]
[2024.03.11-05.37.57:227][  0]LogConfig: Setting CVar [[r.DOF.Gather.PostfilterMethod:1          ; Median3x3 postfilering method]]
[2024.03.11-05.37.57:227][  0]LogConfig: Setting CVar [[r.DOF.Gather.EnableBokehSettings:0       ; no bokeh simulation when gathering]]
[2024.03.11-05.37.57:228][  0]LogConfig: Setting CVar [[r.DOF.Gather.RingCount:4                 ; medium number of samples when gathering]]
[2024.03.11-05.37.57:228][  0]LogConfig: Setting CVar [[r.DOF.Scatter.ForegroundCompositing:1    ; additive foreground scattering]]
[2024.03.11-05.37.57:229][  0]LogConfig: Setting CVar [[r.DOF.Scatter.BackgroundCompositing:2    ; additive background scattering]]
[2024.03.11-05.37.57:229][  0]LogConfig: Setting CVar [[r.DOF.Scatter.EnableBokehSettings:1      ; bokeh simulation when scattering]]
[2024.03.11-05.37.57:230][  0]LogConfig: Setting CVar [[r.DOF.Scatter.MaxSpriteRatio:0.1         ; only a maximum of 10% of scattered bokeh]]
[2024.03.11-05.37.57:230][  0]LogConfig: Setting CVar [[r.DOF.Recombine.Quality:1                ; cheap slight out of focus]]
[2024.03.11-05.37.57:231][  0]LogConfig: Setting CVar [[r.DOF.Recombine.EnableBokehSettings:0    ; no bokeh simulation on slight out of focus]]
[2024.03.11-05.37.57:231][  0]LogConfig: Setting CVar [[r.DOF.TemporalAAQuality:1                ; more stable temporal accumulation]]
[2024.03.11-05.37.57:232][  0]LogConfig: Setting CVar [[r.DOF.Kernel.MaxForegroundRadius:0.025]]
[2024.03.11-05.37.57:232][  0]LogConfig: Setting CVar [[r.DOF.Kernel.MaxBackgroundRadius:0.025]]
[2024.03.11-05.37.57:233][  0]LogConfig: Applying CVar settings from Section [TextureQuality@3] File [../../../Cgame/Saved/Config/WindowsServer/Scalability.ini]
[2024.03.11-05.37.57:233][  0]LogConfig: Setting CVar [[r.Streaming.MipBias:0]]
[2024.03.11-05.37.57:233][  0]LogConfig: Setting CVar [[r.Streaming.AmortizeCPUToGPUCopy:0]]
[2024.03.11-05.37.57:234][  0]LogConfig: Setting CVar [[r.Streaming.MaxNumTexturesToStreamPerFrame:0]]
[2024.03.11-05.37.57:235][  0]LogConfig: Setting CVar [[r.Streaming.Boost:1]]
[2024.03.11-05.37.57:235][  0]LogConfig: Setting CVar [[r.MaxAnisotropy:8]]
[2024.03.11-05.37.57:235][  0]LogConfig: Setting CVar [[r.VT.MaxAnisotropy:8]]
[2024.03.11-05.37.57:236][  0]LogConfig: Setting CVar [[r.Streaming.LimitPoolSizeToVRAM:0]]
[2024.03.11-05.37.57:236][  0]LogConfig: Setting CVar [[r.Streaming.PoolSize:1000]]
[2024.03.11-05.37.57:237][  0]LogConfig: Setting CVar [[r.Streaming.MaxEffectiveScreenSize:0]]
[2024.03.11-05.37.57:237][  0]LogConfig: Applying CVar settings from Section [EffectsQuality@3] File [../../../Cgame/Saved/Config/WindowsServer/Scalability.ini]
[2024.03.11-05.37.57:238][  0]LogConfig: Setting CVar [[r.TranslucencyLightingVolumeDim:64]]
[2024.03.11-05.37.57:238][  0]LogConfig: Setting CVar [[r.RefractionQuality:2]]
[2024.03.11-05.37.57:238][  0]LogConfig: Setting CVar [[r.SSR.Quality:3]]
[2024.03.11-05.37.57:239][  0]LogConfig: Setting CVar [[r.SSR.HalfResSceneColor:0]]
[2024.03.11-05.37.57:240][  0]LogConfig: Setting CVar [[r.SceneColorFormat:4]]
[2024.03.11-05.37.57:242][  0]LogConfig: Setting CVar [[r.DetailMode:2]]
[2024.03.11-05.37.57:242][  0]LogConfig: Setting CVar [[r.TranslucencyVolumeBlur:1]]
[2024.03.11-05.37.57:243][  0]LogConfig: Setting CVar [[r.MaterialQualityLevel:1 ; High quality]]
[2024.03.11-05.37.57:243][  0]LogConfig: Setting CVar [[r.AnisotropicMaterials:1]]
[2024.03.11-05.37.57:244][  0]LogConfig: Setting CVar [[r.SSS.Scale:1]]
[2024.03.11-05.37.57:244][  0]LogConfig: Setting CVar [[r.SSS.SampleSet:2]]
[2024.03.11-05.37.57:244][  0]LogConfig: Setting CVar [[r.SSS.Quality:1]]
[2024.03.11-05.37.57:245][  0]LogConfig: Setting CVar [[r.SSS.HalfRes:0]]
[2024.03.11-05.37.57:245][  0]LogConfig: Setting CVar [[r.SSGI.Quality:3]]
[2024.03.11-05.37.57:246][  0]LogConfig: Setting CVar [[r.EmitterSpawnRateScale:1.0]]
[2024.03.11-05.37.57:246][  0]LogConfig: Setting CVar [[r.ParticleLightQuality:2]]
[2024.03.11-05.37.57:246][  0]LogConfig: Setting CVar [[r.SkyAtmosphere.AerialPerspectiveLUT.FastApplyOnOpaque:1 ; Always have FastSkyLUT 1 in this case to avoid wrong sky]]
[2024.03.11-05.37.57:247][  0]LogConfig: Setting CVar [[r.SkyAtmosphere.AerialPerspectiveLUT.SampleCountMaxPerSlice:4]]
[2024.03.11-05.37.57:247][  0]LogConfig: Setting CVar [[r.SkyAtmosphere.AerialPerspectiveLUT.DepthResolution:16.0]]
[2024.03.11-05.37.57:248][  0]LogConfig: Setting CVar [[r.SkyAtmosphere.FastSkyLUT:1]]
[2024.03.11-05.37.57:248][  0]LogConfig: Setting CVar [[r.SkyAtmosphere.FastSkyLUT.SampleCountMin:4.0]]
[2024.03.11-05.37.57:249][  0]LogConfig: Setting CVar [[r.SkyAtmosphere.FastSkyLUT.SampleCountMax:128.0]]
[2024.03.11-05.37.57:249][  0]LogConfig: Setting CVar [[r.SkyAtmosphere.SampleCountMin:4.0]]
[2024.03.11-05.37.57:249][  0]LogConfig: Setting CVar [[r.SkyAtmosphere.SampleCountMax:128.0]]
[2024.03.11-05.37.57:250][  0]LogConfig: Setting CVar [[r.SkyAtmosphere.TransmittanceLUT.UseSmallFormat:0]]
[2024.03.11-05.37.57:250][  0]LogConfig: Setting CVar [[r.SkyAtmosphere.TransmittanceLUT.SampleCount:10.0]]
[2024.03.11-05.37.57:250][  0]LogConfig: Setting CVar [[r.SkyAtmosphere.MultiScatteringLUT.SampleCount:15.0]]
[2024.03.11-05.37.57:252][  0]LogConfig: Setting CVar [[r.SkyLight.RealTimeReflectionCapture:1]]
[2024.03.11-05.37.57:252][  0]LogConfig: Setting CVar [[fx.Niagara.QualityLevel:3]]
[2024.03.11-05.37.57:252][  0]LogConfig: Applying CVar settings from Section [FoliageQuality@3] File [../../../Cgame/Saved/Config/WindowsServer/Scalability.ini]
[2024.03.11-05.37.57:253][  0]LogConfig: Setting CVar [[foliage.DensityScale:1.0]]
[2024.03.11-05.37.57:253][  0]LogConfig: Setting CVar [[grass.DensityScale:1.0]]
[2024.03.11-05.37.57:254][  0]LogConfig: Applying CVar settings from Section [ShadingQuality@3] File [../../../Cgame/Saved/Config/WindowsServer/Scalability.ini]
[2024.03.11-05.37.57:254][  0]LogConfig: Setting CVar [[r.HairStrands.SkyLighting.IntegrationType:2]]
[2024.03.11-05.37.57:255][  0]LogConfig: Setting CVar [[r.HairStrands.SkyAO.SampleCount:4]]
[2024.03.11-05.37.57:257][  0]LogConfig: Setting CVar [[r.HairStrands.Visibility.MSAA.SamplePerPixel:4]]
[2024.03.11-05.37.57:257][  0]LogConfig: Applying CVar settings from Section [Startup] File [../../../Engine/Config/ConsoleVariables.ini]
[2024.03.11-05.37.57:257][  0]LogConfig: Setting CVar [[net.UseAdaptiveNetUpdateFrequency:0]]
[2024.03.11-05.37.57:258][  0]LogConfig: Setting CVar [[p.chaos.AllowCreatePhysxBodies:1]]
[2024.03.11-05.37.57:258][  0]LogConfig: Setting CVar [[fx.SkipVectorVMBackendOptimizations:1]]
[2024.03.11-05.37.57:259][  0]LogConfig: Applying CVar settings from Section [ConsoleVariables] File [../../../Cgame/Saved/Config/WindowsServer/Engine.ini]
[2024.03.11-05.37.57:259][  0]LogInit: Computer: BATTLESTATION
[2024.03.11-05.37.57:260][  0]LogInit: User: NoU
[2024.03.11-05.37.57:260][  0]LogInit: CPU Page size=4096, Cores=6
[2024.03.11-05.37.57:261][  0]LogInit: High frequency timer resolution =10.000000 MHz
[2024.03.11-05.37.57:261][  0]LogMemory: Memory total: Physical=15.9GB (16GB approx)
[2024.03.11-05.37.57:262][  0]LogMemory: Platform Memory Stats for WindowsServer
[2024.03.11-05.37.57:262][  0]LogMemory: Process Physical Memory: 75.43 MB used, 75.43 MB peak
[2024.03.11-05.37.57:262][  0]LogMemory: Process Virtual Memory: 75.72 MB used, 75.72 MB peak
[2024.03.11-05.37.57:263][  0]LogMemory: Physical Memory: 9883.19 MB used,  6426.86 MB free, 16310.05 MB total
[2024.03.11-05.37.57:263][  0]LogMemory: Virtual Memory: 134211264.00 MB used,  6460.90 MB free, 134217728.00 MB total
[2024.03.11-05.37.57:266][  0]LogWindows: WindowsPlatformFeatures disabled or dedicated server build
[2024.03.11-05.37.57:289][  0]LogInit: Physics initialised using underlying interface: PhysX
[2024.03.11-05.37.57:290][  0]LogInit: Using OS detected language (en-US).
[2024.03.11-05.37.57:290][  0]LogInit: Using OS detected locale (en-US).
[2024.03.11-05.37.57:291][  0]LogTextLocalizationManager: No specific localization for 'en-US' exists, so the 'en' localization will be used.
[2024.03.11-05.37.57:311][  0]LogRendererCore: Ray tracing is disabled. Reason: r.RayTracing=0.
[2024.03.11-05.37.57:311][  0]LogODSC: ODSC Thread active.
[2024.03.11-05.37.57:316][  0]LogInit: Using OS detected language (en-US).
[2024.03.11-05.37.57:316][  0]LogInit: Using OS detected locale (en-US).
[2024.03.11-05.37.57:317][  0]LogTextLocalizationManager: No localization for 'en-US' exists, so 'en' will be used for the language.
[2024.03.11-05.37.57:317][  0]LogTextLocalizationManager: No localization for 'en-US' exists, so 'en' will be used for the locale.
[2024.03.11-05.37.57:318][  0]LogTextLocalizationManager: Compacting localization data took   0.52ms
[2024.03.11-05.37.57:318][  0]LogAssetRegistry: FAssetRegistry took 0.0007 seconds to start up
[2024.03.11-05.37.57:380][  0]LogStreaming: Display: FlushAsyncLoading: 1 QueuedPackages, 0 AsyncPackages
[2024.03.11-05.37.57:380][  0]LogPackageLocalizationCache: Processed 26 localized package path(s) for 1 prioritized culture(s) in 0.000070 seconds
[2024.03.11-05.37.57:380][  0]LogPakFile: New pak file ../../../Cgame/Content/Paks/Cgame-WindowsServer.pak added to pak precacher.
[2024.03.11-05.37.57:382][  0]LogInit: Selected Device Profile: [WindowsServer]
[2024.03.11-05.37.57:382][  0]LogInit: Active device profile: [0000017DF677F580][0000017DF19E9250 49] WindowsServer
[2024.03.11-05.37.57:383][  0]LogInit: Profiles: [0000017DF677F700][0000017DF52B6DC0 49] Windows, [0000017DF677F580][0000017DF19E9250 49] WindowsServer, 
[2024.03.11-05.37.57:390][  0]LogSerialization: Display: AllowBulkDataInIoStore: 'true'
[2024.03.11-05.37.57:396][  0]LogNetVersion: Cgame 1.0.0, NetCL: 0, EngineNetVer: 17, GameNetVer: 0 (Checksum: 804825050)
[2024.03.11-05.37.57:417][  0]LogAudioCaptureCore: Display: No Audio Capture implementations found. Audio input will be silent.
[2024.03.11-05.37.57:417][  0]LogAudioCaptureCore: Display: No Audio Capture implementations found. Audio input will be silent.
[2024.03.11-05.37.57:418][  0]LogHMD: PokeAHoleMaterial loaded successfully
[2024.03.11-05.37.57:443][  0]LogUObjectArray: 16065 objects as part of root set at end of initial load.
[2024.03.11-05.37.57:443][  0]LogUObjectAllocator: 3303960 out of 0 bytes used by permanent object pool.
[2024.03.11-05.37.57:443][  0]LogUObjectArray: CloseDisregardForGC: 16065/0 objects in disregard for GC pool
[2024.03.11-05.37.57:447][  0]LogNiagaraDebuggerClient: Niagara Debugger Client Initialized | Session: 3A20212B4987DE076D4C13B976447608 | Instance: 09392A9147DAE0569E0BB08E96994DF4 (BATTLESTATION-12672).
[2024.03.11-05.37.57:448][  0]LogAndroidPermission: UAndroidPermissionCallbackProxy::GetInstance
[2024.03.11-05.37.57:449][  0]LogOcInput: OculusInput pre-init called
[2024.03.11-05.37.57:450][  0]LogEngine: Initializing Engine...
[2024.03.11-05.37.57:450][  0]LogStats: UGameplayTagsManager::InitializeManager -  0.000 s
[2024.03.11-05.37.57:456][  0]LogInit: Initializing FReadOnlyCVARCache
[2024.03.11-05.37.57:456][  0]LogNetVersion: Set ProjectVersion to 1.0.0.0. Version Checksum will be recalculated on next use.
[2024.03.11-05.37.57:457][  0]LogInit: Texture streaming: Disabled
[2024.03.11-05.37.57:464][  0]LogInit: Display: Game Engine Initialized.
[2024.03.11-05.37.57:464][  0]LogInit: Display: Starting Game.
[2024.03.11-05.37.57:464][  0]LogNet: Browse: /Game/Maps/Lobby/Lobby?Name=Player
[2024.03.11-05.37.57:465][  0]LogLoad: LoadMap: /Game/Maps/Lobby/Lobby?Name=Player
[2024.03.11-05.37.57:465][  0]LogWorld: BeginTearingDown for /Temp/Untitled_0
[2024.03.11-05.37.57:468][  0]LogWorld: UWorld::CleanupWorld for Untitled, bSessionEnded=true, bCleanupResources=true
[2024.03.11-05.37.57:469][  0]LogUObjectHash: Compacting FUObjectHashTables data took   0.60ms
[2024.03.11-05.37.57:476][  0]LogAIModule: Creating AISystem for world Lobby
[2024.03.11-05.37.57:476][  0]LogLoad: Game class is 'Lobby_GM_C'
[2024.03.11-05.37.57:477][  0]LogNet: ReplicationDriverClass is null! Not using ReplicationDriver.
[2024.03.11-05.37.57:477][  0]LogNetCore: DDoS detection status: detection enabled: 0 analytics enabled: 0
[2024.03.11-05.37.57:477][  0]LogInit: WinSock: Socket queue. Rx: 131072 (config 131072) Tx: 131072 (config 131072)
[2024.03.11-05.37.57:478][  0]LogNet: Created socket for bind address: 0.0.0.0 on port 7777
[2024.03.11-05.37.57:480][  0]PacketHandlerLog: Loaded PacketHandler component: Engine.EngineHandlerComponentFactory (StatelessConnectHandlerComponent)
[2024.03.11-05.37.57:480][  0]LogNet: GameNetDriver IpNetDriver_2147482561 IpNetDriver listening on port 7777
[2024.03.11-05.37.57:481][  0]LogWorld: Bringing World /Game/Maps/Lobby/Lobby.Lobby up for play (max tick rate 30) at 2024.03.11-12.37.57
[2024.03.11-05.37.57:481][  0]LogWorld: Bringing up level for play took: 0.000715
[2024.03.11-05.37.57:481][  0]LogGameMode: Display: Match State Changed from EnteringMap to WaitingToStart
[2024.03.11-05.37.57:482][  0]LogGameState: Match State Changed from EnteringMap to WaitingToStart
[2024.03.11-05.37.57:482][  0]LogLoad: Took 0.017421 seconds to LoadMap(/Game/Maps/Lobby/Lobby)
[2024.03.11-05.37.57:483][  0]LogPakFile: AllPaks IndexSizes: DirectoryHashSize=217756, PathHashSize=16, EntriesSize=32752, TotalSize=250524
[2024.03.11-05.37.57:483][  0]LogInit: Display: Engine is initialized. Leaving FEngineLoop::Init()
[2024.03.11-05.37.57:483][  0]LogLoad: (Engine Initialization) Total time: 0.77 seconds
[2024.03.11-05.37.58:049][ 16]LogNet: NotifyAcceptingConnection accepted from: 127.0.0.1:55569
[2024.03.11-05.37.58:049][ 16]LogHandshake: SendConnectChallenge. Timestamp: 0.563975, Cookie: 015207198165084253204229002068182238088207074078169215213217
[2024.03.11-05.37.58:082][ 17]LogNet: NotifyAcceptingConnection accepted from: 127.0.0.1:55569
[2024.03.11-05.37.58:082][ 17]LogHandshake: SendChallengeAck. InCookie: 015207198165084253204229002068182238088207074078169215213217
[2024.03.11-05.37.58:082][ 17]LogNet: Server accepting post-challenge connection from: 127.0.0.1:55569
[2024.03.11-05.37.58:083][ 17]PacketHandlerLog: Loaded PacketHandler component: Engine.EngineHandlerComponentFactory (StatelessConnectHandlerComponent)
[2024.03.11-05.37.58:083][ 17]LogNet: NotifyAcceptedConnection: Name: Lobby, TimeStamp: 03/11/24 12:37:58, [UNetConnection] RemoteAddr: 127.0.0.1:55569, Name: IpConnection_2147482554, Driver: GameNetDriver IpNetDriver_2147482561, IsServer: YES, PC: NULL, Owner: NULL, UniqueId: INVALID
[2024.03.11-05.37.58:084][ 17]LogNet: AddClientConnection: Added client connection: [UNetConnection] RemoteAddr: 127.0.0.1:55569, Name: IpConnection_2147482554, Driver: GameNetDriver IpNetDriver_2147482561, IsServer: YES, PC: NULL, Owner: NULL, UniqueId: INVALID
[2024.03.11-05.37.58:084][ 17]LogNet: NotifyAcceptingChannel Control 0 server World /Game/Maps/Lobby/Lobby.Lobby: Accepted
[2024.03.11-05.37.58:085][ 17]LogNet: Remote platform little endian=1
[2024.03.11-05.37.58:085][ 17]LogNet: This platform little endian=1
[2024.03.11-05.37.58:086][ 17]LogNetVersion: Cgame 1.0.0.0, NetCL: 0, EngineNetVer: 17, GameNetVer: 0 (Checksum: 198000864)
[2024.03.11-05.37.58:115][ 18]LogNet: Login request: ?Name=BattleStation-55ED58DE48F09DBA0C94A99F8DC3E2CF userId: Null:BattleStation-55ED58DE48F09DBA0C94A99F8DC3E2CF platform: Null
[2024.03.11-05.37.58:181][ 20]LogNet: Client netspeed is 100000
[2024.03.11-05.37.58:181][ 20]LogNet: Join request: /Game/Maps/Lobby/Lobby?Name=BattleStation-55ED58DE48F09DBA0C94A99F8DC3E2CF?SplitscreenCount=1
[2024.03.11-05.37.58:182][ 20]LogScript: Warning: Accessed None trying to read property CallFunc_Create_ReturnValue
	Lobby_C_C /Game/Maps/Lobby/Lobby.Lobby:PersistentLevel.Lobby_C_C_2147482550
	Function /Game/Maps/Lobby/Blueprint/Lobby_C.Lobby_C_C:ExecuteUbergraph_Lobby_C:005C
[2024.03.11-05.37.58:183][ 20]LogScript: Warning: Script call stack:
	Function /Game/Maps/Lobby/Blueprint/Lobby_C.Lobby_C_C:ReceiveBeginPlay
	Function /Game/Maps/Lobby/Blueprint/Lobby_C.Lobby_C_C:ExecuteUbergraph_Lobby_C

[2024.03.11-05.37.58:184][ 20]LogScript: Warning: Accessed None trying to read property MainMenu_W
	Lobby_C_C /Game/Maps/Lobby/Lobby.Lobby:PersistentLevel.Lobby_C_C_2147482550
	Function /Game/Maps/Lobby/Blueprint/Lobby_C.Lobby_C_C:ExecuteUbergraph_Lobby_C:0264
[2024.03.11-05.37.58:184][ 20]LogScript: Warning: Script call stack:
	Function /Game/Maps/Lobby/Blueprint/Lobby_C.Lobby_C_C:ReceiveBeginPlay
	Function /Game/Maps/Lobby/Blueprint/Lobby_C.Lobby_C_C:ExecuteUbergraph_Lobby_C
	Function /Game/Maps/Lobby/Blueprint/Lobby_C.Lobby_C_C:Server_UpdateLobby
	Function /Game/Maps/Lobby/Blueprint/Lobby_C.Lobby_C_C:ExecuteUbergraph_Lobby_C

[2024.03.11-05.37.58:185][ 20]LogOnlineSession: Warning: OSS: No game present to join for session (GameSession)
[2024.03.11-05.37.58:187][ 20]LogNet: Join succeeded: BattleStation-55ED58
[2024.03.11-05.37.58:187][ 20]LogGameMode: GameMode returned ReadyToStartMatch
[2024.03.11-05.37.58:187][ 20]LogGameMode: Display: Match State Changed from WaitingToStart to InProgress
[2024.03.11-05.37.58:187][ 20]LogGameState: Match State Changed from WaitingToStart to InProgress
[2024.03.11-05.38.10:092][379]LogNet: UChannel::ReceivedSequencedBunch: Bunch.bClose == true. ChIndex == 0. Calling ConditionalCleanUp.
[2024.03.11-05.38.10:092][379]LogNet: UChannel::CleanUp: ChIndex == 0. Closing connection. [UChannel] ChIndex: 0, Closing: 0 [UNetConnection] RemoteAddr: 127.0.0.1:55569, Name: IpConnection_2147482554, Driver: GameNetDriver IpNetDriver_2147482561, IsServer: YES, PC: Lobby_C_C_2147482550, Owner: Lobby_C_C_2147482550, UniqueId: Null:BattleStation-55ED58DE48F09DBA0C94A99F8DC3E2CF
[2024.03.11-05.38.10:092][379]LogNet: UNetConnection::Close: [UNetConnection] RemoteAddr: 127.0.0.1:55569, Name: IpConnection_2147482554, Driver: GameNetDriver IpNetDriver_2147482561, IsServer: YES, PC: Lobby_C_C_2147482550, Owner: Lobby_C_C_2147482550, UniqueId: Null:BattleStation-55ED58DE48F09DBA0C94A99F8DC3E2CF, Channels: 9, Time: 2024.03.11-05.38.10
[2024.03.11-05.38.10:092][379]LogNet: UChannel::Close: Sending CloseBunch. ChIndex == 0. Name: [UChannel] ChIndex: 0, Closing: 0 [UNetConnection] RemoteAddr: 127.0.0.1:55569, Name: IpConnection_2147482554, Driver: GameNetDriver IpNetDriver_2147482561, IsServer: YES, PC: Lobby_C_C_2147482550, Owner: Lobby_C_C_2147482550, UniqueId: Null:BattleStation-55ED58DE48F09DBA0C94A99F8DC3E2CF
[2024.03.11-05.38.10:094][379]LogOnlineSession: Warning: OSS: No game present to leave for session (GameSession)
[2024.03.11-05.38.13:917][495]LogNet: NotifyAcceptingConnection accepted from: 127.0.0.1:55571
[2024.03.11-05.38.13:917][495]LogHandshake: SendConnectChallenge. Timestamp: 16.432211, Cookie: 233195059114018102080087230221224082087000218041166220094059
[2024.03.11-05.38.13:950][496]LogNet: NotifyAcceptingConnection accepted from: 127.0.0.1:55571
[2024.03.11-05.38.13:950][496]LogHandshake: SendChallengeAck. InCookie: 233195059114018102080087230221224082087000218041166220094059
[2024.03.11-05.38.13:950][496]LogNet: Server accepting post-challenge connection from: 127.0.0.1:55571
[2024.03.11-05.38.13:952][496]PacketHandlerLog: Loaded PacketHandler component: Engine.EngineHandlerComponentFactory (StatelessConnectHandlerComponent)
[2024.03.11-05.38.13:952][496]LogNet: NotifyAcceptedConnection: Name: Lobby, TimeStamp: 03/11/24 12:38:13, [UNetConnection] RemoteAddr: 127.0.0.1:55571, Name: IpConnection_2147482527, Driver: GameNetDriver IpNetDriver_2147482561, IsServer: YES, PC: NULL, Owner: NULL, UniqueId: INVALID
[2024.03.11-05.38.13:952][496]LogNet: AddClientConnection: Added client connection: [UNetConnection] RemoteAddr: 127.0.0.1:55571, Name: IpConnection_2147482527, Driver: GameNetDriver IpNetDriver_2147482561, IsServer: YES, PC: NULL, Owner: NULL, UniqueId: INVALID
[2024.03.11-05.38.13:984][497]LogNet: NotifyAcceptingChannel Control 0 server World /Game/Maps/Lobby/Lobby.Lobby: Accepted
[2024.03.11-05.38.13:984][497]LogNet: Remote platform little endian=1
[2024.03.11-05.38.13:984][497]LogNet: This platform little endian=1
[2024.03.11-05.38.14:017][498]LogNet: Login request: ?Name=BattleStation-55ED58DE48F09DBA0C94A99F8DC3E2CF userId: Null:BattleStation-55ED58DE48F09DBA0C94A99F8DC3E2CF platform: Null
[2024.03.11-05.38.14:083][500]LogNet: Client netspeed is 100000
[2024.03.11-05.38.14:083][500]LogNet: Join request: /Game/Maps/Lobby/Lobby?Name=BattleStation-55ED58DE48F09DBA0C94A99F8DC3E2CF?SplitscreenCount=1
[2024.03.11-05.38.14:083][500]LogScript: Warning: Accessed None trying to read property CallFunc_Create_ReturnValue
	Lobby_C_C /Game/Maps/Lobby/Lobby.Lobby:PersistentLevel.Lobby_C_C_2147482523
	Function /Game/Maps/Lobby/Blueprint/Lobby_C.Lobby_C_C:ExecuteUbergraph_Lobby_C:005C
[2024.03.11-05.38.14:084][500]LogScript: Warning: Script call stack:
	Function /Game/Maps/Lobby/Blueprint/Lobby_C.Lobby_C_C:ReceiveBeginPlay
	Function /Game/Maps/Lobby/Blueprint/Lobby_C.Lobby_C_C:ExecuteUbergraph_Lobby_C

[2024.03.11-05.38.14:085][500]LogScript: Warning: Accessed None trying to read property MainMenu_W
	Lobby_C_C /Game/Maps/Lobby/Lobby.Lobby:PersistentLevel.Lobby_C_C_2147482523
	Function /Game/Maps/Lobby/Blueprint/Lobby_C.Lobby_C_C:ExecuteUbergraph_Lobby_C:0264
[2024.03.11-05.38.14:086][500]LogScript: Warning: Script call stack:
	Function /Game/Maps/Lobby/Blueprint/Lobby_C.Lobby_C_C:ReceiveBeginPlay
	Function /Game/Maps/Lobby/Blueprint/Lobby_C.Lobby_C_C:ExecuteUbergraph_Lobby_C
	Function /Game/Maps/Lobby/Blueprint/Lobby_C.Lobby_C_C:Server_UpdateLobby
	Function /Game/Maps/Lobby/Blueprint/Lobby_C.Lobby_C_C:ExecuteUbergraph_Lobby_C

[2024.03.11-05.38.14:087][500]LogScript: Warning: Attempted to access Lobby_C_C_2147482550 via property CallFunc_Array_Get_Item, but Lobby_C_C_2147482550 is pending kill
	Lobby_GM_C /Game/Maps/Lobby/Lobby.Lobby:PersistentLevel.Lobby_GM_C_2147482562
	Function /Game/Maps/Lobby/Blueprint/Lobby_GM.Lobby_GM_C:ExecuteUbergraph_Lobby_GM:02A9
[2024.03.11-05.38.14:087][500]LogScript: Warning: Script call stack:
	Function /Game/Maps/Lobby/Blueprint/Lobby_C.Lobby_C_C:ReceiveBeginPlay
	Function /Game/Maps/Lobby/Blueprint/Lobby_C.Lobby_C_C:ExecuteUbergraph_Lobby_C
	Function /Game/Maps/Lobby/Blueprint/Lobby_C.Lobby_C_C:Server_UpdateLobby
	Function /Game/Maps/Lobby/Blueprint/Lobby_C.Lobby_C_C:ExecuteUbergraph_Lobby_C
	Function /Game/Maps/Lobby/Blueprint/Lobby_GM.Lobby_GM_C:UpdateLobby
	Function /Game/Maps/Lobby/Blueprint/Lobby_GM.Lobby_GM_C:ExecuteUbergraph_Lobby_GM

[2024.03.11-05.38.14:088][500]LogScript: Warning: Attempted to access Lobby_C_C_2147482550 via property CallFunc_Array_Get_Item_2, but Lobby_C_C_2147482550 is pending kill
	Lobby_GM_C /Game/Maps/Lobby/Lobby.Lobby:PersistentLevel.Lobby_GM_C_2147482562
	Function /Game/Maps/Lobby/Blueprint/Lobby_GM.Lobby_GM_C:ExecuteUbergraph_Lobby_GM:0419
[2024.03.11-05.38.14:089][500]LogScript: Warning: Script call stack:
	Function /Game/Maps/Lobby/Blueprint/Lobby_C.Lobby_C_C:ReceiveBeginPlay
	Function /Game/Maps/Lobby/Blueprint/Lobby_C.Lobby_C_C:ExecuteUbergraph_Lobby_C
	Function /Game/Maps/Lobby/Blueprint/Lobby_C.Lobby_C_C:Server_UpdateLobby
	Function /Game/Maps/Lobby/Blueprint/Lobby_C.Lobby_C_C:ExecuteUbergraph_Lobby_C
	Function /Game/Maps/Lobby/Blueprint/Lobby_GM.Lobby_GM_C:UpdateLobby
	Function /Game/Maps/Lobby/Blueprint/Lobby_GM.Lobby_GM_C:ExecuteUbergraph_Lobby_GM

[2024.03.11-05.38.14:089][500]LogOnlineSession: Warning: OSS: No game present to join for session (GameSession)
[2024.03.11-05.38.14:090][500]LogNet: Join succeeded: BattleStation-55ED58
[2024.03.11-05.38.18:215][625]LogNet: UChannel::ReceivedSequencedBunch: Bunch.bClose == true. ChIndex == 0. Calling ConditionalCleanUp.
[2024.03.11-05.38.18:215][625]LogNet: UChannel::CleanUp: ChIndex == 0. Closing connection. [UChannel] ChIndex: 0, Closing: 0 [UNetConnection] RemoteAddr: 127.0.0.1:55571, Name: IpConnection_2147482527, Driver: GameNetDriver IpNetDriver_2147482561, IsServer: YES, PC: Lobby_C_C_2147482523, Owner: Lobby_C_C_2147482523, UniqueId: Null:BattleStation-55ED58DE48F09DBA0C94A99F8DC3E2CF
[2024.03.11-05.38.18:215][625]LogNet: UNetConnection::Close: [UNetConnection] RemoteAddr: 127.0.0.1:55571, Name: IpConnection_2147482527, Driver: GameNetDriver IpNetDriver_2147482561, IsServer: YES, PC: Lobby_C_C_2147482523, Owner: Lobby_C_C_2147482523, UniqueId: Null:BattleStation-55ED58DE48F09DBA0C94A99F8DC3E2CF, Channels: 7, Time: 2024.03.11-05.38.18
[2024.03.11-05.38.18:216][625]LogNet: UChannel::Close: Sending CloseBunch. ChIndex == 0. Name: [UChannel] ChIndex: 0, Closing: 0 [UNetConnection] RemoteAddr: 127.0.0.1:55571, Name: IpConnection_2147482527, Driver: GameNetDriver IpNetDriver_2147482561, IsServer: YES, PC: Lobby_C_C_2147482523, Owner: Lobby_C_C_2147482523, UniqueId: Null:BattleStation-55ED58DE48F09DBA0C94A99F8DC3E2CF
[2024.03.11-05.38.18:216][625]LogOnlineSession: Warning: OSS: No game present to leave for session (GameSession)
[2024.03.11-05.38.19:906][676]LogNet: NotifyAcceptingConnection accepted from: 127.0.0.1:55572
[2024.03.11-05.38.19:906][676]LogHandshake: SendConnectChallenge. Timestamp: 22.421206, Cookie: 167008028074015183190143058216061207218036111032132102249202
[2024.03.11-05.38.19:940][677]LogNet: NotifyAcceptingConnection accepted from: 127.0.0.1:55572
[2024.03.11-05.38.19:940][677]LogHandshake: SendChallengeAck. InCookie: 167008028074015183190143058216061207218036111032132102249202
[2024.03.11-05.38.19:940][677]LogNet: Server accepting post-challenge connection from: 127.0.0.1:55572
[2024.03.11-05.38.19:941][677]PacketHandlerLog: Loaded PacketHandler component: Engine.EngineHandlerComponentFactory (StatelessConnectHandlerComponent)
[2024.03.11-05.38.19:941][677]LogNet: NotifyAcceptedConnection: Name: Lobby, TimeStamp: 03/11/24 12:38:19, [UNetConnection] RemoteAddr: 127.0.0.1:55572, Name: IpConnection_2147482504, Driver: GameNetDriver IpNetDriver_2147482561, IsServer: YES, PC: NULL, Owner: NULL, UniqueId: INVALID
[2024.03.11-05.38.19:941][677]LogNet: AddClientConnection: Added client connection: [UNetConnection] RemoteAddr: 127.0.0.1:55572, Name: IpConnection_2147482504, Driver: GameNetDriver IpNetDriver_2147482561, IsServer: YES, PC: NULL, Owner: NULL, UniqueId: INVALID
[2024.03.11-05.38.19:973][678]LogNet: NotifyAcceptingChannel Control 0 server World /Game/Maps/Lobby/Lobby.Lobby: Accepted
[2024.03.11-05.38.19:973][678]LogNet: Remote platform little endian=1
[2024.03.11-05.38.19:973][678]LogNet: This platform little endian=1
[2024.03.11-05.38.20:007][679]LogNet: Login request: ?Name=BattleStation-55ED58DE48F09DBA0C94A99F8DC3E2CF userId: Null:BattleStation-55ED58DE48F09DBA0C94A99F8DC3E2CF platform: Null
[2024.03.11-05.38.20:073][681]LogNet: Client netspeed is 100000
[2024.03.11-05.38.20:073][681]LogNet: Join request: /Game/Maps/Lobby/Lobby?Name=BattleStation-55ED58DE48F09DBA0C94A99F8DC3E2CF?SplitscreenCount=1
[2024.03.11-05.38.20:073][681]LogScript: Warning: Accessed None trying to read property CallFunc_Create_ReturnValue
	Lobby_C_C /Game/Maps/Lobby/Lobby.Lobby:PersistentLevel.Lobby_C_C_2147482500
	Function /Game/Maps/Lobby/Blueprint/Lobby_C.Lobby_C_C:ExecuteUbergraph_Lobby_C:005C
[2024.03.11-05.38.20:075][681]LogScript: Warning: Script call stack:
	Function /Game/Maps/Lobby/Blueprint/Lobby_C.Lobby_C_C:ReceiveBeginPlay
	Function /Game/Maps/Lobby/Blueprint/Lobby_C.Lobby_C_C:ExecuteUbergraph_Lobby_C

[2024.03.11-05.38.20:076][681]LogScript: Warning: Accessed None trying to read property MainMenu_W
	Lobby_C_C /Game/Maps/Lobby/Lobby.Lobby:PersistentLevel.Lobby_C_C_2147482500
	Function /Game/Maps/Lobby/Blueprint/Lobby_C.Lobby_C_C:ExecuteUbergraph_Lobby_C:0264
[2024.03.11-05.38.20:076][681]LogScript: Warning: Script call stack:
	Function /Game/Maps/Lobby/Blueprint/Lobby_C.Lobby_C_C:ReceiveBeginPlay
	Function /Game/Maps/Lobby/Blueprint/Lobby_C.Lobby_C_C:ExecuteUbergraph_Lobby_C
	Function /Game/Maps/Lobby/Blueprint/Lobby_C.Lobby_C_C:Server_UpdateLobby
	Function /Game/Maps/Lobby/Blueprint/Lobby_C.Lobby_C_C:ExecuteUbergraph_Lobby_C

[2024.03.11-05.38.20:077][681]LogScript: Warning: Attempted to access Lobby_C_C_2147482550 via property CallFunc_Array_Get_Item, but Lobby_C_C_2147482550 is pending kill
	Lobby_GM_C /Game/Maps/Lobby/Lobby.Lobby:PersistentLevel.Lobby_GM_C_2147482562
	Function /Game/Maps/Lobby/Blueprint/Lobby_GM.Lobby_GM_C:ExecuteUbergraph_Lobby_GM:02A9
[2024.03.11-05.38.20:077][681]LogScript: Warning: Script call stack:
	Function /Game/Maps/Lobby/Blueprint/Lobby_C.Lobby_C_C:ReceiveBeginPlay
	Function /Game/Maps/Lobby/Blueprint/Lobby_C.Lobby_C_C:ExecuteUbergraph_Lobby_C
	Function /Game/Maps/Lobby/Blueprint/Lobby_C.Lobby_C_C:Server_UpdateLobby
	Function /Game/Maps/Lobby/Blueprint/Lobby_C.Lobby_C_C:ExecuteUbergraph_Lobby_C
	Function /Game/Maps/Lobby/Blueprint/Lobby_GM.Lobby_GM_C:UpdateLobby
	Function /Game/Maps/Lobby/Blueprint/Lobby_GM.Lobby_GM_C:ExecuteUbergraph_Lobby_GM

[2024.03.11-05.38.20:078][681]LogScript: Warning: Attempted to access Lobby_C_C_2147482523 via property CallFunc_Array_Get_Item, but Lobby_C_C_2147482523 is pending kill
	Lobby_GM_C /Game/Maps/Lobby/Lobby.Lobby:PersistentLevel.Lobby_GM_C_2147482562
	Function /Game/Maps/Lobby/Blueprint/Lobby_GM.Lobby_GM_C:ExecuteUbergraph_Lobby_GM:02A9
[2024.03.11-05.38.20:079][681]LogScript: Warning: Script call stack:
	Function /Game/Maps/Lobby/Blueprint/Lobby_C.Lobby_C_C:ReceiveBeginPlay
	Function /Game/Maps/Lobby/Blueprint/Lobby_C.Lobby_C_C:ExecuteUbergraph_Lobby_C
	Function /Game/Maps/Lobby/Blueprint/Lobby_C.Lobby_C_C:Server_UpdateLobby
	Function /Game/Maps/Lobby/Blueprint/Lobby_C.Lobby_C_C:ExecuteUbergraph_Lobby_C
	Function /Game/Maps/Lobby/Blueprint/Lobby_GM.Lobby_GM_C:UpdateLobby
	Function /Game/Maps/Lobby/Blueprint/Lobby_GM.Lobby_GM_C:ExecuteUbergraph_Lobby_GM

[2024.03.11-05.38.20:079][681]LogScript: Warning: Attempted to access Lobby_C_C_2147482550 via property CallFunc_Array_Get_Item_2, but Lobby_C_C_2147482550 is pending kill
	Lobby_GM_C /Game/Maps/Lobby/Lobby.Lobby:PersistentLevel.Lobby_GM_C_2147482562
	Function /Game/Maps/Lobby/Blueprint/Lobby_GM.Lobby_GM_C:ExecuteUbergraph_Lobby_GM:0419
[2024.03.11-05.38.20:080][681]LogScript: Warning: Script call stack:
	Function /Game/Maps/Lobby/Blueprint/Lobby_C.Lobby_C_C:ReceiveBeginPlay
	Function /Game/Maps/Lobby/Blueprint/Lobby_C.Lobby_C_C:ExecuteUbergraph_Lobby_C
	Function /Game/Maps/Lobby/Blueprint/Lobby_C.Lobby_C_C:Server_UpdateLobby
	Function /Game/Maps/Lobby/Blueprint/Lobby_C.Lobby_C_C:ExecuteUbergraph_Lobby_C
	Function /Game/Maps/Lobby/Blueprint/Lobby_GM.Lobby_GM_C:UpdateLobby
	Function /Game/Maps/Lobby/Blueprint/Lobby_GM.Lobby_GM_C:ExecuteUbergraph_Lobby_GM

[2024.03.11-05.38.20:080][681]LogScript: Warning: Attempted to access Lobby_C_C_2147482523 via property CallFunc_Array_Get_Item_2, but Lobby_C_C_2147482523 is pending kill
	Lobby_GM_C /Game/Maps/Lobby/Lobby.Lobby:PersistentLevel.Lobby_GM_C_2147482562
	Function /Game/Maps/Lobby/Blueprint/Lobby_GM.Lobby_GM_C:ExecuteUbergraph_Lobby_GM:0419
[2024.03.11-05.38.20:082][681]LogScript: Warning: Script call stack:
	Function /Game/Maps/Lobby/Blueprint/Lobby_C.Lobby_C_C:ReceiveBeginPlay
	Function /Game/Maps/Lobby/Blueprint/Lobby_C.Lobby_C_C:ExecuteUbergraph_Lobby_C
	Function /Game/Maps/Lobby/Blueprint/Lobby_C.Lobby_C_C:Server_UpdateLobby
	Function /Game/Maps/Lobby/Blueprint/Lobby_C.Lobby_C_C:ExecuteUbergraph_Lobby_C
	Function /Game/Maps/Lobby/Blueprint/Lobby_GM.Lobby_GM_C:UpdateLobby
	Function /Game/Maps/Lobby/Blueprint/Lobby_GM.Lobby_GM_C:ExecuteUbergraph_Lobby_GM

[2024.03.11-05.38.20:083][681]LogOnlineSession: Warning: OSS: No game present to join for session (GameSession)
[2024.03.11-05.38.20:084][681]LogNet: Join succeeded: BattleStation-55ED58
[2024.03.11-05.38.40:739][305]LogNet: UChannel::ReceivedSequencedBunch: Bunch.bClose == true. ChIndex == 0. Calling ConditionalCleanUp.
